#
# A fatal error has been detected by the Java Runtime Environment:
#
#  SIGSEGV (0xb) at pc=0x00007f6b734ed9f0, pid=27060, tid=27116
#
# JRE version: Java(TM) SE Runtime Environment (11.0.2+7) (build 11.0.2+7-LTS)
# Java VM: Java HotSpot(TM) 64-Bit Server VM (11.0.2+7-LTS, mixed mode, tiered, compressed oops, g1 gc, linux-amd64)
# Problematic frame:
# C  [ld-linux-x86-64.so.2+0x199f0]  __tls_get_addr+0x0
#
# Core dump will be written. Default location: Core dumps may be processed with "/usr/share/apport/apport %p %s %c %d %P" (or dumping to /home/kacper/dev_IntelliJ/Pubspace/core.27060)
#
# If you would like to submit a bug report, please visit:
#   http://bugreport.java.com/bugreport/crash.jsp
#

---------------  S U M M A R Y ------------

Command Line: -javaagent:/home/kacper/Dev/idea-IC-183.4588.61/lib/idea_rt.jar=39881:/home/kacper/Dev/idea-IC-183.4588.61/bin -Dfile.encoding=UTF-8 pl.komorowski.pubspace.PubspaceApplication

Host: AMD Ryzen 7 1700 Eight-Core Processor, 16 cores, 7G, Ubuntu 18.04.1 LTS
Time: Mon Feb  4 22:31:15 2019 CET elapsed time: 3 seconds (0d 0h 0m 3s)

---------------  T H R E A D  ---------------

Current thread (0x00007f6af018e800):  JavaThread "C2 CompilerThread3" daemon [_thread_in_native, id=27116, stack(0x00007f6ae76fb000,0x00007f6ae77fc000)]


Current CompileTask:
C2:   3431 5668       4       org.springframework.asm.MethodVisitor::visitLdcInsn (87 bytes)

Stack: [0x00007f6ae76fb000,0x00007f6ae77fc000],  sp=0x00007f6ae77f7338,  free space=1008k
Native frames: (J=compiled Java code, A=aot compiled Java code, j=interpreted, Vv=VM code, C=native code)
C  [ld-linux-x86-64.so.2+0x199f0]  __tls_get_addr+0x0
V  [libjvm.so+0x62fce3]  Compile::scratch_emit_size(Node const*)+0x343
V  [libjvm.so+0xc193e6]  Compile::shorten_branches(unsigned int*, int&, int&, int&)+0x276
V  [libjvm.so+0xc19df5]  Compile::init_buffer(unsigned int*)+0x185
V  [libjvm.so+0xc22092]  Compile::Output()+0x372
V  [libjvm.so+0x6393d9]  Compile::Code_Gen()+0x4e9
V  [libjvm.so+0x63c6f0]  Compile::Compile(ciEnv*, C2Compiler*, ciMethod*, int, bool, bool, bool, DirectiveSet*)+0xc80
V  [libjvm.so+0x548061]  C2Compiler::compile_method(ciEnv*, ciMethod*, int, DirectiveSet*)+0xb1
V  [libjvm.so+0x64664c]  CompileBroker::invoke_compiler_on_method(CompileTask*)+0x4fc
V  [libjvm.so+0x6481c8]  CompileBroker::compiler_thread_loop()+0x598
V  [libjvm.so+0xdc4bbd]  JavaThread::thread_main_inner()+0x21d
V  [libjvm.so+0xdc4f67]  JavaThread::run()+0x377
V  [libjvm.so+0xc09750]  thread_native_entry(Thread*)+0xf0


siginfo: si_signo: 11 (SIGSEGV), si_code: 1 (SEGV_MAPERR), si_addr: 0x00007f6b74679d50

Register to memory mapping:

RAX=0x0000001000000000 is an unknown value
RBX=0x00007f6ae77f7440 is pointing into the stack for thread: 0x00007f6af018e800
RCX=0x00007f6b7279d230: <offset 0x0000000001398230> in /usr/lib/jvm/java-11-oracle/lib/server/libjvm.so at 0x00007f6b71405000
RDX=0x00007f6ae77f78f0 is pointing into the stack for thread: 0x00007f6af018e800
RSP=0x00007f6ae77f7338 is pointing into the stack for thread: 0x00007f6af018e800
RBP=0x00007f6ae77f73b0 is pointing into the stack for thread: 0x00007f6af018e800
RSI=0x00007f6ae77f7440 is pointing into the stack for thread: 0x00007f6af018e800
RDI=0x00007f6b72802fd0: <offset 0x00000000013fdfd0> in /usr/lib/jvm/java-11-oracle/lib/server/libjvm.so at 0x00007f6b71405000
R8 =0x00007f6b7279d230: <offset 0x0000000001398230> in /usr/lib/jvm/java-11-oracle/lib/server/libjvm.so at 0x00007f6b71405000
R9 =0x00000000000000f8 is an unknown value
R10=0x00007f6b548d6080 is at code_begin+0 in 
[CodeBlob (0x00007f6b548d6010)]
Framesize: 0
BufferBlob (0x00007f6b548d6010) used for Compile::scratch_buffer
R11=0x0000000000000001 is an unknown value
R12=0x00007f6acc4ad498 points into unknown readable memory: 30 d2 79 72 6b 7f 00 00
R13=0x00007f6b548d6080 is at code_begin+0 in 
[CodeBlob (0x00007f6b548d6010)]
Framesize: 0
BufferBlob (0x00007f6b548d6010) used for Compile::scratch_buffer
R14=0x00007f6ae77f7350 is pointing into the stack for thread: 0x00007f6af018e800
R15=0x00007f6b7288d610: <offset 0x0000000001488610> in /usr/lib/jvm/java-11-oracle/lib/server/libjvm.so at 0x00007f6b71405000


Registers:
RAX=0x0000001000000000, RBX=0x00007f6ae77f7440, RCX=0x00007f6b7279d230, RDX=0x00007f6ae77f78f0
RSP=0x00007f6ae77f7338, RBP=0x00007f6ae77f73b0, RSI=0x00007f6ae77f7440, RDI=0x00007f6b72802fd0
R8 =0x00007f6b7279d230, R9 =0x00000000000000f8, R10=0x00007f6b548d6080, R11=0x0000000000000001
R12=0x00007f6acc4ad498, R13=0x00007f6b548d6080, R14=0x00007f6ae77f7350, R15=0x00007f6b7288d610
RIP=0x00007f6b734ed9f0, EFLAGS=0x0000000000010206, CSGSFS=0x002b000000000033, ERR=0x0000000000000004
  TRAPNO=0x000000000000000e

Top of Stack: (sp=0x00007f6ae77f7338)
0x00007f6ae77f7338:   00007f6b7172176d 00007f6ae77f7568
0x00007f6ae77f7348:   00007f6ae77f7370 00007f6ae77f9df0
0x00007f6ae77f7358:   00007f6ae77f7498 00007f6ae77f73b0
0x00007f6ae77f7368:   00007f6ae77f7440 00007f6ae77f7440 

Instructions: (pc=0x00007f6b734ed9f0)
0x00007f6b734ed9d0:   30 48 8b 54 24 38 48 8b 4c 24 40 48 83 c4 48 ff
0x00007f6b734ed9e0:   20 66 2e 0f 1f 84 00 00 00 00 00 0f 1f 44 00 00
0x00007f6b734ed9f0:   64 48 8b 14 25 08 00 00 00 48 8b 05 b8 f5 20 00
0x00007f6b734eda00:   48 39 02 75 16 48 8b 07 48 c1 e0 04 48 8b 04 02 

Stack slot to memory mapping:
stack at sp + 0 slots: 0x00007f6b7172176d: <offset 0x000000000031c76d> in /usr/lib/jvm/java-11-oracle/lib/server/libjvm.so at 0x00007f6b71405000
stack at sp + 1 slots: 0x00007f6ae77f7568 is pointing into the stack for thread: 0x00007f6af018e800
stack at sp + 2 slots: 0x00007f6ae77f7370 is pointing into the stack for thread: 0x00007f6af018e800
stack at sp + 3 slots: 0x00007f6ae77f9df0 is pointing into the stack for thread: 0x00007f6af018e800
stack at sp + 4 slots: 0x00007f6ae77f7498 is pointing into the stack for thread: 0x00007f6af018e800
stack at sp + 5 slots: 0x00007f6ae77f73b0 is pointing into the stack for thread: 0x00007f6af018e800
stack at sp + 6 slots: 0x00007f6ae77f7440 is pointing into the stack for thread: 0x00007f6af018e800
stack at sp + 7 slots: 0x00007f6ae77f7440 is pointing into the stack for thread: 0x00007f6af018e800


---------------  P R O C E S S  ---------------

Threads class SMR info:
_java_thread_list=0x00007f6b0401f540, length=28, elements={
0x00007f6b6c015000, 0x00007f6b6c1e2800, 0x00007f6b6c1e7000, 0x00007f6b6c1f9800,
0x00007f6b6c1fb800, 0x00007f6b6c1fd800, 0x00007f6b6c1ff800, 0x00007f6b6c293000,
0x00007f6b18076800, 0x00007f6b2409f000, 0x00007f6b240b9000, 0x00007f6b6c633000,
0x00007f6b6c637000, 0x00007f6b18131800, 0x00007f6b18133800, 0x00007f6af018e800,
0x00007f6af018f800, 0x00007f6b18400000, 0x00007f6b144d1000, 0x00007f6b14578800,
0x00007f6b20001000, 0x00007f6b6d442000, 0x00007f6b6d496800, 0x00007f6b6d498800,
0x00007f6b6d586800, 0x00007f6ab8001000, 0x00007f6b0401c800, 0x00007f6b0401e800
}

Java Threads: ( => current thread )
  0x00007f6b6c015000 JavaThread "main" [_thread_in_vm, id=27063, stack(0x00007f6b735d8000,0x00007f6b736d9000)]
  0x00007f6b6c1e2800 JavaThread "Reference Handler" daemon [_thread_blocked, id=27073, stack(0x00007f6b43176000,0x00007f6b43277000)]
  0x00007f6b6c1e7000 JavaThread "Finalizer" daemon [_thread_blocked, id=27074, stack(0x00007f6b43075000,0x00007f6b43176000)]
  0x00007f6b6c1f9800 JavaThread "Signal Dispatcher" daemon [_thread_blocked, id=27079, stack(0x00007f6b42474000,0x00007f6b42575000)]
  0x00007f6b6c1fb800 JavaThread "C2 CompilerThread0" daemon [_thread_in_native, id=27080, stack(0x00007f6b42373000,0x00007f6b42474000)]
  0x00007f6b6c1fd800 JavaThread "C1 CompilerThread0" daemon [_thread_blocked, id=27081, stack(0x00007f6b42272000,0x00007f6b42373000)]
  0x00007f6b6c1ff800 JavaThread "Sweeper thread" daemon [_thread_blocked, id=27082, stack(0x00007f6b42171000,0x00007f6b42272000)]
  0x00007f6b6c293000 JavaThread "Common-Cleaner" daemon [_thread_blocked, id=27086, stack(0x00007f6b42070000,0x00007f6b42171000)]
  0x00007f6b18076800 JavaThread "C1 CompilerThread1" daemon [_thread_blocked, id=27087, stack(0x00007f6b41f6f000,0x00007f6b42070000)]
  0x00007f6b2409f000 JavaThread "C2 CompilerThread1" daemon [_thread_blocked, id=27089, stack(0x00007f6b41a45000,0x00007f6b41b46000)]
  0x00007f6b240b9000 JavaThread "C2 CompilerThread2" daemon [_thread_in_native, id=27090, stack(0x00007f6b41944000,0x00007f6b41a45000)]
  0x00007f6b6c633000 JavaThread "Monitor Ctrl-Break" daemon [_thread_in_native, id=27091, stack(0x00007f6b41843000,0x00007f6b41944000)]
  0x00007f6b6c637000 JavaThread "Service Thread" daemon [_thread_blocked, id=27092, stack(0x00007f6b41742000,0x00007f6b41843000)]
  0x00007f6b18131800 JavaThread "C1 CompilerThread2" daemon [_thread_blocked, id=27095, stack(0x00007f6b4133c000,0x00007f6b4143d000)]
  0x00007f6b18133800 JavaThread "C1 CompilerThread3" daemon [_thread_blocked, id=27096, stack(0x00007f6b4123b000,0x00007f6b4133c000)]
=>0x00007f6af018e800 JavaThread "C2 CompilerThread3" daemon [_thread_in_native, id=27116, stack(0x00007f6ae76fb000,0x00007f6ae77fc000)]
  0x00007f6af018f800 JavaThread "C2 CompilerThread4" daemon [_thread_in_native, id=27117, stack(0x00007f6ae73fa000,0x00007f6ae74fb000)]
  0x00007f6b18400000 JavaThread "C2 CompilerThread5" daemon [_thread_in_native, id=27118, stack(0x00007f6ae72f9000,0x00007f6ae73fa000)]
  0x00007f6b144d1000 JavaThread "C2 CompilerThread6" daemon [_thread_in_native, id=27119, stack(0x00007f6ae71f8000,0x00007f6ae72f9000)]
  0x00007f6b14578800 JavaThread "C2 CompilerThread7" daemon [_thread_in_native, id=27120, stack(0x00007f6b40d3a000,0x00007f6b40e3b000)]
  0x00007f6b20001000 JavaThread "Attach Listener" daemon [_thread_blocked, id=27121, stack(0x00007f6ae6ef7000,0x00007f6ae6ff8000)]
  0x00007f6b6d442000 JavaThread "Abandoned connection cleanup thread" daemon [_thread_blocked, id=27122, stack(0x00007f6ae62fe000,0x00007f6ae63ff000)]
  0x00007f6b6d496800 JavaThread "Catalina-utility-1" [_thread_blocked, id=27123, stack(0x00007f6ae5ffd000,0x00007f6ae60fe000)]
  0x00007f6b6d498800 JavaThread "container-0" [_thread_blocked, id=27124, stack(0x00007f6ae5efc000,0x00007f6ae5ffd000)]
  0x00007f6b6d586800 JavaThread "HikariPool-1 housekeeper" daemon [_thread_blocked, id=27125, stack(0x00007f6ae5bfb000,0x00007f6ae5cfc000)]
  0x00007f6ab8001000 JavaThread "HikariPool-1 connection adder" daemon [_thread_blocked, id=27126, stack(0x00007f6ae58fa000,0x00007f6ae59fb000)]
  0x00007f6b0401c800 JavaThread "Thread-1" daemon [_thread_blocked, id=27131, stack(0x00007f6ae51f5000,0x00007f6ae52f6000)]
  0x00007f6b0401e800 JavaThread "SimplePauseDetectorThread_0" daemon [_thread_blocked, id=27132, stack(0x00007f6ae50f4000,0x00007f6ae51f5000)]

Other Threads:
  0x00007f6b6c1da800 VMThread "VM Thread" [stack: 0x00007f6b43279000,0x00007f6b43379000] [id=27071]
  0x00007f6b6c639800 WatcherThread [stack: 0x00007f6b41642000,0x00007f6b41742000] [id=27093]
  0x00007f6b6c03d800 GCTaskThread "GC Thread#0" [stack: 0x00007f6b5450b000,0x00007f6b5460b000] [id=27064]
  0x00007f6b34001000 GCTaskThread "GC Thread#1" [stack: 0x00007f6b40a3a000,0x00007f6b40b3a000] [id=27100]
  0x00007f6b34002800 GCTaskThread "GC Thread#2" [stack: 0x00007f6b40938000,0x00007f6b40a38000] [id=27101]
  0x00007f6b34004000 GCTaskThread "GC Thread#3" [stack: 0x00007f6b40836000,0x00007f6b40936000] [id=27102]
  0x00007f6b34061800 GCTaskThread "GC Thread#4" [stack: 0x00007f6ae55fa000,0x00007f6ae56fa000] [id=27129]
  0x00007f6b34063000 GCTaskThread "GC Thread#5" [stack: 0x00007f6ae54f8000,0x00007f6ae55f8000] [id=27130]
  0x00007f6b6c06f800 ConcurrentGCThread "G1 Main Marker" [stack: 0x00007f6b4acd3000,0x00007f6b4add3000] [id=27065]
  0x00007f6b6c071800 ConcurrentGCThread "G1 Conc#0" [stack: 0x00007f6b4abd1000,0x00007f6b4acd1000] [id=27066]
  0x00007f6b44001000 ConcurrentGCThread "G1 Conc#1" [stack: 0x00007f6ae7d00000,0x00007f6ae7e00000] [id=27110]
  0x00007f6b44002800 ConcurrentGCThread "G1 Conc#2" [stack: 0x00007f6ae7bfe000,0x00007f6ae7cfe000] [id=27111]
  0x00007f6b6c110800 ConcurrentGCThread "G1 Refine#0" [stack: 0x00007f6b43cfe000,0x00007f6b43dfe000] [id=27067]
  0x00007f6b6c112800 ConcurrentGCThread "G1 Young RemSet Sampling" [stack: 0x00007f6b43bfc000,0x00007f6b43cfc000] [id=27068]

Threads with active compile tasks:
C2 CompilerThread05569   !   4       org.springframework.util.ReflectionUtils::doWithMethods (176 bytes)
C2 CompilerThread25678       4       org.springframework.transaction.interceptor.TransactionAttributeSourcePointcut::matches (55 bytes)
C2 CompilerThread35668       4       org.springframework.asm.MethodVisitor::visitLdcInsn (87 bytes)
C2 CompilerThread45509   !   4       org.springframework.core.annotation.AnnotatedElementUtils::searchWithFindSemantics (774 bytes)
C2 CompilerThread55623       4       org.springframework.core.ResolvableType::resolveClass (73 bytes)
C2 CompilerThread65663       4       org.hibernate.validator.internal.util.TypeHelper::resolveTypes (149 bytes)
C2 CompilerThread75504       4       org.springframework.core.ResolvableType::forType (115 bytes)

VM state:not at safepoint (normal execution)

VM Mutex/Monitor currently owned by a thread: None

Heap address: 0x0000000083200000, size: 1998 MB, Compressed Oops mode: 32-bit
Narrow klass base: 0x0000000000000000, Narrow klass shift: 3
Compressed class space size: 1073741824 Address: 0x0000000100000000

Heap:
 garbage-first heap   total 198656K, used 64497K [0x0000000083200000, 0x0000000100000000)
  region size 1024K, 43 young (44032K), 6 survivors (6144K)
 Metaspace       used 63937K, capacity 65365K, committed 65664K, reserved 1105920K
  class space    used 8166K, capacity 8744K, committed 8832K, reserved 1048576K
Heap Regions: E=young(eden), S=young(survivor), O=old, HS=humongous(starts), HC=humongous(continues), CS=collection set, F=free, A=archive, TAMS=top-at-mark-start (previous, next)
|   0|0x0000000083200000, 0x0000000083300000, 0x0000000083300000|100%|HS|  |TAMS 0x0000000083300000, 0x0000000083200000| Complete 
|   1|0x0000000083300000, 0x0000000083400000, 0x0000000083400000|100%| O|  |TAMS 0x0000000083400000, 0x0000000083300000| Untracked 
|   2|0x0000000083400000, 0x0000000083500000, 0x0000000083500000|100%| O|  |TAMS 0x0000000083500000, 0x0000000083400000| Untracked 
|   3|0x0000000083500000, 0x0000000083600000, 0x0000000083600000|100%| O|  |TAMS 0x0000000083600000, 0x0000000083500000| Untracked 
|   4|0x0000000083600000, 0x0000000083700000, 0x0000000083700000|100%| O|  |TAMS 0x0000000083700000, 0x0000000083600000| Untracked 
|   5|0x0000000083700000, 0x0000000083800000, 0x0000000083800000|100%| O|  |TAMS 0x0000000083800000, 0x0000000083700000| Untracked 
|   6|0x0000000083800000, 0x0000000083900000, 0x0000000083900000|100%| O|  |TAMS 0x0000000083900000, 0x0000000083800000| Untracked 
|   7|0x0000000083900000, 0x0000000083a00000, 0x0000000083a00000|100%| O|  |TAMS 0x0000000083a00000, 0x0000000083900000| Untracked 
|   8|0x0000000083a00000, 0x0000000083b00000, 0x0000000083b00000|100%| O|  |TAMS 0x0000000083b00000, 0x0000000083a00000| Untracked 
|   9|0x0000000083b00000, 0x0000000083c00000, 0x0000000083c00000|100%| O|  |TAMS 0x0000000083c00000, 0x0000000083b00000| Untracked 
|  10|0x0000000083c00000, 0x0000000083d00000, 0x0000000083d00000|100%| O|  |TAMS 0x0000000083d00000, 0x0000000083c00000| Untracked 
|  11|0x0000000083d00000, 0x0000000083e00000, 0x0000000083e00000|100%| O|  |TAMS 0x0000000083e00000, 0x0000000083d00000| Untracked 
|  12|0x0000000083e00000, 0x0000000083f00000, 0x0000000083f00000|100%| O|  |TAMS 0x0000000083f00000, 0x0000000083e00000| Untracked 
|  13|0x0000000083f00000, 0x0000000084000000, 0x0000000084000000|100%| O|  |TAMS 0x0000000084000000, 0x0000000083f00000| Untracked 
|  14|0x0000000084000000, 0x0000000084100000, 0x0000000084100000|100%| O|  |TAMS 0x0000000084100000, 0x0000000084000000| Untracked 
|  15|0x0000000084100000, 0x0000000084200000, 0x0000000084200000|100%| O|  |TAMS 0x0000000084200000, 0x0000000084100000| Untracked 
|  16|0x0000000084200000, 0x0000000084300000, 0x0000000084300000|100%| O|  |TAMS 0x0000000084300000, 0x0000000084200000| Untracked 
|  17|0x0000000084300000, 0x0000000084400000, 0x0000000084400000|100%| O|  |TAMS 0x0000000084400000, 0x0000000084300000| Untracked 
|  18|0x0000000084400000, 0x0000000084500000, 0x0000000084500000|100%| O|  |TAMS 0x0000000084500000, 0x0000000084400000| Untracked 
|  19|0x0000000084500000, 0x0000000084600000, 0x0000000084600000|100%| O|  |TAMS 0x0000000084600000, 0x0000000084500000| Untracked 
|  20|0x0000000084600000, 0x00000000846fc600, 0x0000000084700000| 98%| O|  |TAMS 0x00000000846fc600, 0x0000000084600000| Untracked 
|  21|0x0000000084700000, 0x0000000084700000, 0x0000000084800000|  0%| F|  |TAMS 0x0000000084700000, 0x0000000084700000| Untracked 
|  22|0x0000000084800000, 0x0000000084800000, 0x0000000084900000|  0%| F|  |TAMS 0x0000000084800000, 0x0000000084800000| Untracked 
|  23|0x0000000084900000, 0x0000000084900000, 0x0000000084a00000|  0%| F|  |TAMS 0x0000000084900000, 0x0000000084900000| Untracked 
|  24|0x0000000084a00000, 0x0000000084a00000, 0x0000000084b00000|  0%| F|  |TAMS 0x0000000084a00000, 0x0000000084a00000| Untracked 
|  25|0x0000000084b00000, 0x0000000084b00000, 0x0000000084c00000|  0%| F|  |TAMS 0x0000000084b00000, 0x0000000084b00000| Untracked 
|  26|0x0000000084c00000, 0x0000000084c00000, 0x0000000084d00000|  0%| F|  |TAMS 0x0000000084c00000, 0x0000000084c00000| Untracked 
|  27|0x0000000084d00000, 0x0000000084d00000, 0x0000000084e00000|  0%| F|  |TAMS 0x0000000084d00000, 0x0000000084d00000| Untracked 
|  28|0x0000000084e00000, 0x0000000084e00000, 0x0000000084f00000|  0%| F|  |TAMS 0x0000000084e00000, 0x0000000084e00000| Untracked 
|  29|0x0000000084f00000, 0x0000000084f00000, 0x0000000085000000|  0%| F|  |TAMS 0x0000000084f00000, 0x0000000084f00000| Untracked 
|  30|0x0000000085000000, 0x0000000085000000, 0x0000000085100000|  0%| F|  |TAMS 0x0000000085000000, 0x0000000085000000| Untracked 
|  31|0x0000000085100000, 0x0000000085100000, 0x0000000085200000|  0%| F|  |TAMS 0x0000000085100000, 0x0000000085100000| Untracked 
|  32|0x0000000085200000, 0x0000000085200000, 0x0000000085300000|  0%| F|  |TAMS 0x0000000085200000, 0x0000000085200000| Untracked 
|  33|0x0000000085300000, 0x0000000085300000, 0x0000000085400000|  0%| F|  |TAMS 0x0000000085300000, 0x0000000085300000| Untracked 
|  34|0x0000000085400000, 0x0000000085400000, 0x0000000085500000|  0%| F|  |TAMS 0x0000000085400000, 0x0000000085400000| Untracked 
|  35|0x0000000085500000, 0x0000000085500000, 0x0000000085600000|  0%| F|  |TAMS 0x0000000085500000, 0x0000000085500000| Untracked 
|  36|0x0000000085600000, 0x0000000085600000, 0x0000000085700000|  0%| F|  |TAMS 0x0000000085600000, 0x0000000085600000| Untracked 
|  37|0x0000000085700000, 0x0000000085700000, 0x0000000085800000|  0%| F|  |TAMS 0x0000000085700000, 0x0000000085700000| Untracked 
|  38|0x0000000085800000, 0x0000000085800000, 0x0000000085900000|  0%| F|  |TAMS 0x0000000085800000, 0x0000000085800000| Untracked 
|  39|0x0000000085900000, 0x0000000085900000, 0x0000000085a00000|  0%| F|  |TAMS 0x0000000085900000, 0x0000000085900000| Untracked 
|  40|0x0000000085a00000, 0x0000000085a00000, 0x0000000085b00000|  0%| F|  |TAMS 0x0000000085a00000, 0x0000000085a00000| Untracked 
|  41|0x0000000085b00000, 0x0000000085b00000, 0x0000000085c00000|  0%| F|  |TAMS 0x0000000085b00000, 0x0000000085b00000| Untracked 
|  42|0x0000000085c00000, 0x0000000085c00000, 0x0000000085d00000|  0%| F|  |TAMS 0x0000000085c00000, 0x0000000085c00000| Untracked 
|  43|0x0000000085d00000, 0x0000000085d00000, 0x0000000085e00000|  0%| F|  |TAMS 0x0000000085d00000, 0x0000000085d00000| Untracked 
|  44|0x0000000085e00000, 0x0000000085e00000, 0x0000000085f00000|  0%| F|  |TAMS 0x0000000085e00000, 0x0000000085e00000| Untracked 
|  45|0x0000000085f00000, 0x0000000085f00000, 0x0000000086000000|  0%| F|  |TAMS 0x0000000085f00000, 0x0000000085f00000| Untracked 
|  46|0x0000000086000000, 0x0000000086000000, 0x0000000086100000|  0%| F|  |TAMS 0x0000000086000000, 0x0000000086000000| Untracked 
|  47|0x0000000086100000, 0x0000000086100000, 0x0000000086200000|  0%| F|  |TAMS 0x0000000086100000, 0x0000000086100000| Untracked 
|  48|0x0000000086200000, 0x0000000086200000, 0x0000000086300000|  0%| F|  |TAMS 0x0000000086200000, 0x0000000086200000| Untracked 
|  49|0x0000000086300000, 0x0000000086300000, 0x0000000086400000|  0%| F|  |TAMS 0x0000000086300000, 0x0000000086300000| Untracked 
|  50|0x0000000086400000, 0x0000000086400000, 0x0000000086500000|  0%| F|  |TAMS 0x0000000086400000, 0x0000000086400000| Untracked 
|  51|0x0000000086500000, 0x0000000086500000, 0x0000000086600000|  0%| F|  |TAMS 0x0000000086500000, 0x0000000086500000| Untracked 
|  52|0x0000000086600000, 0x0000000086600000, 0x0000000086700000|  0%| F|  |TAMS 0x0000000086600000, 0x0000000086600000| Untracked 
|  53|0x0000000086700000, 0x0000000086700000, 0x0000000086800000|  0%| F|  |TAMS 0x0000000086700000, 0x0000000086700000| Untracked 
|  54|0x0000000086800000, 0x0000000086800000, 0x0000000086900000|  0%| F|  |TAMS 0x0000000086800000, 0x0000000086800000| Untracked 
|  55|0x0000000086900000, 0x0000000086900000, 0x0000000086a00000|  0%| F|  |TAMS 0x0000000086900000, 0x0000000086900000| Untracked 
|  56|0x0000000086a00000, 0x0000000086a00000, 0x0000000086b00000|  0%| F|  |TAMS 0x0000000086a00000, 0x0000000086a00000| Untracked 
|  57|0x0000000086b00000, 0x0000000086b00000, 0x0000000086c00000|  0%| F|  |TAMS 0x0000000086b00000, 0x0000000086b00000| Untracked 
|  58|0x0000000086c00000, 0x0000000086c00000, 0x0000000086d00000|  0%| F|  |TAMS 0x0000000086c00000, 0x0000000086c00000| Untracked 
|  59|0x0000000086d00000, 0x0000000086d00000, 0x0000000086e00000|  0%| F|  |TAMS 0x0000000086d00000, 0x0000000086d00000| Untracked 
|  60|0x0000000086e00000, 0x0000000086e00000, 0x0000000086f00000|  0%| F|  |TAMS 0x0000000086e00000, 0x0000000086e00000| Untracked 
|  61|0x0000000086f00000, 0x0000000086f00000, 0x0000000087000000|  0%| F|  |TAMS 0x0000000086f00000, 0x0000000086f00000| Untracked 
|  62|0x0000000087000000, 0x0000000087000000, 0x0000000087100000|  0%| F|  |TAMS 0x0000000087000000, 0x0000000087000000| Untracked 
|  63|0x0000000087100000, 0x0000000087100000, 0x0000000087200000|  0%| F|  |TAMS 0x0000000087100000, 0x0000000087100000| Untracked 
|  64|0x0000000087200000, 0x0000000087200000, 0x0000000087300000|  0%| F|  |TAMS 0x0000000087200000, 0x0000000087200000| Untracked 
|  65|0x0000000087300000, 0x0000000087300000, 0x0000000087400000|  0%| F|  |TAMS 0x0000000087300000, 0x0000000087300000| Untracked 
|  66|0x0000000087400000, 0x0000000087400000, 0x0000000087500000|  0%| F|  |TAMS 0x0000000087400000, 0x0000000087400000| Untracked 
|  67|0x0000000087500000, 0x0000000087500000, 0x0000000087600000|  0%| F|  |TAMS 0x0000000087500000, 0x0000000087500000| Untracked 
|  68|0x0000000087600000, 0x0000000087600000, 0x0000000087700000|  0%| F|  |TAMS 0x0000000087600000, 0x0000000087600000| Untracked 
|  69|0x0000000087700000, 0x0000000087700000, 0x0000000087800000|  0%| F|  |TAMS 0x0000000087700000, 0x0000000087700000| Untracked 
|  70|0x0000000087800000, 0x0000000087800000, 0x0000000087900000|  0%| F|  |TAMS 0x0000000087800000, 0x0000000087800000| Untracked 
|  71|0x0000000087900000, 0x0000000087900000, 0x0000000087a00000|  0%| F|  |TAMS 0x0000000087900000, 0x0000000087900000| Untracked 
|  72|0x0000000087a00000, 0x0000000087a00000, 0x0000000087b00000|  0%| F|  |TAMS 0x0000000087a00000, 0x0000000087a00000| Untracked 
|  73|0x0000000087b00000, 0x0000000087b00000, 0x0000000087c00000|  0%| F|  |TAMS 0x0000000087b00000, 0x0000000087b00000| Untracked 
|  74|0x0000000087c00000, 0x0000000087c00000, 0x0000000087d00000|  0%| F|  |TAMS 0x0000000087c00000, 0x0000000087c00000| Untracked 
|  75|0x0000000087d00000, 0x0000000087d00000, 0x0000000087e00000|  0%| F|  |TAMS 0x0000000087d00000, 0x0000000087d00000| Untracked 
|  76|0x0000000087e00000, 0x0000000087e00000, 0x0000000087f00000|  0%| F|  |TAMS 0x0000000087e00000, 0x0000000087e00000| Untracked 
|  77|0x0000000087f00000, 0x0000000087f00000, 0x0000000088000000|  0%| F|  |TAMS 0x0000000087f00000, 0x0000000087f00000| Untracked 
|  78|0x0000000088000000, 0x0000000088000000, 0x0000000088100000|  0%| F|  |TAMS 0x0000000088000000, 0x0000000088000000| Untracked 
|  79|0x0000000088100000, 0x0000000088100000, 0x0000000088200000|  0%| F|  |TAMS 0x0000000088100000, 0x0000000088100000| Untracked 
|  80|0x0000000088200000, 0x0000000088200000, 0x0000000088300000|  0%| F|  |TAMS 0x0000000088200000, 0x0000000088200000| Untracked 
|  81|0x0000000088300000, 0x0000000088300000, 0x0000000088400000|  0%| F|  |TAMS 0x0000000088300000, 0x0000000088300000| Untracked 
|  82|0x0000000088400000, 0x0000000088400000, 0x0000000088500000|  0%| F|  |TAMS 0x0000000088400000, 0x0000000088400000| Untracked 
|  83|0x0000000088500000, 0x0000000088500000, 0x0000000088600000|  0%| F|  |TAMS 0x0000000088500000, 0x0000000088500000| Untracked 
|  84|0x0000000088600000, 0x0000000088600000, 0x0000000088700000|  0%| F|  |TAMS 0x0000000088600000, 0x0000000088600000| Untracked 
|  85|0x0000000088700000, 0x0000000088700000, 0x0000000088800000|  0%| F|  |TAMS 0x0000000088700000, 0x0000000088700000| Untracked 
|  86|0x0000000088800000, 0x0000000088800000, 0x0000000088900000|  0%| F|  |TAMS 0x0000000088800000, 0x0000000088800000| Untracked 
|  87|0x0000000088900000, 0x0000000088900000, 0x0000000088a00000|  0%| F|  |TAMS 0x0000000088900000, 0x0000000088900000| Untracked 
|  88|0x0000000088a00000, 0x0000000088a00000, 0x0000000088b00000|  0%| F|  |TAMS 0x0000000088a00000, 0x0000000088a00000| Untracked 
|  89|0x0000000088b00000, 0x0000000088b00000, 0x0000000088c00000|  0%| F|  |TAMS 0x0000000088b00000, 0x0000000088b00000| Untracked 
|  90|0x0000000088c00000, 0x0000000088c00000, 0x0000000088d00000|  0%| F|  |TAMS 0x0000000088c00000, 0x0000000088c00000| Untracked 
|  91|0x0000000088d00000, 0x0000000088d00000, 0x0000000088e00000|  0%| F|  |TAMS 0x0000000088d00000, 0x0000000088d00000| Untracked 
|  92|0x0000000088e00000, 0x0000000088e00000, 0x0000000088f00000|  0%| F|  |TAMS 0x0000000088e00000, 0x0000000088e00000| Untracked 
|  93|0x0000000088f00000, 0x0000000088f00000, 0x0000000089000000|  0%| F|  |TAMS 0x0000000088f00000, 0x0000000088f00000| Untracked 
|  94|0x0000000089000000, 0x0000000089000000, 0x0000000089100000|  0%| F|  |TAMS 0x0000000089000000, 0x0000000089000000| Untracked 
|  95|0x0000000089100000, 0x0000000089100000, 0x0000000089200000|  0%| F|  |TAMS 0x0000000089100000, 0x0000000089100000| Untracked 
|  96|0x0000000089200000, 0x0000000089200000, 0x0000000089300000|  0%| F|  |TAMS 0x0000000089200000, 0x0000000089200000| Untracked 
|  97|0x0000000089300000, 0x0000000089300000, 0x0000000089400000|  0%| F|  |TAMS 0x0000000089300000, 0x0000000089300000| Untracked 
|  98|0x0000000089400000, 0x0000000089400000, 0x0000000089500000|  0%| F|  |TAMS 0x0000000089400000, 0x0000000089400000| Untracked 
|  99|0x0000000089500000, 0x0000000089500000, 0x0000000089600000|  0%| F|  |TAMS 0x0000000089500000, 0x0000000089500000| Untracked 
| 100|0x0000000089600000, 0x0000000089600000, 0x0000000089700000|  0%| F|  |TAMS 0x0000000089600000, 0x0000000089600000| Untracked 
| 101|0x0000000089700000, 0x0000000089700000, 0x0000000089800000|  0%| F|  |TAMS 0x0000000089700000, 0x0000000089700000| Untracked 
| 102|0x0000000089800000, 0x0000000089800000, 0x0000000089900000|  0%| F|  |TAMS 0x0000000089800000, 0x0000000089800000| Untracked 
| 103|0x0000000089900000, 0x0000000089900000, 0x0000000089a00000|  0%| F|  |TAMS 0x0000000089900000, 0x0000000089900000| Untracked 
| 104|0x0000000089a00000, 0x0000000089a00000, 0x0000000089b00000|  0%| F|  |TAMS 0x0000000089a00000, 0x0000000089a00000| Untracked 
| 105|0x0000000089b00000, 0x0000000089b00000, 0x0000000089c00000|  0%| F|  |TAMS 0x0000000089b00000, 0x0000000089b00000| Untracked 
| 106|0x0000000089c00000, 0x0000000089c00000, 0x0000000089d00000|  0%| F|  |TAMS 0x0000000089c00000, 0x0000000089c00000| Untracked 
| 107|0x0000000089d00000, 0x0000000089d00000, 0x0000000089e00000|  0%| F|  |TAMS 0x0000000089d00000, 0x0000000089d00000| Untracked 
| 108|0x0000000089e00000, 0x0000000089e00000, 0x0000000089f00000|  0%| F|  |TAMS 0x0000000089e00000, 0x0000000089e00000| Untracked 
| 109|0x0000000089f00000, 0x0000000089f00000, 0x000000008a000000|  0%| F|  |TAMS 0x0000000089f00000, 0x0000000089f00000| Untracked 
| 110|0x000000008a000000, 0x000000008a000000, 0x000000008a100000|  0%| F|  |TAMS 0x000000008a000000, 0x000000008a000000| Untracked 
| 111|0x000000008a100000, 0x000000008a100000, 0x000000008a200000|  0%| F|  |TAMS 0x000000008a100000, 0x000000008a100000| Untracked 
| 112|0x000000008a200000, 0x000000008a200000, 0x000000008a300000|  0%| F|  |TAMS 0x000000008a200000, 0x000000008a200000| Untracked 
| 113|0x000000008a300000, 0x000000008a400000, 0x000000008a400000|100%| S|CS|TAMS 0x000000008a300000, 0x000000008a300000| Complete 
| 114|0x000000008a400000, 0x000000008a500000, 0x000000008a500000|100%| S|CS|TAMS 0x000000008a400000, 0x000000008a400000| Complete 
| 115|0x000000008a500000, 0x000000008a600000, 0x000000008a600000|100%| S|CS|TAMS 0x000000008a500000, 0x000000008a500000| Complete 
| 116|0x000000008a600000, 0x000000008a700000, 0x000000008a700000|100%| S|CS|TAMS 0x000000008a600000, 0x000000008a600000| Complete 
| 117|0x000000008a700000, 0x000000008a800000, 0x000000008a800000|100%| S|CS|TAMS 0x000000008a700000, 0x000000008a700000| Complete 
| 118|0x000000008a800000, 0x000000008a900000, 0x000000008a900000|100%| S|CS|TAMS 0x000000008a800000, 0x000000008a800000| Complete 
| 119|0x000000008a900000, 0x000000008a900000, 0x000000008aa00000|  0%| F|  |TAMS 0x000000008a900000, 0x000000008a900000| Untracked 
| 120|0x000000008aa00000, 0x000000008aa00000, 0x000000008ab00000|  0%| F|  |TAMS 0x000000008aa00000, 0x000000008aa00000| Untracked 
| 121|0x000000008ab00000, 0x000000008ab00000, 0x000000008ac00000|  0%| F|  |TAMS 0x000000008ab00000, 0x000000008ab00000| Untracked 
| 122|0x000000008ac00000, 0x000000008ac00000, 0x000000008ad00000|  0%| F|  |TAMS 0x000000008ac00000, 0x000000008ac00000| Untracked 
| 123|0x000000008ad00000, 0x000000008ad00000, 0x000000008ae00000|  0%| F|  |TAMS 0x000000008ad00000, 0x000000008ad00000| Untracked 
| 124|0x000000008ae00000, 0x000000008ae00000, 0x000000008af00000|  0%| F|  |TAMS 0x000000008ae00000, 0x000000008ae00000| Untracked 
| 125|0x000000008af00000, 0x000000008af00000, 0x000000008b000000|  0%| F|  |TAMS 0x000000008af00000, 0x000000008af00000| Untracked 
| 126|0x000000008b000000, 0x000000008b000000, 0x000000008b100000|  0%| F|  |TAMS 0x000000008b000000, 0x000000008b000000| Untracked 
| 127|0x000000008b100000, 0x000000008b100000, 0x000000008b200000|  0%| F|  |TAMS 0x000000008b100000, 0x000000008b100000| Untracked 
| 128|0x000000008b200000, 0x000000008b200000, 0x000000008b300000|  0%| F|  |TAMS 0x000000008b200000, 0x000000008b200000| Untracked 
| 129|0x000000008b300000, 0x000000008b300000, 0x000000008b400000|  0%| F|  |TAMS 0x000000008b300000, 0x000000008b300000| Untracked 
| 130|0x000000008b400000, 0x000000008b400000, 0x000000008b500000|  0%| F|  |TAMS 0x000000008b400000, 0x000000008b400000| Untracked 
| 131|0x000000008b500000, 0x000000008b500000, 0x000000008b600000|  0%| F|  |TAMS 0x000000008b500000, 0x000000008b500000| Untracked 
| 132|0x000000008b600000, 0x000000008b600000, 0x000000008b700000|  0%| F|  |TAMS 0x000000008b600000, 0x000000008b600000| Untracked 
| 133|0x000000008b700000, 0x000000008b700000, 0x000000008b800000|  0%| F|  |TAMS 0x000000008b700000, 0x000000008b700000| Untracked 
| 134|0x000000008b800000, 0x000000008b800000, 0x000000008b900000|  0%| F|  |TAMS 0x000000008b800000, 0x000000008b800000| Untracked 
| 135|0x000000008b900000, 0x000000008b900000, 0x000000008ba00000|  0%| F|  |TAMS 0x000000008b900000, 0x000000008b900000| Untracked 
| 136|0x000000008ba00000, 0x000000008ba00000, 0x000000008bb00000|  0%| F|  |TAMS 0x000000008ba00000, 0x000000008ba00000| Untracked 
| 137|0x000000008bb00000, 0x000000008bb00000, 0x000000008bc00000|  0%| F|  |TAMS 0x000000008bb00000, 0x000000008bb00000| Untracked 
| 138|0x000000008bc00000, 0x000000008bc00000, 0x000000008bd00000|  0%| F|  |TAMS 0x000000008bc00000, 0x000000008bc00000| Untracked 
| 139|0x000000008bd00000, 0x000000008bd00000, 0x000000008be00000|  0%| F|  |TAMS 0x000000008bd00000, 0x000000008bd00000| Untracked 
| 140|0x000000008be00000, 0x000000008be00000, 0x000000008bf00000|  0%| F|  |TAMS 0x000000008be00000, 0x000000008be00000| Untracked 
| 141|0x000000008bf00000, 0x000000008bf00000, 0x000000008c000000|  0%| F|  |TAMS 0x000000008bf00000, 0x000000008bf00000| Untracked 
| 142|0x000000008c000000, 0x000000008c000000, 0x000000008c100000|  0%| F|  |TAMS 0x000000008c000000, 0x000000008c000000| Untracked 
| 143|0x000000008c100000, 0x000000008c100000, 0x000000008c200000|  0%| F|  |TAMS 0x000000008c100000, 0x000000008c100000| Untracked 
| 144|0x000000008c200000, 0x000000008c200000, 0x000000008c300000|  0%| F|  |TAMS 0x000000008c200000, 0x000000008c200000| Untracked 
| 145|0x000000008c300000, 0x000000008c300000, 0x000000008c400000|  0%| F|  |TAMS 0x000000008c300000, 0x000000008c300000| Untracked 
| 146|0x000000008c400000, 0x000000008c400000, 0x000000008c500000|  0%| F|  |TAMS 0x000000008c400000, 0x000000008c400000| Untracked 
| 147|0x000000008c500000, 0x000000008c500000, 0x000000008c600000|  0%| F|  |TAMS 0x000000008c500000, 0x000000008c500000| Untracked 
| 148|0x000000008c600000, 0x000000008c600000, 0x000000008c700000|  0%| F|  |TAMS 0x000000008c600000, 0x000000008c600000| Untracked 
| 149|0x000000008c700000, 0x000000008c700000, 0x000000008c800000|  0%| F|  |TAMS 0x000000008c700000, 0x000000008c700000| Untracked 
| 150|0x000000008c800000, 0x000000008c800000, 0x000000008c900000|  0%| F|  |TAMS 0x000000008c800000, 0x000000008c800000| Untracked 
| 151|0x000000008c900000, 0x000000008c900000, 0x000000008ca00000|  0%| F|  |TAMS 0x000000008c900000, 0x000000008c900000| Untracked 
| 152|0x000000008ca00000, 0x000000008ca00000, 0x000000008cb00000|  0%| F|  |TAMS 0x000000008ca00000, 0x000000008ca00000| Untracked 
| 153|0x000000008cb00000, 0x000000008cb00000, 0x000000008cc00000|  0%| F|  |TAMS 0x000000008cb00000, 0x000000008cb00000| Untracked 
| 154|0x000000008cc00000, 0x000000008cc00000, 0x000000008cd00000|  0%| F|  |TAMS 0x000000008cc00000, 0x000000008cc00000| Untracked 
| 155|0x000000008cd00000, 0x000000008cd00000, 0x000000008ce00000|  0%| F|  |TAMS 0x000000008cd00000, 0x000000008cd00000| Untracked 
| 156|0x000000008ce00000, 0x000000008ce00000, 0x000000008cf00000|  0%| F|  |TAMS 0x000000008ce00000, 0x000000008ce00000| Untracked 
| 157|0x000000008cf00000, 0x000000008d000000, 0x000000008d000000|100%| E|  |TAMS 0x000000008cf00000, 0x000000008cf00000| Complete 
| 158|0x000000008d000000, 0x000000008d100000, 0x000000008d100000|100%| E|CS|TAMS 0x000000008d000000, 0x000000008d000000| Complete 
| 159|0x000000008d100000, 0x000000008d200000, 0x000000008d200000|100%| E|CS|TAMS 0x000000008d100000, 0x000000008d100000| Complete 
| 160|0x000000008d200000, 0x000000008d300000, 0x000000008d300000|100%| E|CS|TAMS 0x000000008d200000, 0x000000008d200000| Complete 
| 161|0x000000008d300000, 0x000000008d400000, 0x000000008d400000|100%| E|CS|TAMS 0x000000008d300000, 0x000000008d300000| Complete 
| 162|0x000000008d400000, 0x000000008d500000, 0x000000008d500000|100%| E|CS|TAMS 0x000000008d400000, 0x000000008d400000| Complete 
| 163|0x000000008d500000, 0x000000008d600000, 0x000000008d600000|100%| E|CS|TAMS 0x000000008d500000, 0x000000008d500000| Complete 
| 164|0x000000008d600000, 0x000000008d700000, 0x000000008d700000|100%| E|CS|TAMS 0x000000008d600000, 0x000000008d600000| Complete 
| 165|0x000000008d700000, 0x000000008d800000, 0x000000008d800000|100%| E|CS|TAMS 0x000000008d700000, 0x000000008d700000| Complete 
| 166|0x000000008d800000, 0x000000008d900000, 0x000000008d900000|100%| E|CS|TAMS 0x000000008d800000, 0x000000008d800000| Complete 
| 167|0x000000008d900000, 0x000000008da00000, 0x000000008da00000|100%| E|CS|TAMS 0x000000008d900000, 0x000000008d900000| Complete 
| 168|0x000000008da00000, 0x000000008db00000, 0x000000008db00000|100%| E|CS|TAMS 0x000000008da00000, 0x000000008da00000| Complete 
| 169|0x000000008db00000, 0x000000008dc00000, 0x000000008dc00000|100%| E|CS|TAMS 0x000000008db00000, 0x000000008db00000| Complete 
| 170|0x000000008dc00000, 0x000000008dd00000, 0x000000008dd00000|100%| E|CS|TAMS 0x000000008dc00000, 0x000000008dc00000| Complete 
| 171|0x000000008dd00000, 0x000000008de00000, 0x000000008de00000|100%| E|CS|TAMS 0x000000008dd00000, 0x000000008dd00000| Complete 
| 172|0x000000008de00000, 0x000000008df00000, 0x000000008df00000|100%| E|CS|TAMS 0x000000008de00000, 0x000000008de00000| Complete 
| 173|0x000000008df00000, 0x000000008e000000, 0x000000008e000000|100%| E|CS|TAMS 0x000000008df00000, 0x000000008df00000| Complete 
| 174|0x000000008e000000, 0x000000008e100000, 0x000000008e100000|100%| E|CS|TAMS 0x000000008e000000, 0x000000008e000000| Complete 
| 175|0x000000008e100000, 0x000000008e200000, 0x000000008e200000|100%| E|CS|TAMS 0x000000008e100000, 0x000000008e100000| Complete 
| 176|0x000000008e200000, 0x000000008e300000, 0x000000008e300000|100%| E|CS|TAMS 0x000000008e200000, 0x000000008e200000| Complete 
| 177|0x000000008e300000, 0x000000008e400000, 0x000000008e400000|100%| E|CS|TAMS 0x000000008e300000, 0x000000008e300000| Complete 
| 178|0x000000008e400000, 0x000000008e500000, 0x000000008e500000|100%| E|CS|TAMS 0x000000008e400000, 0x000000008e400000| Complete 
| 179|0x000000008e500000, 0x000000008e600000, 0x000000008e600000|100%| E|CS|TAMS 0x000000008e500000, 0x000000008e500000| Complete 
| 180|0x000000008e600000, 0x000000008e700000, 0x000000008e700000|100%| E|CS|TAMS 0x000000008e600000, 0x000000008e600000| Complete 
| 181|0x000000008e700000, 0x000000008e800000, 0x000000008e800000|100%| E|CS|TAMS 0x000000008e700000, 0x000000008e700000| Complete 
| 182|0x000000008e800000, 0x000000008e900000, 0x000000008e900000|100%| E|CS|TAMS 0x000000008e800000, 0x000000008e800000| Complete 
| 183|0x000000008e900000, 0x000000008ea00000, 0x000000008ea00000|100%| E|CS|TAMS 0x000000008e900000, 0x000000008e900000| Complete 
| 184|0x000000008ea00000, 0x000000008eb00000, 0x000000008eb00000|100%| E|CS|TAMS 0x000000008ea00000, 0x000000008ea00000| Complete 
| 185|0x000000008eb00000, 0x000000008ec00000, 0x000000008ec00000|100%| E|CS|TAMS 0x000000008eb00000, 0x000000008eb00000| Complete 
| 186|0x000000008ec00000, 0x000000008ed00000, 0x000000008ed00000|100%| E|CS|TAMS 0x000000008ec00000, 0x000000008ec00000| Complete 
| 187|0x000000008ed00000, 0x000000008ee00000, 0x000000008ee00000|100%| E|CS|TAMS 0x000000008ed00000, 0x000000008ed00000| Complete 
| 188|0x000000008ee00000, 0x000000008ef00000, 0x000000008ef00000|100%| E|CS|TAMS 0x000000008ee00000, 0x000000008ee00000| Complete 
| 189|0x000000008ef00000, 0x000000008f000000, 0x000000008f000000|100%| E|CS|TAMS 0x000000008ef00000, 0x000000008ef00000| Complete 
| 190|0x000000008f000000, 0x000000008f100000, 0x000000008f100000|100%| E|CS|TAMS 0x000000008f000000, 0x000000008f000000| Complete 
| 191|0x000000008f100000, 0x000000008f200000, 0x000000008f200000|100%| E|CS|TAMS 0x000000008f100000, 0x000000008f100000| Complete 
| 192|0x000000008f200000, 0x000000008f300000, 0x000000008f300000|100%| E|CS|TAMS 0x000000008f200000, 0x000000008f200000| Complete 
| 193|0x000000008f300000, 0x000000008f400000, 0x000000008f400000|100%| E|CS|TAMS 0x000000008f300000, 0x000000008f300000| Complete 

Card table byte_map: [0x00007f6b4f02a000,0x00007f6b4f411000] _byte_map_base: 0x00007f6b4ec11000

Marking Bits (Prev, Next): (CMBitMap*) 0x00007f6b6c066c90, (CMBitMap*) 0x00007f6b6c066c58
 Prev Bits: [0x00007f6b4add3000, 0x00007f6b4cd0b000)
 Next Bits: [0x00007f6b4cd0b000, 0x00007f6b4ec43000)

Polling page: 0x00007f6b736f9000

Metaspace:

Usage:
  Non-class:     55,30 MB capacity,    54,47 MB ( 99%) used,   664,58 KB (  1%) free+waste,   184,00 KB ( <1%) overhead. 
      Class:      8,54 MB capacity,     7,98 MB ( 93%) used,   491,04 KB (  6%) free+waste,    85,94 KB ( <1%) overhead. 
       Both:     63,84 MB capacity,    62,45 MB ( 98%) used,     1,13 MB (  2%) free+waste,   269,94 KB ( <1%) overhead. 

Virtual space:
  Non-class space:       56,00 MB reserved,      55,50 MB (>99%) committed 
      Class space:        1,00 GB reserved,       8,62 MB ( <1%) committed 
             Both:        1,05 GB reserved,      64,12 MB (  6%) committed 

Chunk freelists:
   Non-Class:  256 bytes
       Class:  2,88 KB
        Both:  3,12 KB

CodeHeap 'non-profiled nmethods': size=119172Kb used=4101Kb max_used=4101Kb free=115070Kb
 bounds [0x00007f6b5c1aa000, 0x00007f6b5c5ba000, 0x00007f6b6360b000]
CodeHeap 'profiled nmethods': size=119172Kb used=13377Kb max_used=13377Kb free=105794Kb
 bounds [0x00007f6b54d49000, 0x00007f6b55a69000, 0x00007f6b5c1aa000]
CodeHeap 'non-nmethods': size=7416Kb used=2900Kb max_used=2953Kb free=4515Kb
 bounds [0x00007f6b5460b000, 0x00007f6b548fb000, 0x00007f6b54d49000]
 total_blobs=7841 nmethods=5577 adapters=491
 compilation: enabled
              stopped_count=0, restarted_count=0
 full_count=0

Compilation events (10 events):
Event: 3,404 Thread 0x00007f6b6c1fd800 nmethod 5667 0x00007f6b55a3fc90 code [0x00007f6b55a40000, 0x00007f6b55a41b08]
Event: 3,405 Thread 0x00007f6b2409f000 5670       4       org.springframework.util.CollectionUtils::isEmpty (19 bytes)
Event: 3,406 Thread 0x00007f6b240b9000 5671       4       java.lang.reflect.Method::getDeclaredAnnotations (5 bytes)
Event: 3,406 Thread 0x00007f6b2409f000 nmethod 5670 0x00007f6b5c59bb10 code [0x00007f6b5c59bca0, 0x00007f6b5c59bd18]
Event: 3,407 Thread 0x00007f6b18133800 5672       3       org.springframework.core.io.ResourceEditor::<init> (8 bytes)
Event: 3,407 Thread 0x00007f6b18131800 5673       3       org.springframework.core.io.ResourceEditor::<init> (26 bytes)
Event: 3,407 Thread 0x00007f6b18131800 nmethod 5673 0x00007f6b55a42410 code [0x00007f6b55a42600, 0x00007f6b55a42b48]
Event: 3,407 Thread 0x00007f6b18133800 nmethod 5672 0x00007f6b55a42d10 code [0x00007f6b55a42f00, 0x00007f6b55a434a8]
Event: 3,413 Thread 0x00007f6b18076800 5674       3       org.springframework.cglib.core.TypeUtils::fromInternalName (28 bytes)
Event: 3,413 Thread 0x00007f6b18076800 nmethod 5674 0x00007f6b55a43690 code [0x00007f6b55a43920, 0x00007f6b55a442e8]

GC Heap History (10 events):
Event: 1,350 GC heap before
{Heap before GC invocations=5 (full 0):
 garbage-first heap   total 129024K, used 70918K [0x0000000083200000, 0x0000000100000000)
  region size 1024K, 62 young (63488K), 3 survivors (3072K)
 Metaspace       used 33606K, capacity 34453K, committed 34560K, reserved 1079296K
  class space    used 3957K, capacity 4322K, committed 4352K, reserved 1048576K
}
Event: 1,357 GC heap after
{Heap after GC invocations=6 (full 0):
 garbage-first heap   total 155648K, used 14459K [0x0000000083200000, 0x0000000100000000)
  region size 1024K, 7 young (7168K), 7 survivors (7168K)
 Metaspace       used 33606K, capacity 34453K, committed 34560K, reserved 1079296K
  class space    used 3957K, capacity 4322K, committed 4352K, reserved 1048576K
}
Event: 1,480 GC heap before
{Heap before GC invocations=6 (full 0):
 garbage-first heap   total 155648K, used 26747K [0x0000000083200000, 0x0000000100000000)
  region size 1024K, 20 young (20480K), 7 survivors (7168K)
 Metaspace       used 34832K, capacity 35652K, committed 35840K, reserved 1081344K
  class space    used 4068K, capacity 4422K, committed 4480K, reserved 1048576K
}
Event: 1,489 GC heap after
{Heap after GC invocations=7 (full 0):
 garbage-first heap   total 155648K, used 15718K [0x0000000083200000, 0x0000000100000000)
  region size 1024K, 6 young (6144K), 6 survivors (6144K)
 Metaspace       used 34832K, capacity 35652K, committed 35840K, reserved 1081344K
  class space    used 4068K, capacity 4422K, committed 4480K, reserved 1048576K
}
Event: 1,995 GC heap before
{Heap before GC invocations=8 (full 0):
 garbage-first heap   total 155648K, used 99686K [0x0000000083200000, 0x0000000100000000)
  region size 1024K, 89 young (91136K), 6 survivors (6144K)
 Metaspace       used 41007K, capacity 41980K, committed 42112K, reserved 1085440K
  class space    used 4827K, capacity 5195K, committed 5248K, reserved 1048576K
}
Event: 2,004 GC heap after
{Heap after GC invocations=9 (full 0):
 garbage-first heap   total 155648K, used 22186K [0x0000000083200000, 0x0000000100000000)
  region size 1024K, 12 young (12288K), 12 survivors (12288K)
 Metaspace       used 41007K, capacity 41980K, committed 42112K, reserved 1085440K
  class space    used 4827K, capacity 5195K, committed 5248K, reserved 1048576K
}
Event: 2,759 GC heap before
{Heap before GC invocations=9 (full 0):
 garbage-first heap   total 155648K, used 103082K [0x0000000083200000, 0x0000000100000000)
  region size 1024K, 91 young (93184K), 12 survivors (12288K)
 Metaspace       used 52616K, capacity 53820K, committed 54144K, reserved 1095680K
  class space    used 6496K, capacity 6946K, committed 7040K, reserved 1048576K
}
Event: 2,768 GC heap after
{Heap after GC invocations=10 (full 0):
 garbage-first heap   total 155648K, used 27233K [0x0000000083200000, 0x0000000100000000)
  region size 1024K, 6 young (6144K), 6 survivors (6144K)
 Metaspace       used 52616K, capacity 53820K, committed 54144K, reserved 1095680K
  class space    used 6496K, capacity 6946K, committed 7040K, reserved 1048576K
}
Event: 3,040 GC heap before
{Heap before GC invocations=10 (full 0):
 garbage-first heap   total 155648K, used 60001K [0x0000000083200000, 0x0000000100000000)
  region size 1024K, 39 young (39936K), 6 survivors (6144K)
 Metaspace       used 58619K, capacity 59828K, committed 60160K, reserved 1101824K
  class space    used 7396K, capacity 7876K, committed 7936K, reserved 1048576K
}
Event: 3,045 GC heap after
{Heap after GC invocations=11 (full 0):
 garbage-first heap   total 198656K, used 27633K [0x0000000083200000, 0x0000000100000000)
  region size 1024K, 6 young (6144K), 6 survivors (6144K)
 Metaspace       used 58619K, capacity 59828K, committed 60160K, reserved 1101824K
  class space    used 7396K, capacity 7876K, committed 7936K, reserved 1048576K
}

Deoptimization events (10 events):
Event: 3,181 Thread 0x00007f6b6c015000 Uncommon trap: reason=class_check action=maybe_recompile pc=0x00007f6b5c4872cc method=org.springframework.beans.factory.support.AbstractBeanFactory.isTypeMatch(Ljava/lang/String;Lorg/springframework/core/ResolvableType;)Z @ 47 c2
Event: 3,241 Thread 0x00007f6b6c015000 Uncommon trap: reason=speculate_null_assert action=make_not_entrant pc=0x00007f6b5c2918dc method=org.springframework.util.ConcurrentReferenceHashMap$Segment.restructureIfNecessary(Z)V @ 33 c2
Event: 3,261 Thread 0x00007f6b6c015000 Uncommon trap: reason=predicate action=maybe_recompile pc=0x00007f6b5c503578 method=org.springframework.util.ReflectionUtils.doWithMethods(Ljava/lang/Class;Lorg/springframework/util/ReflectionUtils$MethodCallback;Lorg/springframework/util/ReflectionUtils$
Event: 3,263 Thread 0x00007f6b6c015000 Uncommon trap: reason=class_check action=maybe_recompile pc=0x00007f6b5c1d1a28 method=org.springframework.core.annotation.AnnotationUtils.hasPlainJavaAnnotationsOnly(Ljava/lang/Object;)Z @ 16 c2
Event: 3,263 Thread 0x00007f6b6c015000 Uncommon trap: reason=class_check action=maybe_recompile pc=0x00007f6b5c1d1a28 method=org.springframework.core.annotation.AnnotationUtils.hasPlainJavaAnnotationsOnly(Ljava/lang/Object;)Z @ 16 c2
Event: 3,266 Thread 0x00007f6b6c015000 Uncommon trap: reason=class_check action=maybe_recompile pc=0x00007f6b5c4d0838 method=java.util.HashMap.computeIfAbsent(Ljava/lang/Object;Ljava/util/function/Function;)Ljava/lang/Object; @ 286 c2
Event: 3,268 Thread 0x00007f6b6c015000 Uncommon trap: reason=class_check action=maybe_recompile pc=0x00007f6b5c4d0838 method=java.util.HashMap.computeIfAbsent(Ljava/lang/Object;Ljava/util/function/Function;)Ljava/lang/Object; @ 286 c2
Event: 3,270 Thread 0x00007f6b6c015000 Uncommon trap: reason=class_check action=maybe_recompile pc=0x00007f6b5c4d0838 method=java.util.HashMap.computeIfAbsent(Ljava/lang/Object;Ljava/util/function/Function;)Ljava/lang/Object; @ 286 c2
Event: 3,318 Thread 0x00007f6b6c015000 Uncommon trap: reason=speculate_null_assert action=make_not_entrant pc=0x00007f6b5c5869c4 method=org.springframework.util.ConcurrentReferenceHashMap$Segment.restructureIfNecessary(Z)V @ 73 c2
Event: 3,320 Thread 0x00007f6b6c015000 Uncommon trap: reason=class_check action=maybe_recompile pc=0x00007f6b5c4d0838 method=java.util.HashMap.computeIfAbsent(Ljava/lang/Object;Ljava/util/function/Function;)Ljava/lang/Object; @ 286 c2

Classes redefined (0 events):
No events

Internal exceptions (10 events):
Event: 3,250 Thread 0x00007f6b6c015000 Exception <a 'java/lang/ClassNotFoundException'{0x000000008dfb5448}: pl/komorowski/pubspace/model/PubCustomizer> (0x000000008dfb5448) thrown at [/scratch/opt/mach5/mesos/work_dir/slaves/2dd962d0-8988-479b-a804-57ab764ada59-S1247/frameworks/1735e8a2-a1db-4
Event: 3,264 Thread 0x00007f6b6c015000 Exception <a 'java/lang/NoSuchMethodError'{0x000000008dea70d8}: java.lang.invoke.DirectMethodHandle$Holder.invokeVirtual(Ljava/lang/Object;Ljava/lang/Object;Ljava/lang/Object;)I> (0x000000008dea70d8) thrown at [/scratch/opt/mach5/mesos/work_dir/slaves/2dd
Event: 3,275 Thread 0x00007f6b6c015000 Exception <a 'java/lang/NoSuchMethodError'{0x000000008dd465f0}: java.lang.invoke.DirectMethodHandle$Holder.invokeSpecialIFC(Ljava/lang/Object;Ljava/lang/Object;Ljava/lang/Object;)Ljava/lang/Object;> (0x000000008dd465f0) thrown at [/scratch/opt/mach5/mesos
Event: 3,279 Thread 0x00007f6b6c015000 Exception <a 'java/lang/IncompatibleClassChangeError'{0x000000008ddb37f8}: Found class java.lang.Object, but interface was expected> (0x000000008ddb37f8) thrown at [/scratch/opt/mach5/mesos/work_dir/slaves/2dd962d0-8988-479b-a804-57ab764ada59-S1247/framew
Event: 3,319 Thread 0x00007f6b6c015000 Exception <a 'java/lang/ClassNotFoundException'{0x000000008d93ff78}: java/lang/ObjectCustomizer> (0x000000008d93ff78) thrown at [/scratch/opt/mach5/mesos/work_dir/slaves/2dd962d0-8988-479b-a804-57ab764ada59-S1247/frameworks/1735e8a2-a1db-478c-8104-60c8b0a
Event: 3,319 Thread 0x00007f6b6c015000 Exception <a 'java/lang/ClassNotFoundException'{0x000000008d94ce78}: pl/komorowski/pubspace/model/SeatCustomizer> (0x000000008d94ce78) thrown at [/scratch/opt/mach5/mesos/work_dir/slaves/2dd962d0-8988-479b-a804-57ab764ada59-S1247/frameworks/1735e8a2-a1db-
Event: 3,341 Thread 0x00007f6b6c015000 Exception <a 'java/lang/reflect/InvocationTargetException'{0x000000008d8fcd10}> (0x000000008d8fcd10) thrown at [/scratch/opt/mach5/mesos/work_dir/slaves/2dd962d0-8988-479b-a804-57ab764ada59-S1247/frameworks/1735e8a2-a1db-478c-8104-60c8b0af87dd-0196/execut
Event: 3,350 Thread 0x00007f6b6c015000 Exception <a 'java/lang/NoSuchMethodError'{0x000000008d7ba628}: java.lang.invoke.Invokers$Holder.linkToTargetMethod(Ljava/lang/Object;ILjava/lang/Object;)Ljava/lang/Object;> (0x000000008d7ba628) thrown at [/scratch/opt/mach5/mesos/work_dir/slaves/2dd962d0
Event: 3,381 Thread 0x00007f6b6c015000 Exception <a 'java/lang/NoSuchMethodError'{0x000000008d437e70}: java.lang.invoke.DirectMethodHandle$Holder.invokeStaticInit(Ljava/lang/Object;Ljava/lang/Object;Ljava/lang/Object;Ljava/lang/Object;)V> (0x000000008d437e70) thrown at [/scratch/opt/mach5/meso
Event: 3,397 Thread 0x00007f6b6c015000 Exception <a 'java/lang/NoSuchMethodError'{0x000000008d379510}: java.lang.invoke.DirectMethodHandle$Holder.invokeInterface(Ljava/lang/Object;Ljava/lang/Object;Ljava/lang/Object;Ljava/lang/Object;)Ljava/lang/Object;> (0x000000008d379510) thrown at [/scratc

Events (10 events):
Event: 3,399 loading class javax/money/MonetaryAmount
Event: 3,399 loading class javax/money/MonetaryAmount done
Event: 3,405 loading class org/springframework/context/support/MessageSourceAccessor
Event: 3,405 loading class org/springframework/context/support/MessageSourceAccessor done
Event: 3,408 loading class org/springframework/http/ResponseEntity
Event: 3,408 loading class org/springframework/http/ResponseEntity done
Event: 3,409 loading class org/springframework/http/HttpEntity
Event: 3,409 loading class org/springframework/http/HttpEntity done
Event: 3,413 loading class org/springframework/web/cors/CorsProcessor
Event: 3,413 loading class org/springframework/web/cors/CorsProcessor done


Dynamic libraries:
00400000-00401000 r-xp 00000000 08:36 3933685                            /usr/lib/jvm/java-11-oracle/bin/java
00600000-00601000 r--p 00000000 08:36 3933685                            /usr/lib/jvm/java-11-oracle/bin/java
00601000-00602000 rw-p 00001000 08:36 3933685                            /usr/lib/jvm/java-11-oracle/bin/java
00743000-00764000 rw-p 00000000 00:00 0                                  [heap]
83200000-8f400000 rw-p 00000000 00:00 0 
8f400000-100000000 ---p 00000000 00:00 0 
100000000-1008a0000 rw-p 00000000 00:00 0 
1008a0000-140000000 ---p 00000000 00:00 0 
7f6a9c000000-7f6a9c021000 rw-p 00000000 00:00 0 
7f6a9c021000-7f6aa0000000 ---p 00000000 00:00 0 
7f6aa4000000-7f6aa4021000 rw-p 00000000 00:00 0 
7f6aa4021000-7f6aa8000000 ---p 00000000 00:00 0 
7f6aa8000000-7f6aa8021000 rw-p 00000000 00:00 0 
7f6aa8021000-7f6aac000000 ---p 00000000 00:00 0 
7f6aac000000-7f6aac021000 rw-p 00000000 00:00 0 
7f6aac021000-7f6ab0000000 ---p 00000000 00:00 0 
7f6ab0000000-7f6ab0021000 rw-p 00000000 00:00 0 
7f6ab0021000-7f6ab4000000 ---p 00000000 00:00 0 
7f6ab4000000-7f6ab4021000 rw-p 00000000 00:00 0 
7f6ab4021000-7f6ab8000000 ---p 00000000 00:00 0 
7f6ab8000000-7f6ab8021000 rw-p 00000000 00:00 0 
7f6ab8021000-7f6abc000000 ---p 00000000 00:00 0 
7f6abc000000-7f6abc021000 rw-p 00000000 00:00 0 
7f6abc021000-7f6ac0000000 ---p 00000000 00:00 0 
7f6ac0000000-7f6ac0021000 rw-p 00000000 00:00 0 
7f6ac0021000-7f6ac4000000 ---p 00000000 00:00 0 
7f6ac4000000-7f6ac4ce8000 rw-p 00000000 00:00 0 
7f6ac4ce8000-7f6ac8000000 ---p 00000000 00:00 0 
7f6ac8000000-7f6ac8028000 rw-p 00000000 00:00 0 
7f6ac8028000-7f6acc000000 ---p 00000000 00:00 0 
7f6acc000000-7f6accea2000 rw-p 00000000 00:00 0 
7f6accea2000-7f6ad0000000 ---p 00000000 00:00 0 
7f6ad0000000-7f6ad1591000 rw-p 00000000 00:00 0 
7f6ad1591000-7f6ad4000000 ---p 00000000 00:00 0 
7f6ad4000000-7f6ad4021000 rw-p 00000000 00:00 0 
7f6ad4021000-7f6ad8000000 ---p 00000000 00:00 0 
7f6ad8000000-7f6ad8b25000 rw-p 00000000 00:00 0 
7f6ad8b25000-7f6adc000000 ---p 00000000 00:00 0 
7f6adc000000-7f6adc021000 rw-p 00000000 00:00 0 
7f6adc021000-7f6ae0000000 ---p 00000000 00:00 0 
7f6ae0000000-7f6ae0025000 rw-p 00000000 00:00 0 
7f6ae0025000-7f6ae4000000 ---p 00000000 00:00 0 
7f6ae48f4000-7f6ae4a74000 rw-p 00000000 00:00 0 
7f6ae4a74000-7f6ae4af4000 ---p 00000000 00:00 0 
7f6ae4af4000-7f6ae4cf4000 rw-p 00000000 00:00 0 
7f6ae4cf4000-7f6ae4ef4000 rw-p 00000000 00:00 0 
7f6ae4ef4000-7f6ae50f4000 rw-p 00000000 00:00 0 
7f6ae50f4000-7f6ae50f8000 ---p 00000000 00:00 0 
7f6ae50f8000-7f6ae51f5000 rw-p 00000000 00:00 0 
7f6ae51f5000-7f6ae51f9000 ---p 00000000 00:00 0 
7f6ae51f9000-7f6ae54f6000 rw-p 00000000 00:00 0 
7f6ae54f6000-7f6ae54f7000 ---p 00000000 00:00 0 
7f6ae54f7000-7f6ae55f8000 rw-p 00000000 00:00 0 
7f6ae55f8000-7f6ae55f9000 ---p 00000000 00:00 0 
7f6ae55f9000-7f6ae58fa000 rw-p 00000000 00:00 0 
7f6ae58fa000-7f6ae58fe000 ---p 00000000 00:00 0 
7f6ae58fe000-7f6ae5bfb000 rw-p 00000000 00:00 0 
7f6ae5bfb000-7f6ae5bff000 ---p 00000000 00:00 0 
7f6ae5bff000-7f6ae5efc000 rw-p 00000000 00:00 0 
7f6ae5efc000-7f6ae5f00000 ---p 00000000 00:00 0 
7f6ae5f00000-7f6ae5ffd000 rw-p 00000000 00:00 0 
7f6ae5ffd000-7f6ae6001000 ---p 00000000 00:00 0 
7f6ae6001000-7f6ae62fe000 rw-p 00000000 00:00 0 
7f6ae62fe000-7f6ae6302000 ---p 00000000 00:00 0 
7f6ae6302000-7f6ae65ff000 rw-p 00000000 00:00 0 
7f6ae65ff000-7f6ae67ff000 rw-p 00000000 00:00 0 
7f6ae67ff000-7f6ae69ff000 rw-p 00000000 00:00 0 
7f6ae6af7000-7f6ae6cf7000 rw-p 00000000 00:00 0 
7f6ae6cf7000-7f6ae6ef7000 rw-p 00000000 00:00 0 
7f6ae6ef7000-7f6ae6efb000 ---p 00000000 00:00 0 
7f6ae6efb000-7f6ae71f8000 rw-p 00000000 00:00 0 
7f6ae71f8000-7f6ae71fc000 ---p 00000000 00:00 0 
7f6ae71fc000-7f6ae72f9000 rw-p 00000000 00:00 0 
7f6ae72f9000-7f6ae72fd000 ---p 00000000 00:00 0 
7f6ae72fd000-7f6ae73fa000 rw-p 00000000 00:00 0 
7f6ae73fa000-7f6ae73fe000 ---p 00000000 00:00 0 
7f6ae73fe000-7f6ae76fb000 rw-p 00000000 00:00 0 
7f6ae76fb000-7f6ae76ff000 ---p 00000000 00:00 0 
7f6ae76ff000-7f6ae79fc000 rw-p 00000000 00:00 0 
7f6ae79fc000-7f6ae7bfc000 rw-p 00000000 00:00 0 
7f6ae7bfc000-7f6ae7bfd000 ---p 00000000 00:00 0 
7f6ae7bfd000-7f6ae7cfe000 rw-p 00000000 00:00 0 
7f6ae7cfe000-7f6ae7cff000 ---p 00000000 00:00 0 
7f6ae7cff000-7f6ae8000000 rw-p 00000000 00:00 0 
7f6ae8000000-7f6ae8021000 rw-p 00000000 00:00 0 
7f6ae8021000-7f6aec000000 ---p 00000000 00:00 0 
7f6aec000000-7f6aec036000 rw-p 00000000 00:00 0 
7f6aec036000-7f6af0000000 ---p 00000000 00:00 0 
7f6af0000000-7f6af052d000 rw-p 00000000 00:00 0 
7f6af052d000-7f6af4000000 ---p 00000000 00:00 0 
7f6af4000000-7f6af5594000 rw-p 00000000 00:00 0 
7f6af5594000-7f6af8000000 ---p 00000000 00:00 0 
7f6af8000000-7f6af8021000 rw-p 00000000 00:00 0 
7f6af8021000-7f6afc000000 ---p 00000000 00:00 0 
7f6afc000000-7f6afc58d000 rw-p 00000000 00:00 0 
7f6afc58d000-7f6b00000000 ---p 00000000 00:00 0 
7f6b00000000-7f6b00021000 rw-p 00000000 00:00 0 
7f6b00021000-7f6b04000000 ---p 00000000 00:00 0 
7f6b04000000-7f6b0402d000 rw-p 00000000 00:00 0 
7f6b0402d000-7f6b08000000 ---p 00000000 00:00 0 
7f6b08000000-7f6b09318000 rw-p 00000000 00:00 0 
7f6b09318000-7f6b0c000000 ---p 00000000 00:00 0 
7f6b0c000000-7f6b0cd2a000 rw-p 00000000 00:00 0 
7f6b0cd2a000-7f6b10000000 ---p 00000000 00:00 0 
7f6b10000000-7f6b10021000 rw-p 00000000 00:00 0 
7f6b10021000-7f6b14000000 ---p 00000000 00:00 0 
7f6b14000000-7f6b147ec000 rw-p 00000000 00:00 0 
7f6b147ec000-7f6b18000000 ---p 00000000 00:00 0 
7f6b18000000-7f6b18684000 rw-p 00000000 00:00 0 
7f6b18684000-7f6b1c000000 ---p 00000000 00:00 0 
7f6b1c000000-7f6b1c021000 rw-p 00000000 00:00 0 
7f6b1c021000-7f6b20000000 ---p 00000000 00:00 0 
7f6b20000000-7f6b20021000 rw-p 00000000 00:00 0 
7f6b20021000-7f6b24000000 ---p 00000000 00:00 0 
7f6b24000000-7f6b258eb000 rw-p 00000000 00:00 0 
7f6b258eb000-7f6b28000000 ---p 00000000 00:00 0 
7f6b28000000-7f6b28021000 rw-p 00000000 00:00 0 
7f6b28021000-7f6b2c000000 ---p 00000000 00:00 0 
7f6b2c000000-7f6b2c021000 rw-p 00000000 00:00 0 
7f6b2c021000-7f6b30000000 ---p 00000000 00:00 0 
7f6b30000000-7f6b30021000 rw-p 00000000 00:00 0 
7f6b30021000-7f6b34000000 ---p 00000000 00:00 0 
7f6b34000000-7f6b3408a000 rw-p 00000000 00:00 0 
7f6b3408a000-7f6b38000000 ---p 00000000 00:00 0 
7f6b38000000-7f6b38021000 rw-p 00000000 00:00 0 
7f6b38021000-7f6b3c000000 ---p 00000000 00:00 0 
7f6b3c000000-7f6b3c021000 rw-p 00000000 00:00 0 
7f6b3c021000-7f6b40000000 ---p 00000000 00:00 0 
7f6b40029000-7f6b40229000 rw-p 00000000 00:00 0 
7f6b40229000-7f6b40429000 rw-p 00000000 00:00 0 
7f6b40429000-7f6b4042e000 r-xp 00000000 08:36 4587646                    /usr/lib/jvm/java-11-oracle/lib/libmanagement_ext.so
7f6b4042e000-7f6b4062d000 ---p 00005000 08:36 4587646                    /usr/lib/jvm/java-11-oracle/lib/libmanagement_ext.so
7f6b4062d000-7f6b4062e000 r--p 00004000 08:36 4587646                    /usr/lib/jvm/java-11-oracle/lib/libmanagement_ext.so
7f6b4062e000-7f6b4062f000 rw-p 00005000 08:36 4587646                    /usr/lib/jvm/java-11-oracle/lib/libmanagement_ext.so
7f6b4062f000-7f6b40633000 r-xp 00000000 08:36 4587644                    /usr/lib/jvm/java-11-oracle/lib/libmanagement.so
7f6b40633000-7f6b40832000 ---p 00004000 08:36 4587644                    /usr/lib/jvm/java-11-oracle/lib/libmanagement.so
7f6b40832000-7f6b40833000 r--p 00003000 08:36 4587644                    /usr/lib/jvm/java-11-oracle/lib/libmanagement.so
7f6b40833000-7f6b40834000 rw-p 00004000 08:36 4587644                    /usr/lib/jvm/java-11-oracle/lib/libmanagement.so
7f6b40834000-7f6b40835000 ---p 00000000 00:00 0 
7f6b40835000-7f6b40936000 rw-p 00000000 00:00 0 
7f6b40936000-7f6b40937000 ---p 00000000 00:00 0 
7f6b40937000-7f6b40a38000 rw-p 00000000 00:00 0 
7f6b40a38000-7f6b40a39000 ---p 00000000 00:00 0 
7f6b40a39000-7f6b40d3a000 rw-p 00000000 00:00 0 
7f6b40d3a000-7f6b40d3e000 ---p 00000000 00:00 0 
7f6b40d3e000-7f6b4103b000 rw-p 00000000 00:00 0 
7f6b4103b000-7f6b4123b000 rw-p 00000000 00:00 0 
7f6b4123b000-7f6b4123f000 ---p 00000000 00:00 0 
7f6b4123f000-7f6b4133c000 rw-p 00000000 00:00 0 
7f6b4133c000-7f6b41340000 ---p 00000000 00:00 0 
7f6b41340000-7f6b4143d000 rw-p 00000000 00:00 0 
7f6b4143d000-7f6b4143f000 r-xp 00000000 08:36 4587629                    /usr/lib/jvm/java-11-oracle/lib/libextnet.so
7f6b4143f000-7f6b4163e000 ---p 00002000 08:36 4587629                    /usr/lib/jvm/java-11-oracle/lib/libextnet.so
7f6b4163e000-7f6b4163f000 r--p 00001000 08:36 4587629                    /usr/lib/jvm/java-11-oracle/lib/libextnet.so
7f6b4163f000-7f6b41640000 rw-p 00002000 08:36 4587629                    /usr/lib/jvm/java-11-oracle/lib/libextnet.so
7f6b41640000-7f6b41641000 ---p 00000000 00:00 0 
7f6b41641000-7f6b41742000 rw-p 00000000 00:00 0 
7f6b41742000-7f6b41746000 ---p 00000000 00:00 0 
7f6b41746000-7f6b41843000 rw-p 00000000 00:00 0 
7f6b41843000-7f6b41847000 ---p 00000000 00:00 0 
7f6b41847000-7f6b41944000 rw-p 00000000 00:00 0 
7f6b41944000-7f6b41948000 ---p 00000000 00:00 0 
7f6b41948000-7f6b41a45000 rw-p 00000000 00:00 0 
7f6b41a45000-7f6b41a49000 ---p 00000000 00:00 0 
7f6b41a49000-7f6b41b46000 rw-p 00000000 00:00 0 
7f6b41b46000-7f6b41b5c000 r-xp 00000000 08:36 4587648                    /usr/lib/jvm/java-11-oracle/lib/libnet.so
7f6b41b5c000-7f6b41d5c000 ---p 00016000 08:36 4587648                    /usr/lib/jvm/java-11-oracle/lib/libnet.so
7f6b41d5c000-7f6b41d5d000 r--p 00016000 08:36 4587648                    /usr/lib/jvm/java-11-oracle/lib/libnet.so
7f6b41d5d000-7f6b41d5e000 rw-p 00017000 08:36 4587648                    /usr/lib/jvm/java-11-oracle/lib/libnet.so
7f6b41d5e000-7f6b41d6e000 r-xp 00000000 08:36 4587649                    /usr/lib/jvm/java-11-oracle/lib/libnio.so
7f6b41d6e000-7f6b41f6d000 ---p 00010000 08:36 4587649                    /usr/lib/jvm/java-11-oracle/lib/libnio.so
7f6b41f6d000-7f6b41f6e000 r--p 0000f000 08:36 4587649                    /usr/lib/jvm/java-11-oracle/lib/libnio.so
7f6b41f6e000-7f6b41f6f000 rw-p 00010000 08:36 4587649                    /usr/lib/jvm/java-11-oracle/lib/libnio.so
7f6b41f6f000-7f6b41f73000 ---p 00000000 00:00 0 
7f6b41f73000-7f6b42070000 rw-p 00000000 00:00 0 
7f6b42070000-7f6b42074000 ---p 00000000 00:00 0 
7f6b42074000-7f6b42171000 rw-p 00000000 00:00 0 
7f6b42171000-7f6b42175000 ---p 00000000 00:00 0 
7f6b42175000-7f6b42272000 rw-p 00000000 00:00 0 
7f6b42272000-7f6b42276000 ---p 00000000 00:00 0 
7f6b42276000-7f6b42373000 rw-p 00000000 00:00 0 
7f6b42373000-7f6b42377000 ---p 00000000 00:00 0 
7f6b42377000-7f6b42474000 rw-p 00000000 00:00 0 
7f6b42474000-7f6b42478000 ---p 00000000 00:00 0 
7f6b42478000-7f6b42575000 rw-p 00000000 00:00 0 
7f6b42575000-7f6b43075000 r--p 00000000 08:36 268919                     /usr/lib/locale/locale-archive
7f6b43075000-7f6b43079000 ---p 00000000 00:00 0 
7f6b43079000-7f6b43176000 rw-p 00000000 00:00 0 
7f6b43176000-7f6b4317a000 ---p 00000000 00:00 0 
7f6b4317a000-7f6b43277000 rw-p 00000000 00:00 0 
7f6b43277000-7f6b43278000 ---p 00000000 00:00 0 
7f6b43278000-7f6b43bfa000 rw-p 00000000 00:00 0 
7f6b43bfa000-7f6b43bfb000 ---p 00000000 00:00 0 
7f6b43bfb000-7f6b43cfc000 rw-p 00000000 00:00 0 
7f6b43cfc000-7f6b43cfd000 ---p 00000000 00:00 0 
7f6b43cfd000-7f6b44000000 rw-p 00000000 00:00 0 
7f6b44000000-7f6b44021000 rw-p 00000000 00:00 0 
7f6b44021000-7f6b48000000 ---p 00000000 00:00 0 
7f6b48044000-7f6b48069000 r--p 00000000 08:36 1318665                    /usr/share/locale-langpack/pl/LC_MESSAGES/libc.mo
7f6b48069000-7f6b4abcf000 rw-p 00000000 00:00 0 
7f6b4abcf000-7f6b4abd0000 ---p 00000000 00:00 0 
7f6b4abd0000-7f6b4acd1000 rw-p 00000000 00:00 0 
7f6b4acd1000-7f6b4acd2000 ---p 00000000 00:00 0 
7f6b4acd2000-7f6b4b0db000 rw-p 00000000 00:00 0 
7f6b4b0db000-7f6b4cd0b000 ---p 00000000 00:00 0 
7f6b4cd0b000-7f6b4d013000 rw-p 00000000 00:00 0 
7f6b4d013000-7f6b4ec43000 ---p 00000000 00:00 0 
7f6b4ec43000-7f6b4eca4000 rw-p 00000000 00:00 0 
7f6b4eca4000-7f6b4f02a000 ---p 00000000 00:00 0 
7f6b4f02a000-7f6b4f08b000 rw-p 00000000 00:00 0 
7f6b4f08b000-7f6b4f411000 ---p 00000000 00:00 0 
7f6b4f411000-7f6b4f472000 rw-p 00000000 00:00 0 
7f6b4f472000-7f6b4f7f8000 ---p 00000000 00:00 0 
7f6b4f7f8000-7f6b50000000 rw-p 00000000 00:00 0 
7f6b50000000-7f6b50021000 rw-p 00000000 00:00 0 
7f6b50021000-7f6b54000000 ---p 00000000 00:00 0 
7f6b54004000-7f6b54509000 rw-p 00000000 00:00 0 
7f6b54509000-7f6b5450a000 ---p 00000000 00:00 0 
7f6b5450a000-7f6b5460b000 rw-p 00000000 00:00 0 
7f6b5460b000-7f6b548fb000 rwxp 00000000 00:00 0 
7f6b548fb000-7f6b54d49000 ---p 00000000 00:00 0 
7f6b54d49000-7f6b55a69000 rwxp 00000000 00:00 0 
7f6b55a69000-7f6b5c1aa000 ---p 00000000 00:00 0 
7f6b5c1aa000-7f6b5c5ba000 rwxp 00000000 00:00 0 
7f6b5c5ba000-7f6b6360b000 ---p 00000000 00:00 0 
7f6b6360b000-7f6b6b9c9000 r--s 00000000 08:36 4587659                    /usr/lib/jvm/java-11-oracle/lib/modules
7f6b6b9c9000-7f6b6b9e4000 r-xp 00000000 08:36 4587640                    /usr/lib/jvm/java-11-oracle/lib/libjimage.so
7f6b6b9e4000-7f6b6bbe3000 ---p 0001b000 08:36 4587640                    /usr/lib/jvm/java-11-oracle/lib/libjimage.so
7f6b6bbe3000-7f6b6bbe5000 r--p 0001a000 08:36 4587640                    /usr/lib/jvm/java-11-oracle/lib/libjimage.so
7f6b6bbe5000-7f6b6bbe6000 rw-p 0001c000 08:36 4587640                    /usr/lib/jvm/java-11-oracle/lib/libjimage.so
7f6b6bbe6000-7f6b6bbed000 r-xp 00000000 08:36 4587658                    /usr/lib/jvm/java-11-oracle/lib/libzip.so
7f6b6bbed000-7f6b6bdec000 ---p 00007000 08:36 4587658                    /usr/lib/jvm/java-11-oracle/lib/libzip.so
7f6b6bdec000-7f6b6bded000 r--p 00006000 08:36 4587658                    /usr/lib/jvm/java-11-oracle/lib/libzip.so
7f6b6bded000-7f6b6bdee000 rw-p 00007000 08:36 4587658                    /usr/lib/jvm/java-11-oracle/lib/libzip.so
7f6b6bdee000-7f6b6bdf9000 r-xp 00000000 08:36 4461307                    /lib/x86_64-linux-gnu/libnss_files-2.27.so
7f6b6bdf9000-7f6b6bff8000 ---p 0000b000 08:36 4461307                    /lib/x86_64-linux-gnu/libnss_files-2.27.so
7f6b6bff8000-7f6b6bff9000 r--p 0000a000 08:36 4461307                    /lib/x86_64-linux-gnu/libnss_files-2.27.so
7f6b6bff9000-7f6b6bffa000 rw-p 0000b000 08:36 4461307                    /lib/x86_64-linux-gnu/libnss_files-2.27.so
7f6b6bffa000-7f6b6c000000 rw-p 00000000 00:00 0 
7f6b6c000000-7f6b6db23000 rw-p 00000000 00:00 0 
7f6b6db23000-7f6b70000000 ---p 00000000 00:00 0 
7f6b70017000-7f6b70020000 rw-p 00000000 00:00 0 
7f6b70020000-7f6b70100000 ---p 00000000 00:00 0 
7f6b70100000-7f6b7011b000 rw-p 00000000 00:00 0 
7f6b7011b000-7f6b701e9000 ---p 00000000 00:00 0 
7f6b701e9000-7f6b70200000 r-xp 00000000 08:36 4461301                    /lib/x86_64-linux-gnu/libnsl-2.27.so
7f6b70200000-7f6b703ff000 ---p 00017000 08:36 4461301                    /lib/x86_64-linux-gnu/libnsl-2.27.so
7f6b703ff000-7f6b70400000 r--p 00016000 08:36 4461301                    /lib/x86_64-linux-gnu/libnsl-2.27.so
7f6b70400000-7f6b70401000 rw-p 00017000 08:36 4461301                    /lib/x86_64-linux-gnu/libnsl-2.27.so
7f6b70401000-7f6b70403000 rw-p 00000000 00:00 0 
7f6b70403000-7f6b7040e000 r-xp 00000000 08:36 4461318                    /lib/x86_64-linux-gnu/libnss_nis-2.27.so
7f6b7040e000-7f6b7060d000 ---p 0000b000 08:36 4461318                    /lib/x86_64-linux-gnu/libnss_nis-2.27.so
7f6b7060d000-7f6b7060e000 r--p 0000a000 08:36 4461318                    /lib/x86_64-linux-gnu/libnss_nis-2.27.so
7f6b7060e000-7f6b7060f000 rw-p 0000b000 08:36 4461318                    /lib/x86_64-linux-gnu/libnss_nis-2.27.so
7f6b7060f000-7f6b70617000 r-xp 00000000 08:36 4461303                    /lib/x86_64-linux-gnu/libnss_compat-2.27.so
7f6b70617000-7f6b70817000 ---p 00008000 08:36 4461303                    /lib/x86_64-linux-gnu/libnss_compat-2.27.so
7f6b70817000-7f6b70818000 r--p 00008000 08:36 4461303                    /lib/x86_64-linux-gnu/libnss_compat-2.27.so
7f6b70818000-7f6b70819000 rw-p 00009000 08:36 4461303                    /lib/x86_64-linux-gnu/libnss_compat-2.27.so
7f6b70819000-7f6b70823000 r-xp 00000000 08:36 4587631                    /usr/lib/jvm/java-11-oracle/lib/libinstrument.so
7f6b70823000-7f6b70a22000 ---p 0000a000 08:36 4587631                    /usr/lib/jvm/java-11-oracle/lib/libinstrument.so
7f6b70a22000-7f6b70a23000 r--p 00009000 08:36 4587631                    /usr/lib/jvm/java-11-oracle/lib/libinstrument.so
7f6b70a23000-7f6b70a24000 rw-p 0000a000 08:36 4587631                    /usr/lib/jvm/java-11-oracle/lib/libinstrument.so
7f6b70a24000-7f6b70a4d000 r-xp 00000000 08:36 4587636                    /usr/lib/jvm/java-11-oracle/lib/libjava.so
7f6b70a4d000-7f6b70c4d000 ---p 00029000 08:36 4587636                    /usr/lib/jvm/java-11-oracle/lib/libjava.so
7f6b70c4d000-7f6b70c4e000 r--p 00029000 08:36 4587636                    /usr/lib/jvm/java-11-oracle/lib/libjava.so
7f6b70c4e000-7f6b70c50000 rw-p 0002a000 08:36 4587636                    /usr/lib/jvm/java-11-oracle/lib/libjava.so
7f6b70c50000-7f6b70c5d000 r-xp 00000000 08:36 4587657                    /usr/lib/jvm/java-11-oracle/lib/libverify.so
7f6b70c5d000-7f6b70e5c000 ---p 0000d000 08:36 4587657                    /usr/lib/jvm/java-11-oracle/lib/libverify.so
7f6b70e5c000-7f6b70e5e000 r--p 0000c000 08:36 4587657                    /usr/lib/jvm/java-11-oracle/lib/libverify.so
7f6b70e5e000-7f6b70e5f000 rw-p 0000e000 08:36 4587657                    /usr/lib/jvm/java-11-oracle/lib/libverify.so
7f6b70e5f000-7f6b70e66000 r-xp 00000000 08:36 4461358                    /lib/x86_64-linux-gnu/librt-2.27.so
7f6b70e66000-7f6b71065000 ---p 00007000 08:36 4461358                    /lib/x86_64-linux-gnu/librt-2.27.so
7f6b71065000-7f6b71066000 r--p 00006000 08:36 4461358                    /lib/x86_64-linux-gnu/librt-2.27.so
7f6b71066000-7f6b71067000 rw-p 00007000 08:36 4461358                    /lib/x86_64-linux-gnu/librt-2.27.so
7f6b71067000-7f6b71204000 r-xp 00000000 08:36 4461280                    /lib/x86_64-linux-gnu/libm-2.27.so
7f6b71204000-7f6b71403000 ---p 0019d000 08:36 4461280                    /lib/x86_64-linux-gnu/libm-2.27.so
7f6b71403000-7f6b71404000 r--p 0019c000 08:36 4461280                    /lib/x86_64-linux-gnu/libm-2.27.so
7f6b71404000-7f6b71405000 rw-p 0019d000 08:36 4461280                    /lib/x86_64-linux-gnu/libm-2.27.so
7f6b71405000-7f6b72544000 r-xp 00000000 08:36 4587670                    /usr/lib/jvm/java-11-oracle/lib/server/libjvm.so
7f6b72544000-7f6b72744000 ---p 0113f000 08:36 4587670                    /usr/lib/jvm/java-11-oracle/lib/server/libjvm.so
7f6b72744000-7f6b72803000 r--p 0113f000 08:36 4587670                    /usr/lib/jvm/java-11-oracle/lib/server/libjvm.so
7f6b72803000-7f6b7283c000 rw-p 011fe000 08:36 4587670                    /usr/lib/jvm/java-11-oracle/lib/server/libjvm.so
7f6b7283c000-7f6b72892000 rw-p 00000000 00:00 0 
7f6b72892000-7f6b72a79000 r-xp 00000000 08:36 4461217                    /lib/x86_64-linux-gnu/libc-2.27.so
7f6b72a79000-7f6b72c79000 ---p 001e7000 08:36 4461217                    /lib/x86_64-linux-gnu/libc-2.27.so
7f6b72c79000-7f6b72c7d000 r--p 001e7000 08:36 4461217                    /lib/x86_64-linux-gnu/libc-2.27.so
7f6b72c7d000-7f6b72c7f000 rw-p 001eb000 08:36 4461217                    /lib/x86_64-linux-gnu/libc-2.27.so
7f6b72c7f000-7f6b72c83000 rw-p 00000000 00:00 0 
7f6b72c83000-7f6b72c86000 r-xp 00000000 08:36 4461240                    /lib/x86_64-linux-gnu/libdl-2.27.so
7f6b72c86000-7f6b72e85000 ---p 00003000 08:36 4461240                    /lib/x86_64-linux-gnu/libdl-2.27.so
7f6b72e85000-7f6b72e86000 r--p 00002000 08:36 4461240                    /lib/x86_64-linux-gnu/libdl-2.27.so
7f6b72e86000-7f6b72e87000 rw-p 00003000 08:36 4461240                    /lib/x86_64-linux-gnu/libdl-2.27.so
7f6b72e87000-7f6b72e97000 r-xp 00000000 08:36 4587621                    /usr/lib/jvm/java-11-oracle/lib/jli/libjli.so
7f6b72e97000-7f6b73096000 ---p 00010000 08:36 4587621                    /usr/lib/jvm/java-11-oracle/lib/jli/libjli.so
7f6b73096000-7f6b73097000 r--p 0000f000 08:36 4587621                    /usr/lib/jvm/java-11-oracle/lib/jli/libjli.so
7f6b73097000-7f6b73098000 rw-p 00010000 08:36 4587621                    /usr/lib/jvm/java-11-oracle/lib/jli/libjli.so
7f6b73098000-7f6b730b2000 r-xp 00000000 08:36 4461350                    /lib/x86_64-linux-gnu/libpthread-2.27.so
7f6b730b2000-7f6b732b1000 ---p 0001a000 08:36 4461350                    /lib/x86_64-linux-gnu/libpthread-2.27.so
7f6b732b1000-7f6b732b2000 r--p 00019000 08:36 4461350                    /lib/x86_64-linux-gnu/libpthread-2.27.so
7f6b732b2000-7f6b732b3000 rw-p 0001a000 08:36 4461350                    /lib/x86_64-linux-gnu/libpthread-2.27.so
7f6b732b3000-7f6b732b7000 rw-p 00000000 00:00 0 
7f6b732b7000-7f6b732d3000 r-xp 00000000 08:36 4461389                    /lib/x86_64-linux-gnu/libz.so.1.2.11
7f6b732d3000-7f6b734d2000 ---p 0001c000 08:36 4461389                    /lib/x86_64-linux-gnu/libz.so.1.2.11
7f6b734d2000-7f6b734d3000 r--p 0001b000 08:36 4461389                    /lib/x86_64-linux-gnu/libz.so.1.2.11
7f6b734d3000-7f6b734d4000 rw-p 0001c000 08:36 4461389                    /lib/x86_64-linux-gnu/libz.so.1.2.11
7f6b734d4000-7f6b734fb000 r-xp 00000000 08:36 4461189                    /lib/x86_64-linux-gnu/ld-2.27.so
7f6b73511000-7f6b73518000 r--s 00000000 08:36 527109                     /usr/lib/x86_64-linux-gnu/gconv/gconv-modules.cache
7f6b73518000-7f6b735d8000 rw-p 00000000 00:00 0 
7f6b735d8000-7f6b735dc000 ---p 00000000 00:00 0 
7f6b735dc000-7f6b736dd000 rw-p 00000000 00:00 0 
7f6b736e2000-7f6b736e8000 rw-p 00000000 00:00 0 
7f6b736e8000-7f6b736f1000 ---p 00000000 00:00 0 
7f6b736f1000-7f6b736f9000 rw-s 00000000 08:36 12719787                   /tmp/hsperfdata_kacper/27060
7f6b736f9000-7f6b736fa000 ---p 00000000 00:00 0 
7f6b736fa000-7f6b736fb000 r--p 00000000 00:00 0 
7f6b736fb000-7f6b736fc000 r--p 00027000 08:36 4461189                    /lib/x86_64-linux-gnu/ld-2.27.so
7f6b736fc000-7f6b736fd000 rw-p 00028000 08:36 4461189                    /lib/x86_64-linux-gnu/ld-2.27.so
7f6b736fd000-7f6b736fe000 rw-p 00000000 00:00 0 
7ffd82639000-7ffd8265c000 rw-p 00000000 00:00 0                          [stack]
7ffd82688000-7ffd8268b000 r--p 00000000 00:00 0                          [vvar]
7ffd8268b000-7ffd8268d000 r-xp 00000000 00:00 0                          [vdso]
ffffffffff600000-ffffffffff601000 r-xp 00000000 00:00 0                  [vsyscall]


VM Arguments:
jvm_args: -javaagent:/home/kacper/Dev/idea-IC-183.4588.61/lib/idea_rt.jar=39881:/home/kacper/Dev/idea-IC-183.4588.61/bin -Dfile.encoding=UTF-8 
java_command: pl.komorowski.pubspace.PubspaceApplication
java_class_path (initial): /home/kacper/dev_IntelliJ/Pubspace/target/classes:/home/kacper/.m2/repository/org/springframework/boot/spring-boot-starter-actuator/2.1.2.RELEASE/spring-boot-starter-actuator-2.1.2.RELEASE.jar:/home/kacper/.m2/repository/org/springframework/boot/spring-boot-starter/2.1.2.RELEASE/spring-boot-starter-2.1.2.RELEASE.jar:/home/kacper/.m2/repository/org/springframework/boot/spring-boot/2.1.2.RELEASE/spring-boot-2.1.2.RELEASE.jar:/home/kacper/.m2/repository/org/springframework/boot/spring-boot-autoconfigure/2.1.2.RELEASE/spring-boot-autoconfigure-2.1.2.RELEASE.jar:/home/kacper/.m2/repository/org/springframework/boot/spring-boot-starter-logging/2.1.2.RELEASE/spring-boot-starter-logging-2.1.2.RELEASE.jar:/home/kacper/.m2/repository/ch/qos/logback/logback-classic/1.2.3/logback-classic-1.2.3.jar:/home/kacper/.m2/repository/ch/qos/logback/logback-core/1.2.3/logback-core-1.2.3.jar:/home/kacper/.m2/repository/org/apache/logging/log4j/log4j-to-slf4j/2.11.1/log4j-to-slf4j-2.11.1.jar:/home/kacper/.m2/repository/org/apache/logging/log4j/log4j-api/2.11.1/log4j-api-2.11.1.jar:/home/kacper/.m2/repository/org/slf4j/jul-to-slf4j/1.7.25/jul-to-slf4j-1.7.25.jar:/home/kacper/.m2/repository/javax/annotation/javax.annotation-api/1.3.2/javax.annotation-api-1.3.2.jar:/home/kacper/.m2/repository/org/yaml/snakeyaml/1.23/snakeyaml-1.23.jar:/home/kacper/.m2/repository/org/springframework/boot/spring-boot-actuator-autoconfigure/2.1.2.RELEASE/spring-boot-actuator-autoconfigure-2.1.2.RELEASE.jar:/home/kacper/.m2/repository/org/springframework/boot/spring-boot-actuator/2.1.2.RELEASE/spring-boot-actuator-2.1.2.RELEASE.jar:/home/kacper/.m2/repository/com/fasterxml/jackson/core/jackson-databind/2.9.8/jackson-databind-2.9.8.jar:/home/kacper/.m2/repository/com/fasterxml/jackson/core/jackson-annotations/2.9.0/jackson-annotations-2.9.0.jar:/home/kacper/.m2/repository/com/fasterxml/jackson/core/jackson-core/2.9.8/jackson-core-2.9.8.jar:/home/kacper/.m2/repository/org/springframework
Launcher Type: SUN_STANDARD

[Global flags]
     intx CICompilerCount                          = 12                                        {product} {ergonomic}
     uint ConcGCThreads                            = 3                                         {product} {ergonomic}
     uint G1ConcRefinementThreads                  = 13                                        {product} {ergonomic}
   size_t G1HeapRegionSize                         = 1048576                                   {product} {ergonomic}
    uintx GCDrainStackTargetSize                   = 64                                        {product} {ergonomic}
   size_t InitialHeapSize                          = 132120576                                 {product} {ergonomic}
   size_t MarkStackSize                            = 4194304                                   {product} {ergonomic}
   size_t MaxHeapSize                              = 2095054848                                {product} {ergonomic}
   size_t MaxNewSize                               = 1256194048                                {product} {ergonomic}
   size_t MinHeapDeltaBytes                        = 1048576                                   {product} {ergonomic}
    uintx NonNMethodCodeHeapSize                   = 7591728                                {pd product} {ergonomic}
    uintx NonProfiledCodeHeapSize                  = 122033256                              {pd product} {ergonomic}
    uintx ProfiledCodeHeapSize                     = 122033256                              {pd product} {ergonomic}
    uintx ReservedCodeCacheSize                    = 251658240                              {pd product} {ergonomic}
     bool SegmentedCodeCache                       = true                                      {product} {ergonomic}
     bool UseCompressedClassPointers               = true                                 {lp64_product} {ergonomic}
     bool UseCompressedOops                        = true                                 {lp64_product} {ergonomic}
     bool UseG1GC                                  = true                                      {product} {ergonomic}

Logging:
Log output configuration:
 #0: stdout all=warning uptime,level,tags
 #1: stderr all=off uptime,level,tags

Environment Variables:
JAVA_HOME=/usr/lib/jvm/java-11-oracle
PATH=/home/kacper/bin:/usr/local/sbin:/usr/local/bin:/usr/sbin:/usr/bin:/sbin:/bin:/usr/games:/usr/local/games:/snap/bin:/usr/lib/jvm/java-11-oracle/bin:/usr/lib/jvm/java-11-oracle/db/bin
USERNAME=kacper
SHELL=/bin/bash
DISPLAY=:0

Signal Handlers:
SIGSEGV: [libjvm.so+0xe2adf0], sa_mask[0]=11111111011111111101111111111110, sa_flags=SA_RESTART|SA_SIGINFO
SIGBUS: [libjvm.so+0xe2adf0], sa_mask[0]=11111111011111111101111111111110, sa_flags=SA_RESTART|SA_SIGINFO
SIGFPE: [libjvm.so+0xe2adf0], sa_mask[0]=11111111011111111101111111111110, sa_flags=SA_RESTART|SA_SIGINFO
SIGPIPE: [libjvm.so+0xbff5b0], sa_mask[0]=11111111011111111101111111111110, sa_flags=SA_RESTART|SA_SIGINFO
SIGXFSZ: [libjvm.so+0xbff5b0], sa_mask[0]=11111111011111111101111111111110, sa_flags=SA_RESTART|SA_SIGINFO
SIGILL: [libjvm.so+0xe2adf0], sa_mask[0]=11111111011111111101111111111110, sa_flags=SA_RESTART|SA_SIGINFO
SIGUSR2: [libjvm.so+0xbff450], sa_mask[0]=00100000000000000000000000000000, sa_flags=SA_RESTART|SA_SIGINFO
SIGHUP: [libjvm.so+0xbff7b0], sa_mask[0]=11111111011111111101111111111110, sa_flags=SA_RESTART|SA_SIGINFO
SIGINT: [libjvm.so+0xbff7b0], sa_mask[0]=11111111011111111101111111111110, sa_flags=SA_RESTART|SA_SIGINFO
SIGTERM: [libjvm.so+0xbff7b0], sa_mask[0]=11111111011111111101111111111110, sa_flags=SA_RESTART|SA_SIGINFO
SIGQUIT: [libjvm.so+0xbff7b0], sa_mask[0]=11111111011111111101111111111110, sa_flags=SA_RESTART|SA_SIGINFO


---------------  S Y S T E M  ---------------

OS:DISTRIB_ID=Ubuntu
DISTRIB_RELEASE=18.04
DISTRIB_CODENAME=bionic
DISTRIB_DESCRIPTION="Ubuntu 18.04.1 LTS"
uname:Linux 4.15.0-45-generic #48-Ubuntu SMP Tue Jan 29 16:28:13 UTC 2019 x86_64
libc:glibc 2.27 NPTL 2.27 
rlimit: STACK 8192k, CORE 0k, NPROC 31468, NOFILE 1048576, AS infinity, DATA infinity, FSIZE infinity
load average:0,51 0,50 0,54

/proc/meminfo:
MemTotal:        8182568 kB
MemFree:          218360 kB
MemAvailable:    1082448 kB
Buffers:           65396 kB
Cached:          1153988 kB
SwapCached:           20 kB
Active:          5127600 kB
Inactive:        1254200 kB
Active(anon):    4563468 kB
Inactive(anon):   796684 kB
Active(file):     564132 kB
Inactive(file):   457516 kB
Unevictable:         592 kB
Mlocked:             592 kB
SwapTotal:      11999228 kB
SwapFree:       11997436 kB
Dirty:              3040 kB
Writeback:             0 kB
AnonPages:       5163584 kB
Mapped:           712496 kB
Shmem:            197468 kB
Slab:             235484 kB
SReclaimable:     123448 kB
SUnreclaim:       112036 kB
KernelStack:       22352 kB
PageTables:        84500 kB
NFS_Unstable:          0 kB
Bounce:                0 kB
WritebackTmp:          0 kB
CommitLimit:    16090512 kB
Committed_AS:   14701440 kB
VmallocTotal:   34359738367 kB
VmallocUsed:           0 kB
VmallocChunk:          0 kB
HardwareCorrupted:     0 kB
AnonHugePages:         0 kB
ShmemHugePages:        0 kB
ShmemPmdMapped:        0 kB
CmaTotal:              0 kB
CmaFree:               0 kB
HugePages_Total:       0
HugePages_Free:        0
HugePages_Rsvd:        0
HugePages_Surp:        0
Hugepagesize:       2048 kB
DirectMap4k:     1680864 kB
DirectMap2M:     5609472 kB
DirectMap1G:     2097152 kB


/proc/sys/kernel/threads-max (system-wide limit on the number of threads):
62937


/proc/sys/vm/max_map_count (maximum number of memory map areas a process may have):
65530


/proc/sys/kernel/pid_max (system-wide limit on number of process identifiers):
32768



container (cgroup) information:
container_type: cgroupv1
cpu_cpuset_cpus: 0-15
cpu_memory_nodes: 0
active_processor_count: 16
cpu_quota: -1
cpu_period: 100000
cpu_shares: -1
memory_limit_in_bytes: -1
memory_and_swap_limit_in_bytes: -2
memory_soft_limit_in_bytes: -1
memory_usage_in_bytes: 6537662464
memory_max_usage_in_bytes: 231890944


CPU:total 16 (initial active 16) (16 cores per cpu, 2 threads per core) family 23 model 1 stepping 1, cmov, cx8, fxsr, mmx, sse, sse2, sse3, ssse3, sse4.1, sse4.2, popcnt, avx, avx2, aes, clmul, mmxext, 3dnowpref, lzcnt, sse4a, ht, tsc, tscinvbit, tscinv, bmi1, bmi2, adx, sha, fma
CPU Model and flags from /proc/cpuinfo:
model name	: AMD Ryzen 7 1700 Eight-Core Processor
flags		: fpu vme de pse tsc msr pae mce cx8 apic sep mtrr pge mca cmov pat pse36 clflush mmx fxsr sse sse2 ht syscall nx mmxext fxsr_opt pdpe1gb rdtscp lm constant_tsc rep_good nopl nonstop_tsc cpuid extd_apicid aperfmperf pni pclmulqdq monitor ssse3 fma cx16 sse4_1 sse4_2 movbe popcnt aes xsave avx f16c rdrand lahf_lm cmp_legacy svm extapic cr8_legacy abm sse4a misalignsse 3dnowprefetch osvw skinit wdt tce topoext perfctr_core perfctr_nb bpext perfctr_llc mwaitx cpb hw_pstate sme ssbd ibpb vmmcall fsgsbase bmi1 avx2 smep bmi2 rdseed adx smap clflushopt sha_ni xsaveopt xsavec xgetbv1 xsaves clzero irperf xsaveerptr arat npt lbrv svm_lock nrip_save tsc_scale vmcb_clean flushbyasid decodeassists pausefilter pfthreshold avic v_vmsave_vmload vgif overflow_recov succor smca

Memory: 4k page, physical 8182568k(218360k free), swap 11999228k(11997436k free)

vm_info: Java HotSpot(TM) 64-Bit Server VM (11.0.2+7-LTS) for linux-amd64 JRE (11.0.2+7-LTS), built on Dec 11 2018 19:45:04 by "mach5one" with gcc 7.3.0

END.
