#
# A fatal error has been detected by the Java Runtime Environment:
#
#  SIGSEGV (0xb) at pc=0x00007fc68388a9f0, pid=3120, tid=3173
#
# JRE version: Java(TM) SE Runtime Environment (11.0.2+7) (build 11.0.2+7-LTS)
# Java VM: Java HotSpot(TM) 64-Bit Server VM (11.0.2+7-LTS, mixed mode, tiered, compressed oops, g1 gc, linux-amd64)
# Problematic frame:
# C  [ld-linux-x86-64.so.2+0x199f0]  __tls_get_addr+0x0
#
# Core dump will be written. Default location: Core dumps may be processed with "/usr/share/apport/apport %p %s %c %d %P" (or dumping to /home/kacper/dev_IntelliJ/Pubspace/core.3120)
#
# If you would like to submit a bug report, please visit:
#   http://bugreport.java.com/bugreport/crash.jsp
#

---------------  S U M M A R Y ------------

Command Line: -javaagent:/home/kacper/Dev/idea-IC-183.4588.61/lib/idea_rt.jar=40721:/home/kacper/Dev/idea-IC-183.4588.61/bin -Dfile.encoding=UTF-8 pl.komorowski.pubspace.PubspaceApplication

Host: AMD Ryzen 7 1700 Eight-Core Processor, 16 cores, 7G, Ubuntu 18.04.1 LTS
Time: Wed Feb  6 16:18:25 2019 CET elapsed time: 2 seconds (0d 0h 0m 2s)

---------------  T H R E A D  ---------------

Current thread (0x00007fc62c133000):  JavaThread "C2 CompilerThread1" daemon [_thread_in_native, id=3173, stack(0x00007fc649ecb000,0x00007fc649fcc000)]


Current CompileTask:
C2:   2055 4463       4       java.util.Properties::loadConvert (505 bytes)

Stack: [0x00007fc649ecb000,0x00007fc649fcc000],  sp=0x00007fc649fc6c68,  free space=1007k
Native frames: (J=compiled Java code, A=aot compiled Java code, j=interpreted, Vv=VM code, C=native code)
C  [ld-linux-x86-64.so.2+0x199f0]  __tls_get_addr+0x0
V  [libjvm.so+0xdd8a96]  TypeAryPtr::add_offset(long) const+0xa6
V  [libjvm.so+0xc6350b]  PhaseIterGVN::transform_old(Node*)+0xeb
V  [libjvm.so+0xc60324]  PhaseIterGVN::optimize()+0x134
V  [libjvm.so+0xaaf6bd]  PhaseIdealLoop::build_and_optimize(bool, bool, bool)+0xa3d
V  [libjvm.so+0x63b633]  Compile::Optimize()+0xb03
V  [libjvm.so+0x63c65a]  Compile::Compile(ciEnv*, C2Compiler*, ciMethod*, int, bool, bool, bool, DirectiveSet*)+0xbea
V  [libjvm.so+0x548061]  C2Compiler::compile_method(ciEnv*, ciMethod*, int, DirectiveSet*)+0xb1
V  [libjvm.so+0x64664c]  CompileBroker::invoke_compiler_on_method(CompileTask*)+0x4fc
V  [libjvm.so+0x6481c8]  CompileBroker::compiler_thread_loop()+0x598
V  [libjvm.so+0xdc4bbd]  JavaThread::thread_main_inner()+0x21d
V  [libjvm.so+0xdc4f67]  JavaThread::run()+0x377
V  [libjvm.so+0xc09750]  thread_native_entry(Thread*)+0xf0


siginfo: si_signo: 11 (SIGSEGV), si_code: 1 (SEGV_MAPERR), si_addr: 0x00007fc684a16d50

Register to memory mapping:

RAX=0x0000000000000001 is an unknown value
RBX=0x0 is NULL
RCX=0x00007fc62c00fd70 points into unknown readable memory: 70 20 b8 82 c6 7f 00 00
RDX=0x00007fc62c01c080 points into unknown readable memory: 40 5b af 82 c6 7f 00 00
RSP=0x00007fc649fc6c68 is pointing into the stack for thread: 0x00007fc62c133000
RBP=0x00007fc649fc6cd0 is pointing into the stack for thread: 0x00007fc62c133000
RSI=0x0 is NULL
RDI=0x00007fc682b9ffd0: <offset 0x00000000013fdfd0> in /usr/lib/jvm/java-11-oracle/lib/server/libjvm.so at 0x00007fc6817a2000
R8 =0x0000000000000001 is an unknown value
R9 =0x0000000088ca6bff is an unallocated location in the heap
R10=0x00007fc61c136ac8 points into unknown readable memory: 68 9d 01 2c c6 7f 00 00
R11=0x0000000000000032 is an unknown value
R12=0x00007fc62c01c080 points into unknown readable memory: 40 5b af 82 c6 7f 00 00
R13=0x000000007fffffff is an unknown value
R14=0x0 is NULL
R15=0x000000007fffffff is an unknown value


Registers:
RAX=0x0000000000000001, RBX=0x0000000000000000, RCX=0x00007fc62c00fd70, RDX=0x00007fc62c01c080
RSP=0x00007fc649fc6c68, RBP=0x00007fc649fc6cd0, RSI=0x0000000000000000, RDI=0x00007fc682b9ffd0
R8 =0x0000000000000001, R9 =0x0000000088ca6bff, R10=0x00007fc61c136ac8, R11=0x0000000000000032
R12=0x00007fc62c01c080, R13=0x000000007fffffff, R14=0x0000000000000000, R15=0x000000007fffffff
RIP=0x00007fc68388a9f0, EFLAGS=0x0000000000010202, CSGSFS=0x002b000000000033, ERR=0x0000000000000004
  TRAPNO=0x000000000000000e

Top of Stack: (sp=0x00007fc649fc6c68)
0x00007fc649fc6c68:   00007fc68257a8f8 00007fc6300966f0
0x00007fc649fc6c78:   0000000000000000 0000000000000000
0x00007fc649fc6c88:   00007fc62c00fd70 0000000488ca6bff
0x00007fc649fc6c98:   00007fc608063101 00007fc649fc6cc0 

Instructions: (pc=0x00007fc68388a9f0)
0x00007fc68388a9d0:   30 48 8b 54 24 38 48 8b 4c 24 40 48 83 c4 48 ff
0x00007fc68388a9e0:   20 66 2e 0f 1f 84 00 00 00 00 00 0f 1f 44 00 00
0x00007fc68388a9f0:   64 48 8b 14 25 08 00 00 00 48 8b 05 b8 f5 20 00
0x00007fc68388aa00:   48 39 02 75 16 48 8b 07 48 c1 e0 04 48 8b 04 02 

Stack slot to memory mapping:
stack at sp + 0 slots: 0x00007fc68257a8f8: <offset 0x0000000000dd88f8> in /usr/lib/jvm/java-11-oracle/lib/server/libjvm.so at 0x00007fc6817a2000
stack at sp + 1 slots: 0x00007fc6300966f0 points into unknown readable memory: d0 59 af 82 c6 7f 00 00
stack at sp + 2 slots: 0x0 is NULL
stack at sp + 3 slots: 0x0 is NULL
stack at sp + 4 slots: 0x00007fc62c00fd70 points into unknown readable memory: 70 20 b8 82 c6 7f 00 00
stack at sp + 5 slots: 0x0000000488ca6bff is an unknown value
stack at sp + 6 slots: 0x00007fc608063101 points into unknown readable memory: 02 00 00 08 00 00 00
stack at sp + 7 slots: 0x00007fc649fc6cc0 is pointing into the stack for thread: 0x00007fc62c133000


---------------  P R O C E S S  ---------------

Threads class SMR info:
_java_thread_list=0x00007fc638001ec0, length=20, elements={
0x00007fc67c015000, 0x00007fc67c1e2800, 0x00007fc67c1e7000, 0x00007fc67c1f9800,
0x00007fc67c1fb800, 0x00007fc67c1fd800, 0x00007fc67c1ff800, 0x00007fc67c28b000,
0x00007fc62c133000, 0x00007fc62c135000, 0x00007fc6300d9800, 0x00007fc67c62b800,
0x00007fc67c62d800, 0x00007fc63017b800, 0x00007fc63017d000, 0x00007fc630260800,
0x00007fc630261800, 0x00007fc6080e6000, 0x00007fc6080e8800, 0x00007fc638001000
}

Java Threads: ( => current thread )
  0x00007fc67c015000 JavaThread "main" [_thread_in_vm, id=3132, stack(0x00007fc683975000,0x00007fc683a76000)]
  0x00007fc67c1e2800 JavaThread "Reference Handler" daemon [_thread_blocked, id=3153, stack(0x00007fc64b4fb000,0x00007fc64b5fc000)]
  0x00007fc67c1e7000 JavaThread "Finalizer" daemon [_thread_blocked, id=3155, stack(0x00007fc64b3fa000,0x00007fc64b4fb000)]
  0x00007fc67c1f9800 JavaThread "Signal Dispatcher" daemon [_thread_blocked, id=3156, stack(0x00007fc64a7f9000,0x00007fc64a8fa000)]
  0x00007fc67c1fb800 JavaThread "C2 CompilerThread0" daemon [_thread_in_native, id=3157, stack(0x00007fc64a6f8000,0x00007fc64a7f9000)]
  0x00007fc67c1fd800 JavaThread "C1 CompilerThread0" daemon [_thread_blocked, id=3158, stack(0x00007fc64a5f7000,0x00007fc64a6f8000)]
  0x00007fc67c1ff800 JavaThread "Sweeper thread" daemon [_thread_blocked, id=3159, stack(0x00007fc64a4f6000,0x00007fc64a5f7000)]
  0x00007fc67c28b000 JavaThread "Common-Cleaner" daemon [_thread_blocked, id=3169, stack(0x00007fc64a3f5000,0x00007fc64a4f6000)]
=>0x00007fc62c133000 JavaThread "C2 CompilerThread1" daemon [_thread_in_native, id=3173, stack(0x00007fc649ecb000,0x00007fc649fcc000)]
  0x00007fc62c135000 JavaThread "C2 CompilerThread2" daemon [_thread_in_native, id=3174, stack(0x00007fc649dca000,0x00007fc649ecb000)]
  0x00007fc6300d9800 JavaThread "C1 CompilerThread1" daemon [_thread_blocked, id=3175, stack(0x00007fc649cc9000,0x00007fc649dca000)]
  0x00007fc67c62b800 JavaThread "Monitor Ctrl-Break" daemon [_thread_in_native, id=3176, stack(0x00007fc649bc8000,0x00007fc649cc9000)]
  0x00007fc67c62d800 JavaThread "Service Thread" daemon [_thread_blocked, id=3177, stack(0x00007fc649ac7000,0x00007fc649bc8000)]
  0x00007fc63017b800 JavaThread "C1 CompilerThread2" daemon [_thread_blocked, id=3179, stack(0x00007fc6496c1000,0x00007fc6497c2000)]
  0x00007fc63017d000 JavaThread "C1 CompilerThread3" daemon [_thread_blocked, id=3180, stack(0x00007fc6495c0000,0x00007fc6496c1000)]
  0x00007fc630260800 JavaThread "C2 CompilerThread3" daemon [_thread_in_native, id=3215, stack(0x00007fc6480ad000,0x00007fc6481ae000)]
  0x00007fc630261800 JavaThread "C2 CompilerThread4" daemon [_thread_in_native, id=3216, stack(0x00007fc5f3eff000,0x00007fc5f4000000)]
  0x00007fc6080e6000 JavaThread "C2 CompilerThread5" daemon [_thread_in_native, id=3217, stack(0x00007fc5f35bf000,0x00007fc5f36c0000)]
  0x00007fc6080e8800 JavaThread "C2 CompilerThread6" daemon [_thread_blocked, id=3218, stack(0x00007fc5f34be000,0x00007fc5f35bf000)]
  0x00007fc638001000 JavaThread "Attach Listener" daemon [_thread_blocked, id=3219, stack(0x00007fc6490bf000,0x00007fc6491c0000)]

Other Threads:
  0x00007fc67c1da800 VMThread "VM Thread" [stack: 0x00007fc64b5fe000,0x00007fc64b6fe000] [id=3150]
  0x00007fc67c630000 WatcherThread [stack: 0x00007fc6499c7000,0x00007fc649ac7000] [id=3178]
  0x00007fc67c03d800 GCTaskThread "GC Thread#0" [stack: 0x00007fc66483c000,0x00007fc66493c000] [id=3141]
  0x00007fc63c001000 GCTaskThread "GC Thread#1" [stack: 0x00007fc648fbf000,0x00007fc6490bf000] [id=3185]
  0x00007fc63c002800 GCTaskThread "GC Thread#2" [stack: 0x00007fc648ebd000,0x00007fc648fbd000] [id=3188]
  0x00007fc63c004000 GCTaskThread "GC Thread#3" [stack: 0x00007fc648dbb000,0x00007fc648ebb000] [id=3191]
  0x00007fc67c06f800 ConcurrentGCThread "G1 Main Marker" [stack: 0x00007fc65afd6000,0x00007fc65b0d6000] [id=3142]
  0x00007fc67c071800 ConcurrentGCThread "G1 Conc#0" [stack: 0x00007fc65aed4000,0x00007fc65afd4000] [id=3144]
  0x00007fc654001000 ConcurrentGCThread "G1 Conc#1" [stack: 0x00007fc5f3dc4000,0x00007fc5f3ec4000] [id=3207]
  0x00007fc654002800 ConcurrentGCThread "G1 Conc#2" [stack: 0x00007fc5f3cc2000,0x00007fc5f3dc2000] [id=3208]
  0x00007fc67c110800 ConcurrentGCThread "G1 Refine#0" [stack: 0x00007fc6580c5000,0x00007fc6581c5000] [id=3147]
  0x00007fc67c112800 ConcurrentGCThread "G1 Young RemSet Sampling" [stack: 0x00007fc64bf00000,0x00007fc64c000000] [id=3148]

Threads with active compile tasks:
C2 CompilerThread04461       4       java.net.URLStreamHandler::parseURL (1201 bytes)
C2 CompilerThread14463       4       java.util.Properties::loadConvert (505 bytes)
C2 CompilerThread24508   !   4       java.util.concurrent.ConcurrentHashMap::computeIfAbsent (576 bytes)
C2 CompilerThread34278       4       org.springframework.core.annotation.AnnotationUtils::postProcessAnnotationAttributes (163 bytes)
C2 CompilerThread44520   !   4       org.springframework.core.annotation.AnnotationUtils::findAnnotation (171 bytes)
C2 CompilerThread54515       4       org.springframework.beans.factory.support.DefaultListableBeanFactory::requiresEagerInitForType (26 bytes)

VM state:not at safepoint (normal execution)

VM Mutex/Monitor currently owned by a thread:  ([mutex/lock_event])
[0x00007fc67c0119b0] CompiledIC_lock - owner thread: 0x0000000000000000

Heap address: 0x0000000083200000, size: 1998 MB, Compressed Oops mode: 32-bit
Narrow klass base: 0x0000000000000000, Narrow klass shift: 3
Compressed class space size: 1073741824 Address: 0x0000000100000000

Heap:
 garbage-first heap   total 155648K, used 26930K [0x0000000083200000, 0x0000000100000000)
  region size 1024K, 17 young (17408K), 11 survivors (11264K)
 Metaspace       used 41490K, capacity 42506K, committed 43008K, reserved 1087488K
  class space    used 4878K, capacity 5264K, committed 5376K, reserved 1048576K
Heap Regions: E=young(eden), S=young(survivor), O=old, HS=humongous(starts), HC=humongous(continues), CS=collection set, F=free, A=archive, TAMS=top-at-mark-start (previous, next)
|   0|0x0000000083200000, 0x0000000083300000, 0x0000000083300000|100%|HS|  |TAMS 0x0000000083300000, 0x0000000083200000| Complete 
|   1|0x0000000083300000, 0x0000000083400000, 0x0000000083400000|100%| O|  |TAMS 0x0000000083400000, 0x0000000083300000| Untracked 
|   2|0x0000000083400000, 0x0000000083500000, 0x0000000083500000|100%| O|  |TAMS 0x0000000083500000, 0x0000000083400000| Untracked 
|   3|0x0000000083500000, 0x0000000083600000, 0x0000000083600000|100%| O|  |TAMS 0x0000000083600000, 0x0000000083500000| Untracked 
|   4|0x0000000083600000, 0x0000000083700000, 0x0000000083700000|100%| O|  |TAMS 0x0000000083700000, 0x0000000083600000| Untracked 
|   5|0x0000000083700000, 0x0000000083800000, 0x0000000083800000|100%| O|  |TAMS 0x0000000083800000, 0x0000000083700000| Untracked 
|   6|0x0000000083800000, 0x0000000083900000, 0x0000000083900000|100%| O|  |TAMS 0x0000000083900000, 0x0000000083800000| Untracked 
|   7|0x0000000083900000, 0x0000000083a00000, 0x0000000083a00000|100%| O|  |TAMS 0x0000000083a00000, 0x0000000083900000| Untracked 
|   8|0x0000000083a00000, 0x0000000083b00000, 0x0000000083b00000|100%| O|  |TAMS 0x0000000083a7ae08, 0x0000000083a00000| Untracked 
|   9|0x0000000083b00000, 0x0000000083c00000, 0x0000000083c00000|100%| O|  |TAMS 0x0000000083b00000, 0x0000000083b00000| Untracked 
|  10|0x0000000083c00000, 0x0000000083c4c800, 0x0000000083d00000| 29%| O|  |TAMS 0x0000000083c00000, 0x0000000083c00000| Untracked 
|  11|0x0000000083d00000, 0x0000000083d00000, 0x0000000083e00000|  0%| F|  |TAMS 0x0000000083d00000, 0x0000000083d00000| Untracked 
|  12|0x0000000083e00000, 0x0000000083e00000, 0x0000000083f00000|  0%| F|  |TAMS 0x0000000083e00000, 0x0000000083e00000| Untracked 
|  13|0x0000000083f00000, 0x0000000083f00000, 0x0000000084000000|  0%| F|  |TAMS 0x0000000083f00000, 0x0000000083f00000| Untracked 
|  14|0x0000000084000000, 0x0000000084000000, 0x0000000084100000|  0%| F|  |TAMS 0x0000000084000000, 0x0000000084000000| Untracked 
|  15|0x0000000084100000, 0x0000000084100000, 0x0000000084200000|  0%| F|  |TAMS 0x0000000084100000, 0x0000000084100000| Untracked 
|  16|0x0000000084200000, 0x0000000084200000, 0x0000000084300000|  0%| F|  |TAMS 0x0000000084200000, 0x0000000084200000| Untracked 
|  17|0x0000000084300000, 0x0000000084300000, 0x0000000084400000|  0%| F|  |TAMS 0x0000000084300000, 0x0000000084300000| Untracked 
|  18|0x0000000084400000, 0x0000000084400000, 0x0000000084500000|  0%| F|  |TAMS 0x0000000084400000, 0x0000000084400000| Untracked 
|  19|0x0000000084500000, 0x0000000084500000, 0x0000000084600000|  0%| F|  |TAMS 0x0000000084500000, 0x0000000084500000| Untracked 
|  20|0x0000000084600000, 0x0000000084600000, 0x0000000084700000|  0%| F|  |TAMS 0x0000000084600000, 0x0000000084600000| Untracked 
|  21|0x0000000084700000, 0x0000000084700000, 0x0000000084800000|  0%| F|  |TAMS 0x0000000084700000, 0x0000000084700000| Untracked 
|  22|0x0000000084800000, 0x0000000084800000, 0x0000000084900000|  0%| F|  |TAMS 0x0000000084800000, 0x0000000084800000| Untracked 
|  23|0x0000000084900000, 0x0000000084900000, 0x0000000084a00000|  0%| F|  |TAMS 0x0000000084900000, 0x0000000084900000| Untracked 
|  24|0x0000000084a00000, 0x0000000084a00000, 0x0000000084b00000|  0%| F|  |TAMS 0x0000000084a00000, 0x0000000084a00000| Untracked 
|  25|0x0000000084b00000, 0x0000000084b00000, 0x0000000084c00000|  0%| F|  |TAMS 0x0000000084b00000, 0x0000000084b00000| Untracked 
|  26|0x0000000084c00000, 0x0000000084c00000, 0x0000000084d00000|  0%| F|  |TAMS 0x0000000084c00000, 0x0000000084c00000| Untracked 
|  27|0x0000000084d00000, 0x0000000084d00000, 0x0000000084e00000|  0%| F|  |TAMS 0x0000000084d00000, 0x0000000084d00000| Untracked 
|  28|0x0000000084e00000, 0x0000000084e00000, 0x0000000084f00000|  0%| F|  |TAMS 0x0000000084e00000, 0x0000000084e00000| Untracked 
|  29|0x0000000084f00000, 0x0000000084f00000, 0x0000000085000000|  0%| F|  |TAMS 0x0000000084f00000, 0x0000000084f00000| Untracked 
|  30|0x0000000085000000, 0x0000000085000000, 0x0000000085100000|  0%| F|  |TAMS 0x0000000085000000, 0x0000000085000000| Untracked 
|  31|0x0000000085100000, 0x0000000085100000, 0x0000000085200000|  0%| F|  |TAMS 0x0000000085100000, 0x0000000085100000| Untracked 
|  32|0x0000000085200000, 0x0000000085200000, 0x0000000085300000|  0%| F|  |TAMS 0x0000000085200000, 0x0000000085200000| Untracked 
|  33|0x0000000085300000, 0x0000000085300000, 0x0000000085400000|  0%| F|  |TAMS 0x0000000085300000, 0x0000000085300000| Untracked 
|  34|0x0000000085400000, 0x0000000085400000, 0x0000000085500000|  0%| F|  |TAMS 0x0000000085400000, 0x0000000085400000| Untracked 
|  35|0x0000000085500000, 0x0000000085500000, 0x0000000085600000|  0%| F|  |TAMS 0x0000000085500000, 0x0000000085500000| Untracked 
|  36|0x0000000085600000, 0x0000000085600000, 0x0000000085700000|  0%| F|  |TAMS 0x0000000085600000, 0x0000000085600000| Untracked 
|  37|0x0000000085700000, 0x0000000085700000, 0x0000000085800000|  0%| F|  |TAMS 0x0000000085700000, 0x0000000085700000| Untracked 
|  38|0x0000000085800000, 0x0000000085800000, 0x0000000085900000|  0%| F|  |TAMS 0x0000000085800000, 0x0000000085800000| Untracked 
|  39|0x0000000085900000, 0x0000000085900000, 0x0000000085a00000|  0%| F|  |TAMS 0x0000000085900000, 0x0000000085900000| Untracked 
|  40|0x0000000085a00000, 0x0000000085a00000, 0x0000000085b00000|  0%| F|  |TAMS 0x0000000085a00000, 0x0000000085a00000| Untracked 
|  41|0x0000000085b00000, 0x0000000085b00000, 0x0000000085c00000|  0%| F|  |TAMS 0x0000000085b00000, 0x0000000085b00000| Untracked 
|  42|0x0000000085c00000, 0x0000000085c00000, 0x0000000085d00000|  0%| F|  |TAMS 0x0000000085c00000, 0x0000000085c00000| Untracked 
|  43|0x0000000085d00000, 0x0000000085d00000, 0x0000000085e00000|  0%| F|  |TAMS 0x0000000085d00000, 0x0000000085d00000| Untracked 
|  44|0x0000000085e00000, 0x0000000085e00000, 0x0000000085f00000|  0%| F|  |TAMS 0x0000000085e00000, 0x0000000085e00000| Untracked 
|  45|0x0000000085f00000, 0x0000000085f00000, 0x0000000086000000|  0%| F|  |TAMS 0x0000000085f00000, 0x0000000085f00000| Untracked 
|  46|0x0000000086000000, 0x0000000086000000, 0x0000000086100000|  0%| F|  |TAMS 0x0000000086000000, 0x0000000086000000| Untracked 
|  47|0x0000000086100000, 0x0000000086100000, 0x0000000086200000|  0%| F|  |TAMS 0x0000000086100000, 0x0000000086100000| Untracked 
|  48|0x0000000086200000, 0x0000000086200000, 0x0000000086300000|  0%| F|  |TAMS 0x0000000086200000, 0x0000000086200000| Untracked 
|  49|0x0000000086300000, 0x0000000086300000, 0x0000000086400000|  0%| F|  |TAMS 0x0000000086300000, 0x0000000086300000| Untracked 
|  50|0x0000000086400000, 0x0000000086400000, 0x0000000086500000|  0%| F|  |TAMS 0x0000000086400000, 0x0000000086400000| Untracked 
|  51|0x0000000086500000, 0x0000000086500000, 0x0000000086600000|  0%| F|  |TAMS 0x0000000086500000, 0x0000000086500000| Untracked 
|  52|0x0000000086600000, 0x0000000086600000, 0x0000000086700000|  0%| F|  |TAMS 0x0000000086600000, 0x0000000086600000| Untracked 
|  53|0x0000000086700000, 0x0000000086800000, 0x0000000086800000|100%| S|CS|TAMS 0x0000000086700000, 0x0000000086700000| Complete 
|  54|0x0000000086800000, 0x0000000086900000, 0x0000000086900000|100%| S|CS|TAMS 0x0000000086800000, 0x0000000086800000| Complete 
|  55|0x0000000086900000, 0x0000000086a00000, 0x0000000086a00000|100%| S|CS|TAMS 0x0000000086900000, 0x0000000086900000| Complete 
|  56|0x0000000086a00000, 0x0000000086b00000, 0x0000000086b00000|100%| S|CS|TAMS 0x0000000086a00000, 0x0000000086a00000| Complete 
|  57|0x0000000086b00000, 0x0000000086c00000, 0x0000000086c00000|100%| S|CS|TAMS 0x0000000086b00000, 0x0000000086b00000| Complete 
|  58|0x0000000086c00000, 0x0000000086d00000, 0x0000000086d00000|100%| S|CS|TAMS 0x0000000086c00000, 0x0000000086c00000| Complete 
|  59|0x0000000086d00000, 0x0000000086e00000, 0x0000000086e00000|100%| S|CS|TAMS 0x0000000086d00000, 0x0000000086d00000| Complete 
|  60|0x0000000086e00000, 0x0000000086f00000, 0x0000000086f00000|100%| S|CS|TAMS 0x0000000086e00000, 0x0000000086e00000| Complete 
|  61|0x0000000086f00000, 0x0000000087000000, 0x0000000087000000|100%| S|CS|TAMS 0x0000000086f00000, 0x0000000086f00000| Complete 
|  62|0x0000000087000000, 0x0000000087100000, 0x0000000087100000|100%| S|CS|TAMS 0x0000000087000000, 0x0000000087000000| Complete 
|  63|0x0000000087100000, 0x0000000087200000, 0x0000000087200000|100%| S|CS|TAMS 0x0000000087100000, 0x0000000087100000| Complete 
|  64|0x0000000087200000, 0x0000000087200000, 0x0000000087300000|  0%| F|  |TAMS 0x0000000087200000, 0x0000000087200000| Untracked 
|  65|0x0000000087300000, 0x0000000087300000, 0x0000000087400000|  0%| F|  |TAMS 0x0000000087300000, 0x0000000087300000| Untracked 
|  66|0x0000000087400000, 0x0000000087400000, 0x0000000087500000|  0%| F|  |TAMS 0x0000000087400000, 0x0000000087400000| Untracked 
|  67|0x0000000087500000, 0x0000000087500000, 0x0000000087600000|  0%| F|  |TAMS 0x0000000087500000, 0x0000000087500000| Untracked 
|  68|0x0000000087600000, 0x0000000087600000, 0x0000000087700000|  0%| F|  |TAMS 0x0000000087600000, 0x0000000087600000| Untracked 
|  69|0x0000000087700000, 0x0000000087700000, 0x0000000087800000|  0%| F|  |TAMS 0x0000000087700000, 0x0000000087700000| Untracked 
|  70|0x0000000087800000, 0x0000000087800000, 0x0000000087900000|  0%| F|  |TAMS 0x0000000087800000, 0x0000000087800000| Untracked 
|  71|0x0000000087900000, 0x0000000087900000, 0x0000000087a00000|  0%| F|  |TAMS 0x0000000087900000, 0x0000000087900000| Untracked 
|  72|0x0000000087a00000, 0x0000000087a00000, 0x0000000087b00000|  0%| F|  |TAMS 0x0000000087a00000, 0x0000000087a00000| Untracked 
|  73|0x0000000087b00000, 0x0000000087b00000, 0x0000000087c00000|  0%| F|  |TAMS 0x0000000087b00000, 0x0000000087b00000| Untracked 
|  74|0x0000000087c00000, 0x0000000087c00000, 0x0000000087d00000|  0%| F|  |TAMS 0x0000000087c00000, 0x0000000087c00000| Untracked 
|  75|0x0000000087d00000, 0x0000000087d00000, 0x0000000087e00000|  0%| F|  |TAMS 0x0000000087d00000, 0x0000000087d00000| Untracked 
|  76|0x0000000087e00000, 0x0000000087e00000, 0x0000000087f00000|  0%| F|  |TAMS 0x0000000087e00000, 0x0000000087e00000| Untracked 
|  77|0x0000000087f00000, 0x0000000087f00000, 0x0000000088000000|  0%| F|  |TAMS 0x0000000087f00000, 0x0000000087f00000| Untracked 
|  78|0x0000000088000000, 0x0000000088000000, 0x0000000088100000|  0%| F|  |TAMS 0x0000000088000000, 0x0000000088000000| Untracked 
|  79|0x0000000088100000, 0x0000000088100000, 0x0000000088200000|  0%| F|  |TAMS 0x0000000088100000, 0x0000000088100000| Untracked 
|  80|0x0000000088200000, 0x0000000088200000, 0x0000000088300000|  0%| F|  |TAMS 0x0000000088200000, 0x0000000088200000| Untracked 
|  81|0x0000000088300000, 0x0000000088300000, 0x0000000088400000|  0%| F|  |TAMS 0x0000000088300000, 0x0000000088300000| Untracked 
|  82|0x0000000088400000, 0x0000000088400000, 0x0000000088500000|  0%| F|  |TAMS 0x0000000088400000, 0x0000000088400000| Untracked 
|  83|0x0000000088500000, 0x0000000088500000, 0x0000000088600000|  0%| F|  |TAMS 0x0000000088500000, 0x0000000088500000| Untracked 
|  84|0x0000000088600000, 0x0000000088600000, 0x0000000088700000|  0%| F|  |TAMS 0x0000000088600000, 0x0000000088600000| Untracked 
|  85|0x0000000088700000, 0x0000000088700000, 0x0000000088800000|  0%| F|  |TAMS 0x0000000088700000, 0x0000000088700000| Untracked 
|  86|0x0000000088800000, 0x0000000088800000, 0x0000000088900000|  0%| F|  |TAMS 0x0000000088800000, 0x0000000088800000| Untracked 
|  87|0x0000000088900000, 0x0000000088900000, 0x0000000088a00000|  0%| F|  |TAMS 0x0000000088900000, 0x0000000088900000| Untracked 
|  88|0x0000000088a00000, 0x0000000088a00000, 0x0000000088b00000|  0%| F|  |TAMS 0x0000000088a00000, 0x0000000088a00000| Untracked 
|  89|0x0000000088b00000, 0x0000000088b00000, 0x0000000088c00000|  0%| F|  |TAMS 0x0000000088b00000, 0x0000000088b00000| Untracked 
|  90|0x0000000088c00000, 0x0000000088c00000, 0x0000000088d00000|  0%| F|  |TAMS 0x0000000088c00000, 0x0000000088c00000| Untracked 
|  91|0x0000000088d00000, 0x0000000088d00000, 0x0000000088e00000|  0%| F|  |TAMS 0x0000000088d00000, 0x0000000088d00000| Untracked 
|  92|0x0000000088e00000, 0x0000000088e00000, 0x0000000088f00000|  0%| F|  |TAMS 0x0000000088e00000, 0x0000000088e00000| Untracked 
|  93|0x0000000088f00000, 0x0000000088f00000, 0x0000000089000000|  0%| F|  |TAMS 0x0000000088f00000, 0x0000000088f00000| Untracked 
|  94|0x0000000089000000, 0x0000000089000000, 0x0000000089100000|  0%| F|  |TAMS 0x0000000089000000, 0x0000000089000000| Untracked 
|  95|0x0000000089100000, 0x0000000089100000, 0x0000000089200000|  0%| F|  |TAMS 0x0000000089100000, 0x0000000089100000| Untracked 
|  96|0x0000000089200000, 0x0000000089200000, 0x0000000089300000|  0%| F|  |TAMS 0x0000000089200000, 0x0000000089200000| Untracked 
|  97|0x0000000089300000, 0x0000000089300000, 0x0000000089400000|  0%| F|  |TAMS 0x0000000089300000, 0x0000000089300000| Untracked 
|  98|0x0000000089400000, 0x0000000089400000, 0x0000000089500000|  0%| F|  |TAMS 0x0000000089400000, 0x0000000089400000| Untracked 
|  99|0x0000000089500000, 0x0000000089500000, 0x0000000089600000|  0%| F|  |TAMS 0x0000000089500000, 0x0000000089500000| Untracked 
| 100|0x0000000089600000, 0x0000000089600000, 0x0000000089700000|  0%| F|  |TAMS 0x0000000089600000, 0x0000000089600000| Untracked 
| 101|0x0000000089700000, 0x0000000089700000, 0x0000000089800000|  0%| F|  |TAMS 0x0000000089700000, 0x0000000089700000| Untracked 
| 102|0x0000000089800000, 0x0000000089800000, 0x0000000089900000|  0%| F|  |TAMS 0x0000000089800000, 0x0000000089800000| Untracked 
| 103|0x0000000089900000, 0x0000000089900000, 0x0000000089a00000|  0%| F|  |TAMS 0x0000000089900000, 0x0000000089900000| Untracked 
| 104|0x0000000089a00000, 0x0000000089a00000, 0x0000000089b00000|  0%| F|  |TAMS 0x0000000089a00000, 0x0000000089a00000| Untracked 
| 105|0x0000000089b00000, 0x0000000089b00000, 0x0000000089c00000|  0%| F|  |TAMS 0x0000000089b00000, 0x0000000089b00000| Untracked 
| 106|0x0000000089c00000, 0x0000000089c00000, 0x0000000089d00000|  0%| F|  |TAMS 0x0000000089c00000, 0x0000000089c00000| Untracked 
| 107|0x0000000089d00000, 0x0000000089d00000, 0x0000000089e00000|  0%| F|  |TAMS 0x0000000089d00000, 0x0000000089d00000| Untracked 
| 108|0x0000000089e00000, 0x0000000089e00000, 0x0000000089f00000|  0%| F|  |TAMS 0x0000000089e00000, 0x0000000089e00000| Untracked 
| 109|0x0000000089f00000, 0x0000000089f00000, 0x000000008a000000|  0%| F|  |TAMS 0x0000000089f00000, 0x0000000089f00000| Untracked 
| 110|0x000000008a000000, 0x000000008a000000, 0x000000008a100000|  0%| F|  |TAMS 0x000000008a000000, 0x000000008a000000| Untracked 
| 111|0x000000008a100000, 0x000000008a100000, 0x000000008a200000|  0%| F|  |TAMS 0x000000008a100000, 0x000000008a100000| Untracked 
| 112|0x000000008a200000, 0x000000008a200000, 0x000000008a300000|  0%| F|  |TAMS 0x000000008a200000, 0x000000008a200000| Untracked 
| 113|0x000000008a300000, 0x000000008a300000, 0x000000008a400000|  0%| F|  |TAMS 0x000000008a300000, 0x000000008a300000| Untracked 
| 114|0x000000008a400000, 0x000000008a400000, 0x000000008a500000|  0%| F|  |TAMS 0x000000008a400000, 0x000000008a400000| Untracked 
| 115|0x000000008a500000, 0x000000008a500000, 0x000000008a600000|  0%| F|  |TAMS 0x000000008a500000, 0x000000008a500000| Untracked 
| 116|0x000000008a600000, 0x000000008a600000, 0x000000008a700000|  0%| F|  |TAMS 0x000000008a600000, 0x000000008a600000| Untracked 
| 117|0x000000008a700000, 0x000000008a700000, 0x000000008a800000|  0%| F|  |TAMS 0x000000008a700000, 0x000000008a700000| Untracked 
| 118|0x000000008a800000, 0x000000008a800000, 0x000000008a900000|  0%| F|  |TAMS 0x000000008a800000, 0x000000008a800000| Untracked 
| 119|0x000000008a900000, 0x000000008a900000, 0x000000008aa00000|  0%| F|  |TAMS 0x000000008a900000, 0x000000008a900000| Untracked 
| 120|0x000000008aa00000, 0x000000008aa00000, 0x000000008ab00000|  0%| F|  |TAMS 0x000000008aa00000, 0x000000008aa00000| Untracked 
| 121|0x000000008ab00000, 0x000000008ab00000, 0x000000008ac00000|  0%| F|  |TAMS 0x000000008ab00000, 0x000000008ab00000| Untracked 
| 122|0x000000008ac00000, 0x000000008ac00000, 0x000000008ad00000|  0%| F|  |TAMS 0x000000008ac00000, 0x000000008ac00000| Untracked 
| 123|0x000000008ad00000, 0x000000008ad00000, 0x000000008ae00000|  0%| F|  |TAMS 0x000000008ad00000, 0x000000008ad00000| Untracked 
| 124|0x000000008ae00000, 0x000000008ae00000, 0x000000008af00000|  0%| F|  |TAMS 0x000000008ae00000, 0x000000008ae00000| Untracked 
| 125|0x000000008af00000, 0x000000008af00000, 0x000000008b000000|  0%| F|  |TAMS 0x000000008af00000, 0x000000008af00000| Untracked 
| 126|0x000000008b000000, 0x000000008b000000, 0x000000008b100000|  0%| F|  |TAMS 0x000000008b000000, 0x000000008b000000| Untracked 
| 127|0x000000008b100000, 0x000000008b100000, 0x000000008b200000|  0%| F|  |TAMS 0x000000008b100000, 0x000000008b100000| Untracked 
| 128|0x000000008b200000, 0x000000008b200000, 0x000000008b300000|  0%| F|  |TAMS 0x000000008b200000, 0x000000008b200000| Untracked 
| 129|0x000000008b300000, 0x000000008b300000, 0x000000008b400000|  0%| F|  |TAMS 0x000000008b300000, 0x000000008b300000| Untracked 
| 130|0x000000008b400000, 0x000000008b400000, 0x000000008b500000|  0%| F|  |TAMS 0x000000008b400000, 0x000000008b400000| Untracked 
| 131|0x000000008b500000, 0x000000008b500000, 0x000000008b600000|  0%| F|  |TAMS 0x000000008b500000, 0x000000008b500000| Untracked 
| 132|0x000000008b600000, 0x000000008b600000, 0x000000008b700000|  0%| F|  |TAMS 0x000000008b600000, 0x000000008b600000| Untracked 
| 133|0x000000008b700000, 0x000000008b700000, 0x000000008b800000|  0%| F|  |TAMS 0x000000008b700000, 0x000000008b700000| Untracked 
| 134|0x000000008b800000, 0x000000008b800000, 0x000000008b900000|  0%| F|  |TAMS 0x000000008b800000, 0x000000008b800000| Untracked 
| 135|0x000000008b900000, 0x000000008b900000, 0x000000008ba00000|  0%| F|  |TAMS 0x000000008b900000, 0x000000008b900000| Untracked 
| 136|0x000000008ba00000, 0x000000008ba00000, 0x000000008bb00000|  0%| F|  |TAMS 0x000000008ba00000, 0x000000008ba00000| Untracked 
| 137|0x000000008bb00000, 0x000000008bb00000, 0x000000008bc00000|  0%| F|  |TAMS 0x000000008bb00000, 0x000000008bb00000| Untracked 
| 138|0x000000008bc00000, 0x000000008bc00000, 0x000000008bd00000|  0%| F|  |TAMS 0x000000008bc00000, 0x000000008bc00000| Untracked 
| 139|0x000000008bd00000, 0x000000008bd00000, 0x000000008be00000|  0%| F|  |TAMS 0x000000008bd00000, 0x000000008bd00000| Untracked 
| 140|0x000000008be00000, 0x000000008be00000, 0x000000008bf00000|  0%| F|  |TAMS 0x000000008be00000, 0x000000008be00000| Untracked 
| 141|0x000000008bf00000, 0x000000008bf00000, 0x000000008c000000|  0%| F|  |TAMS 0x000000008bf00000, 0x000000008bf00000| Untracked 
| 142|0x000000008c000000, 0x000000008c000000, 0x000000008c100000|  0%| F|  |TAMS 0x000000008c000000, 0x000000008c000000| Untracked 
| 143|0x000000008c100000, 0x000000008c100000, 0x000000008c200000|  0%| F|  |TAMS 0x000000008c100000, 0x000000008c100000| Untracked 
| 144|0x000000008c200000, 0x000000008c200000, 0x000000008c300000|  0%| F|  |TAMS 0x000000008c200000, 0x000000008c200000| Untracked 
| 145|0x000000008c300000, 0x000000008c380800, 0x000000008c400000| 50%| E|  |TAMS 0x000000008c300000, 0x000000008c300000| Complete 
| 146|0x000000008c400000, 0x000000008c500000, 0x000000008c500000|100%| E|CS|TAMS 0x000000008c400000, 0x000000008c400000| Complete 
| 147|0x000000008c500000, 0x000000008c600000, 0x000000008c600000|100%| E|CS|TAMS 0x000000008c500000, 0x000000008c500000| Complete 
| 148|0x000000008c600000, 0x000000008c700000, 0x000000008c700000|100%| E|CS|TAMS 0x000000008c600000, 0x000000008c600000| Complete 
| 149|0x000000008c700000, 0x000000008c800000, 0x000000008c800000|100%| E|CS|TAMS 0x000000008c700000, 0x000000008c700000| Complete 
| 150|0x000000008c800000, 0x000000008c900000, 0x000000008c900000|100%| E|CS|TAMS 0x000000008c800000, 0x000000008c800000| Complete 
| 151|0x000000008c900000, 0x000000008ca00000, 0x000000008ca00000|100%| E|CS|TAMS 0x000000008c900000, 0x000000008c900000| Complete 

Card table byte_map: [0x00007fc65f32d000,0x00007fc65f714000] _byte_map_base: 0x00007fc65ef14000

Marking Bits (Prev, Next): (CMBitMap*) 0x00007fc67c066c58, (CMBitMap*) 0x00007fc67c066c90
 Prev Bits: [0x00007fc65d00e000, 0x00007fc65ef46000)
 Next Bits: [0x00007fc65b0d6000, 0x00007fc65d00e000)

Polling page: 0x00007fc683a96000

Metaspace:

Usage:
  Non-class:     36,37 MB capacity,    35,75 MB ( 98%) used,   512,09 KB (  1%) free+waste,   117,56 KB ( <1%) overhead. 
      Class:      5,14 MB capacity,     4,76 MB ( 93%) used,   330,68 KB (  6%) free+waste,    54,38 KB (  1%) overhead. 
       Both:     41,51 MB capacity,    40,52 MB ( 98%) used,   842,77 KB (  2%) free+waste,   171,94 KB ( <1%) overhead. 

Virtual space:
  Non-class space:       38,00 MB reserved,      36,75 MB ( 97%) committed 
      Class space:        1,00 GB reserved,       5,25 MB ( <1%) committed 
             Both:        1,04 GB reserved,      42,00 MB (  4%) committed 

Chunk freelists:
   Non-Class:  23,75 KB
       Class:  2,00 KB
        Both:  25,75 KB

CodeHeap 'non-profiled nmethods': size=119172Kb used=2634Kb max_used=2634Kb free=116537Kb
 bounds [0x00007fc66c5c4000, 0x00007fc66c864000, 0x00007fc673a25000]
CodeHeap 'profiled nmethods': size=119172Kb used=10946Kb max_used=10946Kb free=108225Kb
 bounds [0x00007fc665163000, 0x00007fc665c23000, 0x00007fc66c5c4000]
CodeHeap 'non-nmethods': size=7416Kb used=2861Kb max_used=2895Kb free=4554Kb
 bounds [0x00007fc664a25000, 0x00007fc664d05000, 0x00007fc665163000]
 total_blobs=6163 nmethods=4498 adapters=395
 compilation: enabled
              stopped_count=0, restarted_count=0
 full_count=0

Compilation events (10 events):
Event: 2,031 Thread 0x00007fc6300d9800 nmethod 4464 0x00007fc66c842410 code [0x00007fc66c8425c0, 0x00007fc66c8426d0]
Event: 2,033 Thread 0x00007fc67c1fd800 4465       3       java.net.URI$Parser::scan (41 bytes)
Event: 2,033 Thread 0x00007fc630261800 4466       4       java.net.URI::match (56 bytes)
Event: 2,033 Thread 0x00007fc67c1fd800 nmethod 4465 0x00007fc665bfba10 code [0x00007fc665bfbc80, 0x00007fc665bfc5d8]
Event: 2,033 Thread 0x00007fc630261800 nmethod 4466 0x00007fc66c842710 code [0x00007fc66c8428a0, 0x00007fc66c842998]
Event: 2,034 Thread 0x00007fc63017b800 4467       1       java.net.URI::getScheme (5 bytes)
Event: 2,034 Thread 0x00007fc6080e8800 4469       4       java.io.File::getName (42 bytes)
Event: 2,034 Thread 0x00007fc63017d000 4468   !   3       java.net.URL::getURLStreamHandler (182 bytes)
Event: 2,034 Thread 0x00007fc63017b800 nmethod 4467 0x00007fc66c842a90 code [0x00007fc66c842c40, 0x00007fc66c842d50]
Event: 2,034 Thread 0x00007fc6300d9800 4470       3       java.io.File::getAbsolutePath (8 bytes)

GC Heap History (10 events):
Event: 0,673 GC heap before
{Heap before GC invocations=3 (full 0):
 garbage-first heap   total 129024K, used 26722K [0x0000000083200000, 0x0000000100000000)
  region size 1024K, 23 young (23552K), 5 survivors (5120K)
 Metaspace       used 24521K, capacity 25017K, committed 25344K, reserved 1071104K
  class space    used 2790K, capacity 2979K, committed 3072K, reserved 1048576K
}
Event: 0,678 GC heap after
{Heap after GC invocations=4 (full 0):
 garbage-first heap   total 129024K, used 8940K [0x0000000083200000, 0x0000000100000000)
  region size 1024K, 1 young (1024K), 1 survivors (1024K)
 Metaspace       used 24521K, capacity 25017K, committed 25344K, reserved 1071104K
  class space    used 2790K, capacity 2979K, committed 3072K, reserved 1048576K
}
Event: 0,818 GC heap before
{Heap before GC invocations=4 (full 0):
 garbage-first heap   total 129024K, used 62188K [0x0000000083200000, 0x0000000100000000)
  region size 1024K, 54 young (55296K), 1 survivors (1024K)
 Metaspace       used 28003K, capacity 28535K, committed 28800K, reserved 1075200K
  class space    used 3200K, capacity 3413K, committed 3456K, reserved 1048576K
}
Event: 0,821 GC heap after
{Heap after GC invocations=5 (full 0):
 garbage-first heap   total 129024K, used 10358K [0x0000000083200000, 0x0000000100000000)
  region size 1024K, 3 young (3072K), 3 survivors (3072K)
 Metaspace       used 28003K, capacity 28535K, committed 28800K, reserved 1075200K
  class space    used 3200K, capacity 3413K, committed 3456K, reserved 1048576K
}
Event: 1,415 GC heap before
{Heap before GC invocations=5 (full 0):
 garbage-first heap   total 129024K, used 72822K [0x0000000083200000, 0x0000000100000000)
  region size 1024K, 64 young (65536K), 3 survivors (3072K)
 Metaspace       used 34126K, capacity 34932K, committed 35200K, reserved 1079296K
  class space    used 4006K, capacity 4355K, committed 4480K, reserved 1048576K
}
Event: 1,422 GC heap after
{Heap after GC invocations=6 (full 0):
 garbage-first heap   total 155648K, used 14769K [0x0000000083200000, 0x0000000100000000)
  region size 1024K, 7 young (7168K), 7 survivors (7168K)
 Metaspace       used 34126K, capacity 34932K, committed 35200K, reserved 1079296K
  class space    used 4006K, capacity 4355K, committed 4480K, reserved 1048576K
}
Event: 1,515 GC heap before
{Heap before GC invocations=6 (full 0):
 garbage-first heap   total 155648K, used 23985K [0x0000000083200000, 0x0000000100000000)
  region size 1024K, 17 young (17408K), 7 survivors (7168K)
 Metaspace       used 34830K, capacity 35648K, committed 35840K, reserved 1081344K
  class space    used 4061K, capacity 4422K, committed 4480K, reserved 1048576K
}
Event: 1,526 GC heap after
{Heap after GC invocations=7 (full 0):
 garbage-first heap   total 155648K, used 15511K [0x0000000083200000, 0x0000000100000000)
  region size 1024K, 7 young (7168K), 7 survivors (7168K)
 Metaspace       used 34830K, capacity 35648K, committed 35840K, reserved 1081344K
  class space    used 4061K, capacity 4422K, committed 4480K, reserved 1048576K
}
Event: 2,003 GC heap before
{Heap before GC invocations=8 (full 0):
 garbage-first heap   total 155648K, used 97431K [0x0000000083200000, 0x0000000100000000)
  region size 1024K, 88 young (90112K), 7 survivors (7168K)
 Metaspace       used 41014K, capacity 41980K, committed 42368K, reserved 1087488K
  class space    used 4827K, capacity 5195K, committed 5248K, reserved 1048576K
}
Event: 2,013 GC heap after
{Heap after GC invocations=9 (full 0):
 garbage-first heap   total 155648K, used 21810K [0x0000000083200000, 0x0000000100000000)
  region size 1024K, 11 young (11264K), 11 survivors (11264K)
 Metaspace       used 41014K, capacity 41980K, committed 42368K, reserved 1087488K
  class space    used 4827K, capacity 5195K, committed 5248K, reserved 1048576K
}

Deoptimization events (10 events):
Event: 1,828 Thread 0x00007fc67c015000 Uncommon trap: reason=unstable_if action=reinterpret pc=0x00007fc66c7df47c method=java.util.LinkedHashMap.afterNodeAccess(Ljava/util/HashMap$Node;)V @ 4 c2
Event: 1,854 Thread 0x00007fc67c015000 Uncommon trap: reason=unstable_if action=reinterpret pc=0x00007fc66c6ec8b0 method=org.apache.tomcat.util.IntrospectionUtils.setProperty(Ljava/lang/Object;Ljava/lang/String;Ljava/lang/String;Z)Z @ 272 c2
Event: 1,861 Thread 0x00007fc67c015000 Uncommon trap: reason=unstable_if action=reinterpret pc=0x00007fc66c6af400 method=java.lang.StringLatin1.compareToCI([B[B)I @ 68 c2
Event: 1,914 Thread 0x00007fc67c015000 Uncommon trap: reason=unstable_if action=reinterpret pc=0x00007fc66c811160 method=java.util.Properties.loadConvert([CII[C)Ljava/lang/String; @ 97 c2
Event: 1,914 Thread 0x00007fc67c015000 Uncommon trap: reason=unstable_if action=reinterpret pc=0x00007fc66c67ec68 method=java.lang.StringUTF16.compress([CII)[B @ 13 c2
Event: 1,952 Thread 0x00007fc67c015000 Uncommon trap: reason=unstable_if action=reinterpret pc=0x00007fc66c82cfb0 method=java.util.Properties$LineReader.readLine()I @ 284 c2
Event: 1,992 Thread 0x00007fc67c015000 Uncommon trap: reason=speculate_class_check action=maybe_recompile pc=0x00007fc66c6e3ad0 method=java.util.zip.InflaterInputStream.read([BII)I @ 100 c2
Event: 1,993 Thread 0x00007fc67c015000 Uncommon trap: reason=speculate_class_check action=maybe_recompile pc=0x00007fc66c6e3ad0 method=java.util.zip.InflaterInputStream.read([BII)I @ 100 c2
Event: 1,993 Thread 0x00007fc67c015000 Uncommon trap: reason=speculate_class_check action=maybe_recompile pc=0x00007fc66c6e3ad0 method=java.util.zip.InflaterInputStream.read([BII)I @ 100 c2
Event: 1,993 Thread 0x00007fc67c015000 Uncommon trap: reason=speculate_class_check action=maybe_recompile pc=0x00007fc66c6e3ad0 method=java.util.zip.InflaterInputStream.read([BII)I @ 100 c2

Classes redefined (0 events):
No events

Internal exceptions (10 events):
Event: 1,676 Thread 0x00007fc67c015000 Exception <a 'java/lang/ClassNotFoundException'{0x000000008b238620}: org/springframework/transaction/annotation/ProxyTransactionManagementConfigurationCustomizer> (0x000000008b238620) thrown at [/scratch/opt/mach5/mesos/work_dir/slaves/2dd962d0-8988-479b-
Event: 1,676 Thread 0x00007fc67c015000 Exception <a 'java/lang/ClassNotFoundException'{0x000000008b24b740}: org/springframework/transaction/annotation/ProxyTransactionManagementConfiguration$$EnhancerBySpringCGLIB$$7c4c72b6Customizer> (0x000000008b24b740) thrown at [/scratch/opt/mach5/mesos/wo
Event: 1,677 Thread 0x00007fc67c015000 Exception <a 'java/lang/ClassNotFoundException'{0x000000008b261ea0}: org/springframework/context/annotation/ConfigurationClassEnhancer$EnhancedConfigurationCustomizer> (0x000000008b261ea0) thrown at [/scratch/opt/mach5/mesos/work_dir/slaves/2dd962d0-8988-
Event: 1,677 Thread 0x00007fc67c015000 Exception <a 'java/lang/ClassNotFoundException'{0x000000008b26d040}: org/springframework/beans/factory/BeanFactoryAwareCustomizer> (0x000000008b26d040) thrown at [/scratch/opt/mach5/mesos/work_dir/slaves/2dd962d0-8988-479b-a804-57ab764ada59-S1247/framewor
Event: 1,677 Thread 0x00007fc67c015000 Exception <a 'java/lang/ClassNotFoundException'{0x000000008b277ee8}: org/springframework/beans/factory/AwareCustomizer> (0x000000008b277ee8) thrown at [/scratch/opt/mach5/mesos/work_dir/slaves/2dd962d0-8988-479b-a804-57ab764ada59-S1247/frameworks/1735e8a2
Event: 1,677 Thread 0x00007fc67c015000 Exception <a 'java/lang/ClassNotFoundException'{0x000000008b283178}: org/springframework/context/annotation/ImportAwareCustomizer> (0x000000008b283178) thrown at [/scratch/opt/mach5/mesos/work_dir/slaves/2dd962d0-8988-479b-a804-57ab764ada59-S1247/framewor
Event: 1,678 Thread 0x00007fc67c015000 Exception <a 'java/lang/ClassNotFoundException'{0x000000008b28df40}: org/springframework/beans/factory/AwareCustomizer> (0x000000008b28df40) thrown at [/scratch/opt/mach5/mesos/work_dir/slaves/2dd962d0-8988-479b-a804-57ab764ada59-S1247/frameworks/1735e8a2
Event: 1,758 Thread 0x00007fc67c015000 Exception <a 'java/lang/NoSuchMethodError'{0x000000008ab81158}: java.lang.invoke.DirectMethodHandle$Holder.invokeInterface(Ljava/lang/Object;Ljava/lang/Object;I)V> (0x000000008ab81158) thrown at [/scratch/opt/mach5/mesos/work_dir/slaves/2dd962d0-8988-479b
Event: 1,761 Thread 0x00007fc67c015000 Exception <a 'java/lang/NoSuchMethodError'{0x000000008abc5168}: java.lang.invoke.DirectMethodHandle$Holder.invokeStatic(Ljava/lang/Object;ILjava/lang/Object;)V> (0x000000008abc5168) thrown at [/scratch/opt/mach5/mesos/work_dir/slaves/2dd962d0-8988-479b-a8
Event: 1,763 Thread 0x00007fc67c015000 Exception <a 'java/lang/NoSuchMethodError'{0x000000008abe7d08}: java.lang.invoke.DirectMethodHandle$Holder.invokeVirtual(Ljava/lang/Object;Ljava/lang/Object;)I> (0x000000008abe7d08) thrown at [/scratch/opt/mach5/mesos/work_dir/slaves/2dd962d0-8988-479b-a8

Events (10 events):
Event: 2,031 loading class org/apache/catalina/authenticator/LocalStrings_pl
Event: 2,031 loading class org/apache/catalina/authenticator/LocalStrings_pl done
Event: 2,031 loading class org/apache/catalina/authenticator/LocalStrings_pl_PL
Event: 2,031 loading class org/apache/catalina/authenticator/LocalStrings_pl_PL done
Event: 2,032 loading class org/springframework/boot/web/servlet/server/StaticResourceJars
Event: 2,032 loading class org/springframework/boot/web/servlet/server/StaticResourceJars done
Event: 2,032 loading class java/util/stream/Nodes$FixedNodeBuilder
Event: 2,032 loading class java/util/stream/Nodes$ArrayNode
Event: 2,032 loading class java/util/stream/Nodes$ArrayNode done
Event: 2,032 loading class java/util/stream/Nodes$FixedNodeBuilder done


Dynamic libraries:
00400000-00401000 r-xp 00000000 08:36 3933685                            /usr/lib/jvm/java-11-oracle/bin/java
00600000-00601000 r--p 00000000 08:36 3933685                            /usr/lib/jvm/java-11-oracle/bin/java
00601000-00602000 rw-p 00001000 08:36 3933685                            /usr/lib/jvm/java-11-oracle/bin/java
00fe5000-01006000 rw-p 00000000 00:00 0                                  [heap]
83200000-8ca00000 rw-p 00000000 00:00 0 
8ca00000-100000000 ---p 00000000 00:00 0 
100000000-100540000 rw-p 00000000 00:00 0 
100540000-140000000 ---p 00000000 00:00 0 
7fc5d4000000-7fc5d4cd9000 rw-p 00000000 00:00 0 
7fc5d4cd9000-7fc5d8000000 ---p 00000000 00:00 0 
7fc5dc000000-7fc5dd337000 rw-p 00000000 00:00 0 
7fc5dd337000-7fc5e0000000 ---p 00000000 00:00 0 
7fc5e0000000-7fc5e171f000 rw-p 00000000 00:00 0 
7fc5e171f000-7fc5e4000000 ---p 00000000 00:00 0 
7fc5e4000000-7fc5e4021000 rw-p 00000000 00:00 0 
7fc5e4021000-7fc5e8000000 ---p 00000000 00:00 0 
7fc5e8000000-7fc5e934c000 rw-p 00000000 00:00 0 
7fc5e934c000-7fc5ec000000 ---p 00000000 00:00 0 
7fc5ec000000-7fc5ec021000 rw-p 00000000 00:00 0 
7fc5ec021000-7fc5f0000000 ---p 00000000 00:00 0 
7fc5f26fc000-7fc5f28fc000 rw-p 00000000 00:00 0 
7fc5f2942000-7fc5f2a02000 rw-p 00000000 00:00 0 
7fc5f2a02000-7fc5f2b42000 ---p 00000000 00:00 0 
7fc5f2b42000-7fc5f2d42000 rw-p 00000000 00:00 0 
7fc5f2ebe000-7fc5f30be000 rw-p 00000000 00:00 0 
7fc5f30be000-7fc5f32be000 rw-p 00000000 00:00 0 
7fc5f32be000-7fc5f34be000 rw-p 00000000 00:00 0 
7fc5f34be000-7fc5f34c2000 ---p 00000000 00:00 0 
7fc5f34c2000-7fc5f35bf000 rw-p 00000000 00:00 0 
7fc5f35bf000-7fc5f35c3000 ---p 00000000 00:00 0 
7fc5f35c3000-7fc5f38c0000 rw-p 00000000 00:00 0 
7fc5f38c0000-7fc5f3ac0000 rw-p 00000000 00:00 0 
7fc5f3ac0000-7fc5f3cc0000 rw-p 00000000 00:00 0 
7fc5f3cc0000-7fc5f3cc1000 ---p 00000000 00:00 0 
7fc5f3cc1000-7fc5f3dc2000 rw-p 00000000 00:00 0 
7fc5f3dc2000-7fc5f3dc3000 ---p 00000000 00:00 0 
7fc5f3dc3000-7fc5f3ec4000 rw-p 00000000 00:00 0 
7fc5f3eff000-7fc5f3f03000 ---p 00000000 00:00 0 
7fc5f3f03000-7fc5f4000000 rw-p 00000000 00:00 0 
7fc5f4000000-7fc5f4021000 rw-p 00000000 00:00 0 
7fc5f4021000-7fc5f8000000 ---p 00000000 00:00 0 
7fc5f8000000-7fc5f8021000 rw-p 00000000 00:00 0 
7fc5f8021000-7fc5fc000000 ---p 00000000 00:00 0 
7fc5fc000000-7fc5fc596000 rw-p 00000000 00:00 0 
7fc5fc596000-7fc600000000 ---p 00000000 00:00 0 
7fc600000000-7fc600039000 rw-p 00000000 00:00 0 
7fc600039000-7fc604000000 ---p 00000000 00:00 0 
7fc604000000-7fc60448e000 rw-p 00000000 00:00 0 
7fc60448e000-7fc608000000 ---p 00000000 00:00 0 
7fc608000000-7fc608450000 rw-p 00000000 00:00 0 
7fc608450000-7fc60c000000 ---p 00000000 00:00 0 
7fc60c000000-7fc60c021000 rw-p 00000000 00:00 0 
7fc60c021000-7fc610000000 ---p 00000000 00:00 0 
7fc610000000-7fc610021000 rw-p 00000000 00:00 0 
7fc610021000-7fc614000000 ---p 00000000 00:00 0 
7fc614000000-7fc61473b000 rw-p 00000000 00:00 0 
7fc61473b000-7fc618000000 ---p 00000000 00:00 0 
7fc618000000-7fc618021000 rw-p 00000000 00:00 0 
7fc618021000-7fc61c000000 ---p 00000000 00:00 0 
7fc61c000000-7fc61d2de000 rw-p 00000000 00:00 0 
7fc61d2de000-7fc620000000 ---p 00000000 00:00 0 
7fc620000000-7fc621682000 rw-p 00000000 00:00 0 
7fc621682000-7fc624000000 ---p 00000000 00:00 0 
7fc624000000-7fc624021000 rw-p 00000000 00:00 0 
7fc624021000-7fc628000000 ---p 00000000 00:00 0 
7fc628000000-7fc628021000 rw-p 00000000 00:00 0 
7fc628021000-7fc62c000000 ---p 00000000 00:00 0 
7fc62c000000-7fc62d0a5000 rw-p 00000000 00:00 0 
7fc62d0a5000-7fc630000000 ---p 00000000 00:00 0 
7fc630000000-7fc6306de000 rw-p 00000000 00:00 0 
7fc6306de000-7fc634000000 ---p 00000000 00:00 0 
7fc634000000-7fc634021000 rw-p 00000000 00:00 0 
7fc634021000-7fc638000000 ---p 00000000 00:00 0 
7fc638000000-7fc638021000 rw-p 00000000 00:00 0 
7fc638021000-7fc63c000000 ---p 00000000 00:00 0 
7fc63c000000-7fc63c03b000 rw-p 00000000 00:00 0 
7fc63c03b000-7fc640000000 ---p 00000000 00:00 0 
7fc640000000-7fc640021000 rw-p 00000000 00:00 0 
7fc640021000-7fc644000000 ---p 00000000 00:00 0 
7fc644000000-7fc644021000 rw-p 00000000 00:00 0 
7fc644021000-7fc648000000 ---p 00000000 00:00 0 
7fc6480ad000-7fc6480b1000 ---p 00000000 00:00 0 
7fc6480b1000-7fc6483ae000 rw-p 00000000 00:00 0 
7fc6483ae000-7fc6485ae000 rw-p 00000000 00:00 0 
7fc6485ae000-7fc6487ae000 rw-p 00000000 00:00 0 
7fc6487ae000-7fc6487b3000 r-xp 00000000 08:36 4587646                    /usr/lib/jvm/java-11-oracle/lib/libmanagement_ext.so
7fc6487b3000-7fc6489b2000 ---p 00005000 08:36 4587646                    /usr/lib/jvm/java-11-oracle/lib/libmanagement_ext.so
7fc6489b2000-7fc6489b3000 r--p 00004000 08:36 4587646                    /usr/lib/jvm/java-11-oracle/lib/libmanagement_ext.so
7fc6489b3000-7fc6489b4000 rw-p 00005000 08:36 4587646                    /usr/lib/jvm/java-11-oracle/lib/libmanagement_ext.so
7fc6489b4000-7fc6489b8000 r-xp 00000000 08:36 4587644                    /usr/lib/jvm/java-11-oracle/lib/libmanagement.so
7fc6489b8000-7fc648bb7000 ---p 00004000 08:36 4587644                    /usr/lib/jvm/java-11-oracle/lib/libmanagement.so
7fc648bb7000-7fc648bb8000 r--p 00003000 08:36 4587644                    /usr/lib/jvm/java-11-oracle/lib/libmanagement.so
7fc648bb8000-7fc648bb9000 rw-p 00004000 08:36 4587644                    /usr/lib/jvm/java-11-oracle/lib/libmanagement.so
7fc648bb9000-7fc648db9000 rw-p 00000000 00:00 0 
7fc648db9000-7fc648dba000 ---p 00000000 00:00 0 
7fc648dba000-7fc648ebb000 rw-p 00000000 00:00 0 
7fc648ebb000-7fc648ebc000 ---p 00000000 00:00 0 
7fc648ebc000-7fc648fbd000 rw-p 00000000 00:00 0 
7fc648fbd000-7fc648fbe000 ---p 00000000 00:00 0 
7fc648fbe000-7fc6490bf000 rw-p 00000000 00:00 0 
7fc6490bf000-7fc6490c3000 ---p 00000000 00:00 0 
7fc6490c3000-7fc6493c0000 rw-p 00000000 00:00 0 
7fc6493c0000-7fc6495c0000 rw-p 00000000 00:00 0 
7fc6495c0000-7fc6495c4000 ---p 00000000 00:00 0 
7fc6495c4000-7fc6496c1000 rw-p 00000000 00:00 0 
7fc6496c1000-7fc6496c5000 ---p 00000000 00:00 0 
7fc6496c5000-7fc6497c2000 rw-p 00000000 00:00 0 
7fc6497c2000-7fc6497c4000 r-xp 00000000 08:36 4587629                    /usr/lib/jvm/java-11-oracle/lib/libextnet.so
7fc6497c4000-7fc6499c3000 ---p 00002000 08:36 4587629                    /usr/lib/jvm/java-11-oracle/lib/libextnet.so
7fc6499c3000-7fc6499c4000 r--p 00001000 08:36 4587629                    /usr/lib/jvm/java-11-oracle/lib/libextnet.so
7fc6499c4000-7fc6499c5000 rw-p 00002000 08:36 4587629                    /usr/lib/jvm/java-11-oracle/lib/libextnet.so
7fc6499c5000-7fc6499c6000 ---p 00000000 00:00 0 
7fc6499c6000-7fc649ac7000 rw-p 00000000 00:00 0 
7fc649ac7000-7fc649acb000 ---p 00000000 00:00 0 
7fc649acb000-7fc649bc8000 rw-p 00000000 00:00 0 
7fc649bc8000-7fc649bcc000 ---p 00000000 00:00 0 
7fc649bcc000-7fc649cc9000 rw-p 00000000 00:00 0 
7fc649cc9000-7fc649ccd000 ---p 00000000 00:00 0 
7fc649ccd000-7fc649dca000 rw-p 00000000 00:00 0 
7fc649dca000-7fc649dce000 ---p 00000000 00:00 0 
7fc649dce000-7fc649ecb000 rw-p 00000000 00:00 0 
7fc649ecb000-7fc649ecf000 ---p 00000000 00:00 0 
7fc649ecf000-7fc649fcc000 rw-p 00000000 00:00 0 
7fc649fcc000-7fc649fe2000 r-xp 00000000 08:36 4587648                    /usr/lib/jvm/java-11-oracle/lib/libnet.so
7fc649fe2000-7fc64a1e2000 ---p 00016000 08:36 4587648                    /usr/lib/jvm/java-11-oracle/lib/libnet.so
7fc64a1e2000-7fc64a1e3000 r--p 00016000 08:36 4587648                    /usr/lib/jvm/java-11-oracle/lib/libnet.so
7fc64a1e3000-7fc64a1e4000 rw-p 00017000 08:36 4587648                    /usr/lib/jvm/java-11-oracle/lib/libnet.so
7fc64a1e4000-7fc64a1f4000 r-xp 00000000 08:36 4587649                    /usr/lib/jvm/java-11-oracle/lib/libnio.so
7fc64a1f4000-7fc64a3f3000 ---p 00010000 08:36 4587649                    /usr/lib/jvm/java-11-oracle/lib/libnio.so
7fc64a3f3000-7fc64a3f4000 r--p 0000f000 08:36 4587649                    /usr/lib/jvm/java-11-oracle/lib/libnio.so
7fc64a3f4000-7fc64a3f5000 rw-p 00010000 08:36 4587649                    /usr/lib/jvm/java-11-oracle/lib/libnio.so
7fc64a3f5000-7fc64a3f9000 ---p 00000000 00:00 0 
7fc64a3f9000-7fc64a4f6000 rw-p 00000000 00:00 0 
7fc64a4f6000-7fc64a4fa000 ---p 00000000 00:00 0 
7fc64a4fa000-7fc64a5f7000 rw-p 00000000 00:00 0 
7fc64a5f7000-7fc64a5fb000 ---p 00000000 00:00 0 
7fc64a5fb000-7fc64a6f8000 rw-p 00000000 00:00 0 
7fc64a6f8000-7fc64a6fc000 ---p 00000000 00:00 0 
7fc64a6fc000-7fc64a7f9000 rw-p 00000000 00:00 0 
7fc64a7f9000-7fc64a7fd000 ---p 00000000 00:00 0 
7fc64a7fd000-7fc64a8fa000 rw-p 00000000 00:00 0 
7fc64a8fa000-7fc64b3fa000 r--p 00000000 08:36 268919                     /usr/lib/locale/locale-archive
7fc64b3fa000-7fc64b3fe000 ---p 00000000 00:00 0 
7fc64b3fe000-7fc64b4fb000 rw-p 00000000 00:00 0 
7fc64b4fb000-7fc64b4ff000 ---p 00000000 00:00 0 
7fc64b4ff000-7fc64b5fc000 rw-p 00000000 00:00 0 
7fc64b5fc000-7fc64b5fd000 ---p 00000000 00:00 0 
7fc64b5fd000-7fc64befe000 rw-p 00000000 00:00 0 
7fc64befe000-7fc64beff000 ---p 00000000 00:00 0 
7fc64beff000-7fc64c000000 rw-p 00000000 00:00 0 
7fc64c000000-7fc64c021000 rw-p 00000000 00:00 0 
7fc64c021000-7fc650000000 ---p 00000000 00:00 0 
7fc650000000-7fc650021000 rw-p 00000000 00:00 0 
7fc650021000-7fc654000000 ---p 00000000 00:00 0 
7fc654000000-7fc654021000 rw-p 00000000 00:00 0 
7fc654021000-7fc658000000 ---p 00000000 00:00 0 
7fc658042000-7fc6580c3000 rw-p 00000000 00:00 0 
7fc6580c3000-7fc6580c4000 ---p 00000000 00:00 0 
7fc6580c4000-7fc65aed2000 rw-p 00000000 00:00 0 
7fc65aed2000-7fc65aed3000 ---p 00000000 00:00 0 
7fc65aed3000-7fc65afd4000 rw-p 00000000 00:00 0 
7fc65afd4000-7fc65afd5000 ---p 00000000 00:00 0 
7fc65afd5000-7fc65b336000 rw-p 00000000 00:00 0 
7fc65b336000-7fc65d00e000 ---p 00000000 00:00 0 
7fc65d00e000-7fc65d26e000 rw-p 00000000 00:00 0 
7fc65d26e000-7fc65ef46000 ---p 00000000 00:00 0 
7fc65ef46000-7fc65ef92000 rw-p 00000000 00:00 0 
7fc65ef92000-7fc65f32d000 ---p 00000000 00:00 0 
7fc65f32d000-7fc65f379000 rw-p 00000000 00:00 0 
7fc65f379000-7fc65f714000 ---p 00000000 00:00 0 
7fc65f714000-7fc65f760000 rw-p 00000000 00:00 0 
7fc65f760000-7fc65fafb000 ---p 00000000 00:00 0 
7fc65fafb000-7fc660000000 rw-p 00000000 00:00 0 
7fc660000000-7fc660021000 rw-p 00000000 00:00 0 
7fc660021000-7fc664000000 ---p 00000000 00:00 0 
7fc664032000-7fc66483a000 rw-p 00000000 00:00 0 
7fc66483a000-7fc66483b000 ---p 00000000 00:00 0 
7fc66483b000-7fc664942000 rw-p 00000000 00:00 0 
7fc664942000-7fc664a25000 ---p 00000000 00:00 0 
7fc664a25000-7fc664d05000 rwxp 00000000 00:00 0 
7fc664d05000-7fc665163000 ---p 00000000 00:00 0 
7fc665163000-7fc665c23000 rwxp 00000000 00:00 0 
7fc665c23000-7fc66c5c4000 ---p 00000000 00:00 0 
7fc66c5c4000-7fc66c864000 rwxp 00000000 00:00 0 
7fc66c864000-7fc673a25000 ---p 00000000 00:00 0 
7fc673a25000-7fc67bde3000 r--s 00000000 08:36 4587659                    /usr/lib/jvm/java-11-oracle/lib/modules
7fc67bde3000-7fc67bdfe000 r-xp 00000000 08:36 4587640                    /usr/lib/jvm/java-11-oracle/lib/libjimage.so
7fc67bdfe000-7fc67bffd000 ---p 0001b000 08:36 4587640                    /usr/lib/jvm/java-11-oracle/lib/libjimage.so
7fc67bffd000-7fc67bfff000 r--p 0001a000 08:36 4587640                    /usr/lib/jvm/java-11-oracle/lib/libjimage.so
7fc67bfff000-7fc67c000000 rw-p 0001c000 08:36 4587640                    /usr/lib/jvm/java-11-oracle/lib/libjimage.so
7fc67c000000-7fc67d45a000 rw-p 00000000 00:00 0 
7fc67d45a000-7fc680000000 ---p 00000000 00:00 0 
7fc680003000-7fc680028000 r--p 00000000 08:36 1318665                    /usr/share/locale-langpack/pl/LC_MESSAGES/libc.mo
7fc680028000-7fc680099000 rw-p 00000000 00:00 0 
7fc680099000-7fc68016c000 ---p 00000000 00:00 0 
7fc68016c000-7fc680173000 r-xp 00000000 08:36 4587658                    /usr/lib/jvm/java-11-oracle/lib/libzip.so
7fc680173000-7fc680372000 ---p 00007000 08:36 4587658                    /usr/lib/jvm/java-11-oracle/lib/libzip.so
7fc680372000-7fc680373000 r--p 00006000 08:36 4587658                    /usr/lib/jvm/java-11-oracle/lib/libzip.so
7fc680373000-7fc680374000 rw-p 00007000 08:36 4587658                    /usr/lib/jvm/java-11-oracle/lib/libzip.so
7fc680374000-7fc68037f000 r-xp 00000000 08:36 4461307                    /lib/x86_64-linux-gnu/libnss_files-2.27.so
7fc68037f000-7fc68057e000 ---p 0000b000 08:36 4461307                    /lib/x86_64-linux-gnu/libnss_files-2.27.so
7fc68057e000-7fc68057f000 r--p 0000a000 08:36 4461307                    /lib/x86_64-linux-gnu/libnss_files-2.27.so
7fc68057f000-7fc680580000 rw-p 0000b000 08:36 4461307                    /lib/x86_64-linux-gnu/libnss_files-2.27.so
7fc680580000-7fc680586000 rw-p 00000000 00:00 0 
7fc680586000-7fc68059d000 r-xp 00000000 08:36 4461301                    /lib/x86_64-linux-gnu/libnsl-2.27.so
7fc68059d000-7fc68079c000 ---p 00017000 08:36 4461301                    /lib/x86_64-linux-gnu/libnsl-2.27.so
7fc68079c000-7fc68079d000 r--p 00016000 08:36 4461301                    /lib/x86_64-linux-gnu/libnsl-2.27.so
7fc68079d000-7fc68079e000 rw-p 00017000 08:36 4461301                    /lib/x86_64-linux-gnu/libnsl-2.27.so
7fc68079e000-7fc6807a0000 rw-p 00000000 00:00 0 
7fc6807a0000-7fc6807ab000 r-xp 00000000 08:36 4461318                    /lib/x86_64-linux-gnu/libnss_nis-2.27.so
7fc6807ab000-7fc6809aa000 ---p 0000b000 08:36 4461318                    /lib/x86_64-linux-gnu/libnss_nis-2.27.so
7fc6809aa000-7fc6809ab000 r--p 0000a000 08:36 4461318                    /lib/x86_64-linux-gnu/libnss_nis-2.27.so
7fc6809ab000-7fc6809ac000 rw-p 0000b000 08:36 4461318                    /lib/x86_64-linux-gnu/libnss_nis-2.27.so
7fc6809ac000-7fc6809b4000 r-xp 00000000 08:36 4461303                    /lib/x86_64-linux-gnu/libnss_compat-2.27.so
7fc6809b4000-7fc680bb4000 ---p 00008000 08:36 4461303                    /lib/x86_64-linux-gnu/libnss_compat-2.27.so
7fc680bb4000-7fc680bb5000 r--p 00008000 08:36 4461303                    /lib/x86_64-linux-gnu/libnss_compat-2.27.so
7fc680bb5000-7fc680bb6000 rw-p 00009000 08:36 4461303                    /lib/x86_64-linux-gnu/libnss_compat-2.27.so
7fc680bb6000-7fc680bc0000 r-xp 00000000 08:36 4587631                    /usr/lib/jvm/java-11-oracle/lib/libinstrument.so
7fc680bc0000-7fc680dbf000 ---p 0000a000 08:36 4587631                    /usr/lib/jvm/java-11-oracle/lib/libinstrument.so
7fc680dbf000-7fc680dc0000 r--p 00009000 08:36 4587631                    /usr/lib/jvm/java-11-oracle/lib/libinstrument.so
7fc680dc0000-7fc680dc1000 rw-p 0000a000 08:36 4587631                    /usr/lib/jvm/java-11-oracle/lib/libinstrument.so
7fc680dc1000-7fc680dea000 r-xp 00000000 08:36 4587636                    /usr/lib/jvm/java-11-oracle/lib/libjava.so
7fc680dea000-7fc680fea000 ---p 00029000 08:36 4587636                    /usr/lib/jvm/java-11-oracle/lib/libjava.so
7fc680fea000-7fc680feb000 r--p 00029000 08:36 4587636                    /usr/lib/jvm/java-11-oracle/lib/libjava.so
7fc680feb000-7fc680fed000 rw-p 0002a000 08:36 4587636                    /usr/lib/jvm/java-11-oracle/lib/libjava.so
7fc680fed000-7fc680ffa000 r-xp 00000000 08:36 4587657                    /usr/lib/jvm/java-11-oracle/lib/libverify.so
7fc680ffa000-7fc6811f9000 ---p 0000d000 08:36 4587657                    /usr/lib/jvm/java-11-oracle/lib/libverify.so
7fc6811f9000-7fc6811fb000 r--p 0000c000 08:36 4587657                    /usr/lib/jvm/java-11-oracle/lib/libverify.so
7fc6811fb000-7fc6811fc000 rw-p 0000e000 08:36 4587657                    /usr/lib/jvm/java-11-oracle/lib/libverify.so
7fc6811fc000-7fc681203000 r-xp 00000000 08:36 4461358                    /lib/x86_64-linux-gnu/librt-2.27.so
7fc681203000-7fc681402000 ---p 00007000 08:36 4461358                    /lib/x86_64-linux-gnu/librt-2.27.so
7fc681402000-7fc681403000 r--p 00006000 08:36 4461358                    /lib/x86_64-linux-gnu/librt-2.27.so
7fc681403000-7fc681404000 rw-p 00007000 08:36 4461358                    /lib/x86_64-linux-gnu/librt-2.27.so
7fc681404000-7fc6815a1000 r-xp 00000000 08:36 4461280                    /lib/x86_64-linux-gnu/libm-2.27.so
7fc6815a1000-7fc6817a0000 ---p 0019d000 08:36 4461280                    /lib/x86_64-linux-gnu/libm-2.27.so
7fc6817a0000-7fc6817a1000 r--p 0019c000 08:36 4461280                    /lib/x86_64-linux-gnu/libm-2.27.so
7fc6817a1000-7fc6817a2000 rw-p 0019d000 08:36 4461280                    /lib/x86_64-linux-gnu/libm-2.27.so
7fc6817a2000-7fc6828e1000 r-xp 00000000 08:36 4587670                    /usr/lib/jvm/java-11-oracle/lib/server/libjvm.so
7fc6828e1000-7fc682ae1000 ---p 0113f000 08:36 4587670                    /usr/lib/jvm/java-11-oracle/lib/server/libjvm.so
7fc682ae1000-7fc682ba0000 r--p 0113f000 08:36 4587670                    /usr/lib/jvm/java-11-oracle/lib/server/libjvm.so
7fc682ba0000-7fc682bd9000 rw-p 011fe000 08:36 4587670                    /usr/lib/jvm/java-11-oracle/lib/server/libjvm.so
7fc682bd9000-7fc682c2f000 rw-p 00000000 00:00 0 
7fc682c2f000-7fc682e16000 r-xp 00000000 08:36 4461217                    /lib/x86_64-linux-gnu/libc-2.27.so
7fc682e16000-7fc683016000 ---p 001e7000 08:36 4461217                    /lib/x86_64-linux-gnu/libc-2.27.so
7fc683016000-7fc68301a000 r--p 001e7000 08:36 4461217                    /lib/x86_64-linux-gnu/libc-2.27.so
7fc68301a000-7fc68301c000 rw-p 001eb000 08:36 4461217                    /lib/x86_64-linux-gnu/libc-2.27.so
7fc68301c000-7fc683020000 rw-p 00000000 00:00 0 
7fc683020000-7fc683023000 r-xp 00000000 08:36 4461240                    /lib/x86_64-linux-gnu/libdl-2.27.so
7fc683023000-7fc683222000 ---p 00003000 08:36 4461240                    /lib/x86_64-linux-gnu/libdl-2.27.so
7fc683222000-7fc683223000 r--p 00002000 08:36 4461240                    /lib/x86_64-linux-gnu/libdl-2.27.so
7fc683223000-7fc683224000 rw-p 00003000 08:36 4461240                    /lib/x86_64-linux-gnu/libdl-2.27.so
7fc683224000-7fc683234000 r-xp 00000000 08:36 4587621                    /usr/lib/jvm/java-11-oracle/lib/jli/libjli.so
7fc683234000-7fc683433000 ---p 00010000 08:36 4587621                    /usr/lib/jvm/java-11-oracle/lib/jli/libjli.so
7fc683433000-7fc683434000 r--p 0000f000 08:36 4587621                    /usr/lib/jvm/java-11-oracle/lib/jli/libjli.so
7fc683434000-7fc683435000 rw-p 00010000 08:36 4587621                    /usr/lib/jvm/java-11-oracle/lib/jli/libjli.so
7fc683435000-7fc68344f000 r-xp 00000000 08:36 4461350                    /lib/x86_64-linux-gnu/libpthread-2.27.so
7fc68344f000-7fc68364e000 ---p 0001a000 08:36 4461350                    /lib/x86_64-linux-gnu/libpthread-2.27.so
7fc68364e000-7fc68364f000 r--p 00019000 08:36 4461350                    /lib/x86_64-linux-gnu/libpthread-2.27.so
7fc68364f000-7fc683650000 rw-p 0001a000 08:36 4461350                    /lib/x86_64-linux-gnu/libpthread-2.27.so
7fc683650000-7fc683654000 rw-p 00000000 00:00 0 
7fc683654000-7fc683670000 r-xp 00000000 08:36 4461389                    /lib/x86_64-linux-gnu/libz.so.1.2.11
7fc683670000-7fc68386f000 ---p 0001c000 08:36 4461389                    /lib/x86_64-linux-gnu/libz.so.1.2.11
7fc68386f000-7fc683870000 r--p 0001b000 08:36 4461389                    /lib/x86_64-linux-gnu/libz.so.1.2.11
7fc683870000-7fc683871000 rw-p 0001c000 08:36 4461389                    /lib/x86_64-linux-gnu/libz.so.1.2.11
7fc683871000-7fc683898000 r-xp 00000000 08:36 4461189                    /lib/x86_64-linux-gnu/ld-2.27.so
7fc6838ae000-7fc6838b5000 r--s 00000000 08:36 527109                     /usr/lib/x86_64-linux-gnu/gconv/gconv-modules.cache
7fc6838b5000-7fc683975000 rw-p 00000000 00:00 0 
7fc683975000-7fc683979000 ---p 00000000 00:00 0 
7fc683979000-7fc683a7a000 rw-p 00000000 00:00 0 
7fc683a7f000-7fc683a85000 rw-p 00000000 00:00 0 
7fc683a85000-7fc683a8e000 ---p 00000000 00:00 0 
7fc683a8e000-7fc683a96000 rw-s 00000000 08:36 12719788                   /tmp/hsperfdata_kacper/3120
7fc683a96000-7fc683a97000 ---p 00000000 00:00 0 
7fc683a97000-7fc683a98000 r--p 00000000 00:00 0 
7fc683a98000-7fc683a99000 r--p 00027000 08:36 4461189                    /lib/x86_64-linux-gnu/ld-2.27.so
7fc683a99000-7fc683a9a000 rw-p 00028000 08:36 4461189                    /lib/x86_64-linux-gnu/ld-2.27.so
7fc683a9a000-7fc683a9b000 rw-p 00000000 00:00 0 
7ffcf97eb000-7ffcf980e000 rw-p 00000000 00:00 0                          [stack]
7ffcf9821000-7ffcf9824000 r--p 00000000 00:00 0                          [vvar]
7ffcf9824000-7ffcf9826000 r-xp 00000000 00:00 0                          [vdso]
ffffffffff600000-ffffffffff601000 r-xp 00000000 00:00 0                  [vsyscall]


VM Arguments:
jvm_args: -javaagent:/home/kacper/Dev/idea-IC-183.4588.61/lib/idea_rt.jar=40721:/home/kacper/Dev/idea-IC-183.4588.61/bin -Dfile.encoding=UTF-8 
java_command: pl.komorowski.pubspace.PubspaceApplication
java_class_path (initial): /home/kacper/dev_IntelliJ/Pubspace/target/classes:/home/kacper/.m2/repository/org/springframework/boot/spring-boot-starter-actuator/2.1.2.RELEASE/spring-boot-starter-actuator-2.1.2.RELEASE.jar:/home/kacper/.m2/repository/org/springframework/boot/spring-boot-starter/2.1.2.RELEASE/spring-boot-starter-2.1.2.RELEASE.jar:/home/kacper/.m2/repository/org/springframework/boot/spring-boot/2.1.2.RELEASE/spring-boot-2.1.2.RELEASE.jar:/home/kacper/.m2/repository/org/springframework/boot/spring-boot-autoconfigure/2.1.2.RELEASE/spring-boot-autoconfigure-2.1.2.RELEASE.jar:/home/kacper/.m2/repository/org/springframework/boot/spring-boot-starter-logging/2.1.2.RELEASE/spring-boot-starter-logging-2.1.2.RELEASE.jar:/home/kacper/.m2/repository/ch/qos/logback/logback-classic/1.2.3/logback-classic-1.2.3.jar:/home/kacper/.m2/repository/ch/qos/logback/logback-core/1.2.3/logback-core-1.2.3.jar:/home/kacper/.m2/repository/org/apache/logging/log4j/log4j-to-slf4j/2.11.1/log4j-to-slf4j-2.11.1.jar:/home/kacper/.m2/repository/org/apache/logging/log4j/log4j-api/2.11.1/log4j-api-2.11.1.jar:/home/kacper/.m2/repository/org/slf4j/jul-to-slf4j/1.7.25/jul-to-slf4j-1.7.25.jar:/home/kacper/.m2/repository/javax/annotation/javax.annotation-api/1.3.2/javax.annotation-api-1.3.2.jar:/home/kacper/.m2/repository/org/yaml/snakeyaml/1.23/snakeyaml-1.23.jar:/home/kacper/.m2/repository/org/springframework/boot/spring-boot-actuator-autoconfigure/2.1.2.RELEASE/spring-boot-actuator-autoconfigure-2.1.2.RELEASE.jar:/home/kacper/.m2/repository/org/springframework/boot/spring-boot-actuator/2.1.2.RELEASE/spring-boot-actuator-2.1.2.RELEASE.jar:/home/kacper/.m2/repository/com/fasterxml/jackson/core/jackson-databind/2.9.8/jackson-databind-2.9.8.jar:/home/kacper/.m2/repository/com/fasterxml/jackson/core/jackson-annotations/2.9.0/jackson-annotations-2.9.0.jar:/home/kacper/.m2/repository/com/fasterxml/jackson/core/jackson-core/2.9.8/jackson-core-2.9.8.jar:/home/kacper/.m2/repository/org/springframework
Launcher Type: SUN_STANDARD

[Global flags]
     intx CICompilerCount                          = 12                                        {product} {ergonomic}
     uint ConcGCThreads                            = 3                                         {product} {ergonomic}
     uint G1ConcRefinementThreads                  = 13                                        {product} {ergonomic}
   size_t G1HeapRegionSize                         = 1048576                                   {product} {ergonomic}
    uintx GCDrainStackTargetSize                   = 64                                        {product} {ergonomic}
   size_t InitialHeapSize                          = 132120576                                 {product} {ergonomic}
   size_t MarkStackSize                            = 4194304                                   {product} {ergonomic}
   size_t MaxHeapSize                              = 2095054848                                {product} {ergonomic}
   size_t MaxNewSize                               = 1256194048                                {product} {ergonomic}
   size_t MinHeapDeltaBytes                        = 1048576                                   {product} {ergonomic}
    uintx NonNMethodCodeHeapSize                   = 7591728                                {pd product} {ergonomic}
    uintx NonProfiledCodeHeapSize                  = 122033256                              {pd product} {ergonomic}
    uintx ProfiledCodeHeapSize                     = 122033256                              {pd product} {ergonomic}
    uintx ReservedCodeCacheSize                    = 251658240                              {pd product} {ergonomic}
     bool SegmentedCodeCache                       = true                                      {product} {ergonomic}
     bool UseCompressedClassPointers               = true                                 {lp64_product} {ergonomic}
     bool UseCompressedOops                        = true                                 {lp64_product} {ergonomic}
     bool UseG1GC                                  = true                                      {product} {ergonomic}

Logging:
Log output configuration:
 #0: stdout all=warning uptime,level,tags
 #1: stderr all=off uptime,level,tags

Environment Variables:
JAVA_HOME=/usr/lib/jvm/java-11-oracle
PATH=/home/kacper/bin:/usr/local/sbin:/usr/local/bin:/usr/sbin:/usr/bin:/sbin:/bin:/usr/games:/usr/local/games:/snap/bin:/usr/lib/jvm/java-11-oracle/bin:/usr/lib/jvm/java-11-oracle/db/bin
USERNAME=kacper
SHELL=/bin/bash
DISPLAY=:0

Signal Handlers:
SIGSEGV: [libjvm.so+0xe2adf0], sa_mask[0]=11111111011111111101111111111110, sa_flags=SA_RESTART|SA_SIGINFO
SIGBUS: [libjvm.so+0xe2adf0], sa_mask[0]=11111111011111111101111111111110, sa_flags=SA_RESTART|SA_SIGINFO
SIGFPE: [libjvm.so+0xe2adf0], sa_mask[0]=11111111011111111101111111111110, sa_flags=SA_RESTART|SA_SIGINFO
SIGPIPE: [libjvm.so+0xbff5b0], sa_mask[0]=11111111011111111101111111111110, sa_flags=SA_RESTART|SA_SIGINFO
SIGXFSZ: [libjvm.so+0xbff5b0], sa_mask[0]=11111111011111111101111111111110, sa_flags=SA_RESTART|SA_SIGINFO
SIGILL: [libjvm.so+0xe2adf0], sa_mask[0]=11111111011111111101111111111110, sa_flags=SA_RESTART|SA_SIGINFO
SIGUSR2: [libjvm.so+0xbff450], sa_mask[0]=00100000000000000000000000000000, sa_flags=SA_RESTART|SA_SIGINFO
SIGHUP: [libjvm.so+0xbff7b0], sa_mask[0]=11111111011111111101111111111110, sa_flags=SA_RESTART|SA_SIGINFO
SIGINT: [libjvm.so+0xbff7b0], sa_mask[0]=11111111011111111101111111111110, sa_flags=SA_RESTART|SA_SIGINFO
SIGTERM: [libjvm.so+0xbff7b0], sa_mask[0]=11111111011111111101111111111110, sa_flags=SA_RESTART|SA_SIGINFO
SIGQUIT: [libjvm.so+0xbff7b0], sa_mask[0]=11111111011111111101111111111110, sa_flags=SA_RESTART|SA_SIGINFO


---------------  S Y S T E M  ---------------

OS:DISTRIB_ID=Ubuntu
DISTRIB_RELEASE=18.04
DISTRIB_CODENAME=bionic
DISTRIB_DESCRIPTION="Ubuntu 18.04.1 LTS"
uname:Linux 4.15.0-45-generic #48-Ubuntu SMP Tue Jan 29 16:28:13 UTC 2019 x86_64
libc:glibc 2.27 NPTL 2.27 
rlimit: STACK 8192k, CORE 0k, NPROC 31468, NOFILE 1048576, AS infinity, DATA infinity, FSIZE infinity
load average:1,14 1,00 0,99

/proc/meminfo:
MemTotal:        8182560 kB
MemFree:          991880 kB
MemAvailable:    1263616 kB
Buffers:           27128 kB
Cached:           646504 kB
SwapCached:         9284 kB
Active:          4847356 kB
Inactive:         815240 kB
Active(anon):    4552700 kB
Inactive(anon):   667752 kB
Active(file):     294656 kB
Inactive(file):   147488 kB
Unevictable:         408 kB
Mlocked:             408 kB
SwapTotal:      11999228 kB
SwapFree:       11092304 kB
Dirty:              8492 kB
Writeback:             0 kB
AnonPages:       4987520 kB
Mapped:           435576 kB
Shmem:            231504 kB
Slab:             214644 kB
SReclaimable:      97948 kB
SUnreclaim:       116696 kB
KernelStack:       24064 kB
PageTables:        97036 kB
NFS_Unstable:          0 kB
Bounce:                0 kB
WritebackTmp:          0 kB
CommitLimit:    16090508 kB
Committed_AS:   17898576 kB
VmallocTotal:   34359738367 kB
VmallocUsed:           0 kB
VmallocChunk:          0 kB
HardwareCorrupted:     0 kB
AnonHugePages:         0 kB
ShmemHugePages:        0 kB
ShmemPmdMapped:        0 kB
CmaTotal:              0 kB
CmaFree:               0 kB
HugePages_Total:       0
HugePages_Free:        0
HugePages_Rsvd:        0
HugePages_Surp:        0
Hugepagesize:       2048 kB
DirectMap4k:     6864352 kB
DirectMap2M:     1474560 kB
DirectMap1G:     1048576 kB


/proc/sys/kernel/threads-max (system-wide limit on the number of threads):
62937


/proc/sys/vm/max_map_count (maximum number of memory map areas a process may have):
65530


/proc/sys/kernel/pid_max (system-wide limit on number of process identifiers):
32768



container (cgroup) information:
container_type: cgroupv1
cpu_cpuset_cpus: 0-15
cpu_memory_nodes: 0
active_processor_count: 16
cpu_quota: -1
cpu_period: 100000
cpu_shares: -1
memory_limit_in_bytes: -1
memory_and_swap_limit_in_bytes: -2
memory_soft_limit_in_bytes: -1
memory_usage_in_bytes: 5799878656
memory_max_usage_in_bytes: 6465081344


CPU:total 16 (initial active 16) (16 cores per cpu, 2 threads per core) family 23 model 1 stepping 1, cmov, cx8, fxsr, mmx, sse, sse2, sse3, ssse3, sse4.1, sse4.2, popcnt, avx, avx2, aes, clmul, mmxext, 3dnowpref, lzcnt, sse4a, ht, tsc, tscinvbit, tscinv, bmi1, bmi2, adx, sha, fma
CPU Model and flags from /proc/cpuinfo:
model name	: AMD Ryzen 7 1700 Eight-Core Processor
flags		: fpu vme de pse tsc msr pae mce cx8 apic sep mtrr pge mca cmov pat pse36 clflush mmx fxsr sse sse2 ht syscall nx mmxext fxsr_opt pdpe1gb rdtscp lm constant_tsc rep_good nopl nonstop_tsc cpuid extd_apicid aperfmperf pni pclmulqdq monitor ssse3 fma cx16 sse4_1 sse4_2 movbe popcnt aes xsave avx f16c rdrand lahf_lm cmp_legacy svm extapic cr8_legacy abm sse4a misalignsse 3dnowprefetch osvw skinit wdt tce topoext perfctr_core perfctr_nb bpext perfctr_llc mwaitx cpb hw_pstate sme ssbd ibpb vmmcall fsgsbase bmi1 avx2 smep bmi2 rdseed adx smap clflushopt sha_ni xsaveopt xsavec xgetbv1 xsaves clzero irperf xsaveerptr arat npt lbrv svm_lock nrip_save tsc_scale vmcb_clean flushbyasid decodeassists pausefilter pfthreshold avic v_vmsave_vmload vgif overflow_recov succor smca

Memory: 4k page, physical 8182560k(991880k free), swap 11999228k(11092304k free)

vm_info: Java HotSpot(TM) 64-Bit Server VM (11.0.2+7-LTS) for linux-amd64 JRE (11.0.2+7-LTS), built on Dec 11 2018 19:45:04 by "mach5one" with gcc 7.3.0

END.
