#
# A fatal error has been detected by the Java Runtime Environment:
#
#  SIGSEGV (0xb) at pc=0x00007ff25f70c9f0, pid=6821, tid=6881
#
# JRE version: Java(TM) SE Runtime Environment (11.0.2+7) (build 11.0.2+7-LTS)
# Java VM: Java HotSpot(TM) 64-Bit Server VM (11.0.2+7-LTS, mixed mode, tiered, compressed oops, g1 gc, linux-amd64)
# Problematic frame:
# C  [ld-linux-x86-64.so.2+0x199f0]  __tls_get_addr+0x0
#
# Core dump will be written. Default location: Core dumps may be processed with "/usr/share/apport/apport %p %s %c %d %P" (or dumping to /home/kacper/dev_IntelliJ/Pubspace/core.6821)
#
# If you would like to submit a bug report, please visit:
#   http://bugreport.java.com/bugreport/crash.jsp
#

---------------  S U M M A R Y ------------

Command Line: -javaagent:/home/kacper/Dev/idea-IC-183.4588.61/lib/idea_rt.jar=46675:/home/kacper/Dev/idea-IC-183.4588.61/bin -Dfile.encoding=UTF-8 pl.komorowski.pubspace.PubspaceApplication

Host: AMD Ryzen 7 1700 Eight-Core Processor, 16 cores, 7G, Ubuntu 18.04.1 LTS
Time: Wed Feb  6 16:55:49 2019 CET elapsed time: 2 seconds (0d 0h 0m 2s)

---------------  T H R E A D  ---------------

Current thread (0x00007ff1e41e2000):  JavaThread "C2 CompilerThread3" daemon [_thread_in_native, id=6881, stack(0x00007ff1d38fb000,0x00007ff1d39fc000)]


Current CompileTask:
C2:   2101 4425   !   4       java.util.zip.InflaterInputStream::read (138 bytes)

Stack: [0x00007ff1d38fb000,0x00007ff1d39fc000],  sp=0x00007ff1d39f7138,  free space=1008k
Native frames: (J=compiled Java code, A=aot compiled Java code, j=interpreted, Vv=VM code, C=native code)
C  [ld-linux-x86-64.so.2+0x199f0]  __tls_get_addr+0x0
V  [libjvm.so+0xcabf0e]  PhaseChaitin::get_spillcopy_wide(MachSpillCopyNode::SpillType, Node*, Node*, unsigned int)+0xae
V  [libjvm.so+0xcacbcd]  PhaseChaitin::split_USE(MachSpillCopyNode::SpillType, Node*, Block*, Node*, unsigned int, unsigned int, bool, bool, GrowableArray<unsigned int>, int)+0x29d
V  [libjvm.so+0xcaf9a1]  PhaseChaitin::Split(unsigned int, ResourceArea*)+0x24c1
V  [libjvm.so+0x56e61e]  PhaseChaitin::Register_Allocate()+0x43e
V  [libjvm.so+0x63917a]  Compile::Code_Gen()+0x28a
V  [libjvm.so+0x63c6f0]  Compile::Compile(ciEnv*, C2Compiler*, ciMethod*, int, bool, bool, bool, DirectiveSet*)+0xc80
V  [libjvm.so+0x548061]  C2Compiler::compile_method(ciEnv*, ciMethod*, int, DirectiveSet*)+0xb1
V  [libjvm.so+0x64664c]  CompileBroker::invoke_compiler_on_method(CompileTask*)+0x4fc
V  [libjvm.so+0x6481c8]  CompileBroker::compiler_thread_loop()+0x598
V  [libjvm.so+0xdc4bbd]  JavaThread::thread_main_inner()+0x21d
V  [libjvm.so+0xdc4f67]  JavaThread::run()+0x377
V  [libjvm.so+0xc09750]  thread_native_entry(Thread*)+0xf0


siginfo: si_signo: 11 (SIGSEGV), si_code: 1 (SEGV_MAPERR), si_addr: 0x00007ff260898d50

Register to memory mapping:

RAX=
[error occurred during error reporting (printing register info), id 0xb, SIGSEGV (0xb) at pc=0x00007ff25dd95bbc]

Registers:
RAX=0x00000000ffffffff, RBX=0x0000000000000014, RCX=0x00007ff25d987eb0, RDX=0x00007ff25d987eb0
RSP=0x00007ff1d39f7138, RBP=0x00007ff1d39f7160, RSI=0x0000000000000014, RDI=0x00007ff25ea21fd0
R8 =0x0000000000000014, R9 =0x0000000000000020, R10=0x0000000000400000, R11=0x00000000ffffffff
R12=0x00007ff1e4363af0, R13=0x00007ff1e4363af0, R14=0x00007ff1e436c4e8, R15=0x0000000000000004
RIP=0x00007ff25f70c9f0, EFLAGS=0x0000000000010286, CSGSFS=0x002b000000000033, ERR=0x0000000000000004
  TRAPNO=0x000000000000000e

Top of Stack: (sp=0x00007ff1d39f7138)
0x00007ff1d39f7138:   00007ff25e0e1b95 00007ff1dc349058
0x00007ff1d39f7148:   00007ff1dc346a18 00007ff1d39f78f0
0x00007ff1d39f7158:   00007ff1e4363af0 00007ff1d39f7200
0x00007ff1d39f7168:   00007ff25e2cff0e 0000000b00000001 

Instructions: (pc=0x00007ff25f70c9f0)
0x00007ff25f70c9d0:   30 48 8b 54 24 38 48 8b 4c 24 40 48 83 c4 48 ff
0x00007ff25f70c9e0:   20 66 2e 0f 1f 84 00 00 00 00 00 0f 1f 44 00 00
0x00007ff25f70c9f0:   64 48 8b 14 25 08 00 00 00 48 8b 05 b8 f5 20 00
0x00007ff25f70ca00:   48 39 02 75 16 48 8b 07 48 c1 e0 04 48 8b 04 02 

Stack slot to memory mapping:
stack at sp + 0 slots: 0x00007ff25e0e1b95: <offset 0x0000000000abdb95> in /usr/lib/jvm/java-11-oracle/lib/server/libjvm.so at 0x00007ff25d624000
stack at sp + 1 slots: 0x00007ff1dc349058 points into unknown readable memory: 30 b1 97 5e f2 7f 00 00
stack at sp + 2 slots: 0x00007ff1dc346a18 points into unknown readable memory: 30 b1 97 5e f2 7f 00 00
stack at sp + 3 slots: 0x00007ff1d39f78f0 is pointing into the stack for thread: 0x00007ff1e41e2000
stack at sp + 4 slots: 0x00007ff1e4363af0 points into unknown readable memory: 30 c2 9b 5e f2 7f 00 00
stack at sp + 5 slots: 0x00007ff1d39f7200 is pointing into the stack for thread: 0x00007ff1e41e2000
stack at sp + 6 slots: 0x00007ff25e2cff0e: <offset 0x0000000000cabf0e> in /usr/lib/jvm/java-11-oracle/lib/server/libjvm.so at 0x00007ff25d624000
stack at sp + 7 slots: 0x0000000b00000001 is an unknown value


---------------  P R O C E S S  ---------------

Threads class SMR info:
_java_thread_list=0x00007ff20c001ec0, length=19, elements={
0x00007ff258015000, 0x00007ff2581e2800, 0x00007ff2581e7000, 0x00007ff2581f9800,
0x00007ff2581fb800, 0x00007ff2581fd800, 0x00007ff2581ff800, 0x00007ff2582b3000,
0x00007ff204087800, 0x00007ff258643800, 0x00007ff258645800, 0x00007ff2040c8000,
0x00007ff204121000, 0x00007ff204123000, 0x00007ff2041a7000, 0x00007ff1e41e2000,
0x00007ff2043a1000, 0x00007ff1e80f0000, 0x00007ff20c001000
}

Java Threads: ( => current thread )
  0x00007ff258015000 JavaThread "main" [_thread_in_Java, id=6823, stack(0x00007ff25f7f7000,0x00007ff25f8f8000)]
  0x00007ff2581e2800 JavaThread "Reference Handler" daemon [_thread_blocked, id=6837, stack(0x00007ff22f378000,0x00007ff22f479000)]
  0x00007ff2581e7000 JavaThread "Finalizer" daemon [_thread_blocked, id=6838, stack(0x00007ff22f277000,0x00007ff22f378000)]
  0x00007ff2581f9800 JavaThread "Signal Dispatcher" daemon [_thread_blocked, id=6840, stack(0x00007ff22e676000,0x00007ff22e777000)]
  0x00007ff2581fb800 JavaThread "C2 CompilerThread0" daemon [_thread_in_native, id=6843, stack(0x00007ff22e575000,0x00007ff22e676000)]
  0x00007ff2581fd800 JavaThread "C1 CompilerThread0" daemon [_thread_blocked, id=6845, stack(0x00007ff22e474000,0x00007ff22e575000)]
  0x00007ff2581ff800 JavaThread "Sweeper thread" daemon [_thread_blocked, id=6846, stack(0x00007ff22e373000,0x00007ff22e474000)]
  0x00007ff2582b3000 JavaThread "Common-Cleaner" daemon [_thread_blocked, id=6852, stack(0x00007ff22e272000,0x00007ff22e373000)]
  0x00007ff204087800 JavaThread "C2 CompilerThread1" daemon [_thread_in_native, id=6853, stack(0x00007ff22e171000,0x00007ff22e272000)]
  0x00007ff258643800 JavaThread "Monitor Ctrl-Break" daemon [_thread_in_native, id=6856, stack(0x00007ff22dc47000,0x00007ff22dd48000)]
  0x00007ff258645800 JavaThread "Service Thread" daemon [_thread_blocked, id=6857, stack(0x00007ff22db46000,0x00007ff22dc47000)]
  0x00007ff2040c8000 JavaThread "C1 CompilerThread1" daemon [_thread_blocked, id=6859, stack(0x00007ff22d740000,0x00007ff22d841000)]
  0x00007ff204121000 JavaThread "C1 CompilerThread2" daemon [_thread_blocked, id=6860, stack(0x00007ff22d63f000,0x00007ff22d740000)]
  0x00007ff204123000 JavaThread "C1 CompilerThread3" daemon [_thread_blocked, id=6861, stack(0x00007ff22d53e000,0x00007ff22d63f000)]
  0x00007ff2041a7000 JavaThread "C2 CompilerThread2" daemon [_thread_in_native, id=6863, stack(0x00007ff22d23d000,0x00007ff22d33e000)]
=>0x00007ff1e41e2000 JavaThread "C2 CompilerThread3" daemon [_thread_in_native, id=6881, stack(0x00007ff1d38fb000,0x00007ff1d39fc000)]
  0x00007ff2043a1000 JavaThread "C2 CompilerThread4" daemon [_thread_in_native, id=6882, stack(0x00007ff1d35fa000,0x00007ff1d36fb000)]
  0x00007ff1e80f0000 JavaThread "C2 CompilerThread5" daemon [_thread_in_native, id=6883, stack(0x00007ff1d34f9000,0x00007ff1d35fa000)]
  0x00007ff20c001000 JavaThread "Attach Listener" daemon [_thread_blocked, id=6884, stack(0x00007ff22cf3c000,0x00007ff22d03d000)]

Other Threads:
  0x00007ff2581da800 VMThread "VM Thread" [stack: 0x00007ff22f47b000,0x00007ff22f57b000] [id=6834]
  0x00007ff258648000 WatcherThread [stack: 0x00007ff22da46000,0x00007ff22db46000] [id=6858]
  0x00007ff25803d800 GCTaskThread "GC Thread#0" [stack: 0x00007ff24071d000,0x00007ff24081d000] [id=6826]
  0x00007ff220001000 GCTaskThread "GC Thread#1" [stack: 0x00007ff22cc3c000,0x00007ff22cd3c000] [id=6865]
  0x00007ff220002800 GCTaskThread "GC Thread#2" [stack: 0x00007ff22cb3a000,0x00007ff22cc3a000] [id=6866]
  0x00007ff220004000 GCTaskThread "GC Thread#3" [stack: 0x00007ff22ca38000,0x00007ff22cb38000] [id=6867]
  0x00007ff25806f800 ConcurrentGCThread "G1 Main Marker" [stack: 0x00007ff236ed5000,0x00007ff236fd5000] [id=6828]
  0x00007ff258071800 ConcurrentGCThread "G1 Conc#0" [stack: 0x00007ff236dd3000,0x00007ff236ed3000] [id=6829]
  0x00007ff230001000 ConcurrentGCThread "G1 Conc#1" [stack: 0x00007ff1d3f00000,0x00007ff1d4000000] [id=6874]
  0x00007ff230002800 ConcurrentGCThread "G1 Conc#2" [stack: 0x00007ff1d3dfe000,0x00007ff1d3efe000] [id=6875]
  0x00007ff258110800 ConcurrentGCThread "G1 Refine#0" [stack: 0x00007ff22ff00000,0x00007ff230000000] [id=6831]
  0x00007ff258112800 ConcurrentGCThread "G1 Young RemSet Sampling" [stack: 0x00007ff22fdfe000,0x00007ff22fefe000] [id=6833]

Threads with active compile tasks:
C2 CompilerThread04510       4       org.springframework.beans.factory.support.DefaultListableBeanFactory::requiresEagerInitForType (26 bytes)
C2 CompilerThread14502   !   4       java.util.concurrent.ConcurrentHashMap::computeIfAbsent (576 bytes)
C2 CompilerThread24456       4       java.net.URLStreamHandler::parseURL (1201 bytes)
C2 CompilerThread34425   !   4       java.util.zip.InflaterInputStream::read (138 bytes)
C2 CompilerThread44516   !   4       org.springframework.core.annotation.AnnotationUtils::findAnnotation (171 bytes)
C2 CompilerThread54267       4       org.springframework.core.annotation.AnnotationUtils::postProcessAnnotationAttributes (163 bytes)

VM state:not at safepoint (normal execution)

VM Mutex/Monitor currently owned by a thread: None

Heap address: 0x0000000083200000, size: 1998 MB, Compressed Oops mode: 32-bit
Narrow klass base: 0x0000000000000000, Narrow klass shift: 3
Compressed class space size: 1073741824 Address: 0x0000000100000000

Heap:
 garbage-first heap   total 155648K, used 29150K [0x0000000083200000, 0x0000000100000000)
  region size 1024K, 20 young (20480K), 11 survivors (11264K)
 Metaspace       used 41479K, capacity 42506K, committed 42752K, reserved 1087488K
  class space    used 4876K, capacity 5264K, committed 5376K, reserved 1048576K
Heap Regions: E=young(eden), S=young(survivor), O=old, HS=humongous(starts), HC=humongous(continues), CS=collection set, F=free, A=archive, TAMS=top-at-mark-start (previous, next)
|   0|0x0000000083200000, 0x0000000083300000, 0x0000000083300000|100%|HS|  |TAMS 0x0000000083300000, 0x0000000083200000| Complete 
|   1|0x0000000083300000, 0x0000000083400000, 0x0000000083400000|100%| O|  |TAMS 0x0000000083400000, 0x0000000083300000| Untracked 
|   2|0x0000000083400000, 0x0000000083500000, 0x0000000083500000|100%| O|  |TAMS 0x0000000083500000, 0x0000000083400000| Untracked 
|   3|0x0000000083500000, 0x0000000083600000, 0x0000000083600000|100%| O|  |TAMS 0x0000000083600000, 0x0000000083500000| Untracked 
|   4|0x0000000083600000, 0x0000000083700000, 0x0000000083700000|100%| O|  |TAMS 0x0000000083700000, 0x0000000083600000| Untracked 
|   5|0x0000000083700000, 0x0000000083800000, 0x0000000083800000|100%| O|  |TAMS 0x0000000083800000, 0x0000000083700000| Untracked 
|   6|0x0000000083800000, 0x0000000083900000, 0x0000000083900000|100%| O|  |TAMS 0x0000000083900000, 0x0000000083800000| Untracked 
|   7|0x0000000083900000, 0x0000000083a00000, 0x0000000083a00000|100%| O|  |TAMS 0x0000000083a00000, 0x0000000083900000| Untracked 
|   8|0x0000000083a00000, 0x0000000083b00000, 0x0000000083b00000|100%| O|  |TAMS 0x0000000083b00000, 0x0000000083a00000| Untracked 
|   9|0x0000000083b00000, 0x0000000083c00000, 0x0000000083c00000|100%| O|  |TAMS 0x0000000083badc00, 0x0000000083b00000| Untracked 
|  10|0x0000000083c00000, 0x0000000083c77a00, 0x0000000083d00000| 46%| O|  |TAMS 0x0000000083c00000, 0x0000000083c00000| Untracked 
|  11|0x0000000083d00000, 0x0000000083d00000, 0x0000000083e00000|  0%| F|  |TAMS 0x0000000083d00000, 0x0000000083d00000| Untracked 
|  12|0x0000000083e00000, 0x0000000083e00000, 0x0000000083f00000|  0%| F|  |TAMS 0x0000000083e00000, 0x0000000083e00000| Untracked 
|  13|0x0000000083f00000, 0x0000000083f00000, 0x0000000084000000|  0%| F|  |TAMS 0x0000000083f00000, 0x0000000083f00000| Untracked 
|  14|0x0000000084000000, 0x0000000084000000, 0x0000000084100000|  0%| F|  |TAMS 0x0000000084000000, 0x0000000084000000| Untracked 
|  15|0x0000000084100000, 0x0000000084100000, 0x0000000084200000|  0%| F|  |TAMS 0x0000000084100000, 0x0000000084100000| Untracked 
|  16|0x0000000084200000, 0x0000000084200000, 0x0000000084300000|  0%| F|  |TAMS 0x0000000084200000, 0x0000000084200000| Untracked 
|  17|0x0000000084300000, 0x0000000084300000, 0x0000000084400000|  0%| F|  |TAMS 0x0000000084300000, 0x0000000084300000| Untracked 
|  18|0x0000000084400000, 0x0000000084400000, 0x0000000084500000|  0%| F|  |TAMS 0x0000000084400000, 0x0000000084400000| Untracked 
|  19|0x0000000084500000, 0x0000000084500000, 0x0000000084600000|  0%| F|  |TAMS 0x0000000084500000, 0x0000000084500000| Untracked 
|  20|0x0000000084600000, 0x0000000084600000, 0x0000000084700000|  0%| F|  |TAMS 0x0000000084600000, 0x0000000084600000| Untracked 
|  21|0x0000000084700000, 0x0000000084700000, 0x0000000084800000|  0%| F|  |TAMS 0x0000000084700000, 0x0000000084700000| Untracked 
|  22|0x0000000084800000, 0x0000000084800000, 0x0000000084900000|  0%| F|  |TAMS 0x0000000084800000, 0x0000000084800000| Untracked 
|  23|0x0000000084900000, 0x0000000084900000, 0x0000000084a00000|  0%| F|  |TAMS 0x0000000084900000, 0x0000000084900000| Untracked 
|  24|0x0000000084a00000, 0x0000000084a00000, 0x0000000084b00000|  0%| F|  |TAMS 0x0000000084a00000, 0x0000000084a00000| Untracked 
|  25|0x0000000084b00000, 0x0000000084b00000, 0x0000000084c00000|  0%| F|  |TAMS 0x0000000084b00000, 0x0000000084b00000| Untracked 
|  26|0x0000000084c00000, 0x0000000084c00000, 0x0000000084d00000|  0%| F|  |TAMS 0x0000000084c00000, 0x0000000084c00000| Untracked 
|  27|0x0000000084d00000, 0x0000000084d00000, 0x0000000084e00000|  0%| F|  |TAMS 0x0000000084d00000, 0x0000000084d00000| Untracked 
|  28|0x0000000084e00000, 0x0000000084e00000, 0x0000000084f00000|  0%| F|  |TAMS 0x0000000084e00000, 0x0000000084e00000| Untracked 
|  29|0x0000000084f00000, 0x0000000084f00000, 0x0000000085000000|  0%| F|  |TAMS 0x0000000084f00000, 0x0000000084f00000| Untracked 
|  30|0x0000000085000000, 0x0000000085000000, 0x0000000085100000|  0%| F|  |TAMS 0x0000000085000000, 0x0000000085000000| Untracked 
|  31|0x0000000085100000, 0x0000000085100000, 0x0000000085200000|  0%| F|  |TAMS 0x0000000085100000, 0x0000000085100000| Untracked 
|  32|0x0000000085200000, 0x0000000085200000, 0x0000000085300000|  0%| F|  |TAMS 0x0000000085200000, 0x0000000085200000| Untracked 
|  33|0x0000000085300000, 0x0000000085300000, 0x0000000085400000|  0%| F|  |TAMS 0x0000000085300000, 0x0000000085300000| Untracked 
|  34|0x0000000085400000, 0x0000000085400000, 0x0000000085500000|  0%| F|  |TAMS 0x0000000085400000, 0x0000000085400000| Untracked 
|  35|0x0000000085500000, 0x0000000085500000, 0x0000000085600000|  0%| F|  |TAMS 0x0000000085500000, 0x0000000085500000| Untracked 
|  36|0x0000000085600000, 0x0000000085600000, 0x0000000085700000|  0%| F|  |TAMS 0x0000000085600000, 0x0000000085600000| Untracked 
|  37|0x0000000085700000, 0x0000000085700000, 0x0000000085800000|  0%| F|  |TAMS 0x0000000085700000, 0x0000000085700000| Untracked 
|  38|0x0000000085800000, 0x0000000085800000, 0x0000000085900000|  0%| F|  |TAMS 0x0000000085800000, 0x0000000085800000| Untracked 
|  39|0x0000000085900000, 0x0000000085900000, 0x0000000085a00000|  0%| F|  |TAMS 0x0000000085900000, 0x0000000085900000| Untracked 
|  40|0x0000000085a00000, 0x0000000085a00000, 0x0000000085b00000|  0%| F|  |TAMS 0x0000000085a00000, 0x0000000085a00000| Untracked 
|  41|0x0000000085b00000, 0x0000000085b00000, 0x0000000085c00000|  0%| F|  |TAMS 0x0000000085b00000, 0x0000000085b00000| Untracked 
|  42|0x0000000085c00000, 0x0000000085c00000, 0x0000000085d00000|  0%| F|  |TAMS 0x0000000085c00000, 0x0000000085c00000| Untracked 
|  43|0x0000000085d00000, 0x0000000085d00000, 0x0000000085e00000|  0%| F|  |TAMS 0x0000000085d00000, 0x0000000085d00000| Untracked 
|  44|0x0000000085e00000, 0x0000000085e00000, 0x0000000085f00000|  0%| F|  |TAMS 0x0000000085e00000, 0x0000000085e00000| Untracked 
|  45|0x0000000085f00000, 0x0000000085f00000, 0x0000000086000000|  0%| F|  |TAMS 0x0000000085f00000, 0x0000000085f00000| Untracked 
|  46|0x0000000086000000, 0x0000000086000000, 0x0000000086100000|  0%| F|  |TAMS 0x0000000086000000, 0x0000000086000000| Untracked 
|  47|0x0000000086100000, 0x0000000086100000, 0x0000000086200000|  0%| F|  |TAMS 0x0000000086100000, 0x0000000086100000| Untracked 
|  48|0x0000000086200000, 0x0000000086200000, 0x0000000086300000|  0%| F|  |TAMS 0x0000000086200000, 0x0000000086200000| Untracked 
|  49|0x0000000086300000, 0x0000000086300000, 0x0000000086400000|  0%| F|  |TAMS 0x0000000086300000, 0x0000000086300000| Untracked 
|  50|0x0000000086400000, 0x0000000086400000, 0x0000000086500000|  0%| F|  |TAMS 0x0000000086400000, 0x0000000086400000| Untracked 
|  51|0x0000000086500000, 0x0000000086500000, 0x0000000086600000|  0%| F|  |TAMS 0x0000000086500000, 0x0000000086500000| Untracked 
|  52|0x0000000086600000, 0x0000000086600000, 0x0000000086700000|  0%| F|  |TAMS 0x0000000086600000, 0x0000000086600000| Untracked 
|  53|0x0000000086700000, 0x0000000086700000, 0x0000000086800000|  0%| F|  |TAMS 0x0000000086700000, 0x0000000086700000| Untracked 
|  54|0x0000000086800000, 0x0000000086800000, 0x0000000086900000|  0%| F|  |TAMS 0x0000000086800000, 0x0000000086800000| Untracked 
|  55|0x0000000086900000, 0x0000000086900000, 0x0000000086a00000|  0%| F|  |TAMS 0x0000000086900000, 0x0000000086900000| Untracked 
|  56|0x0000000086a00000, 0x0000000086a00000, 0x0000000086b00000|  0%| F|  |TAMS 0x0000000086a00000, 0x0000000086a00000| Untracked 
|  57|0x0000000086b00000, 0x0000000086c00000, 0x0000000086c00000|100%| S|CS|TAMS 0x0000000086b00000, 0x0000000086b00000| Complete 
|  58|0x0000000086c00000, 0x0000000086d00000, 0x0000000086d00000|100%| S|CS|TAMS 0x0000000086c00000, 0x0000000086c00000| Complete 
|  59|0x0000000086d00000, 0x0000000086e00000, 0x0000000086e00000|100%| S|CS|TAMS 0x0000000086d00000, 0x0000000086d00000| Complete 
|  60|0x0000000086e00000, 0x0000000086f00000, 0x0000000086f00000|100%| S|CS|TAMS 0x0000000086e00000, 0x0000000086e00000| Complete 
|  61|0x0000000086f00000, 0x0000000087000000, 0x0000000087000000|100%| S|CS|TAMS 0x0000000086f00000, 0x0000000086f00000| Complete 
|  62|0x0000000087000000, 0x0000000087100000, 0x0000000087100000|100%| S|CS|TAMS 0x0000000087000000, 0x0000000087000000| Complete 
|  63|0x0000000087100000, 0x0000000087200000, 0x0000000087200000|100%| S|CS|TAMS 0x0000000087100000, 0x0000000087100000| Complete 
|  64|0x0000000087200000, 0x0000000087300000, 0x0000000087300000|100%| S|CS|TAMS 0x0000000087200000, 0x0000000087200000| Complete 
|  65|0x0000000087300000, 0x0000000087400000, 0x0000000087400000|100%| S|CS|TAMS 0x0000000087300000, 0x0000000087300000| Complete 
|  66|0x0000000087400000, 0x0000000087500000, 0x0000000087500000|100%| S|CS|TAMS 0x0000000087400000, 0x0000000087400000| Complete 
|  67|0x0000000087500000, 0x0000000087600000, 0x0000000087600000|100%| S|CS|TAMS 0x0000000087500000, 0x0000000087500000| Complete 
|  68|0x0000000087600000, 0x0000000087600000, 0x0000000087700000|  0%| F|  |TAMS 0x0000000087600000, 0x0000000087600000| Untracked 
|  69|0x0000000087700000, 0x0000000087700000, 0x0000000087800000|  0%| F|  |TAMS 0x0000000087700000, 0x0000000087700000| Untracked 
|  70|0x0000000087800000, 0x0000000087800000, 0x0000000087900000|  0%| F|  |TAMS 0x0000000087800000, 0x0000000087800000| Untracked 
|  71|0x0000000087900000, 0x0000000087900000, 0x0000000087a00000|  0%| F|  |TAMS 0x0000000087900000, 0x0000000087900000| Untracked 
|  72|0x0000000087a00000, 0x0000000087a00000, 0x0000000087b00000|  0%| F|  |TAMS 0x0000000087a00000, 0x0000000087a00000| Untracked 
|  73|0x0000000087b00000, 0x0000000087b00000, 0x0000000087c00000|  0%| F|  |TAMS 0x0000000087b00000, 0x0000000087b00000| Untracked 
|  74|0x0000000087c00000, 0x0000000087c00000, 0x0000000087d00000|  0%| F|  |TAMS 0x0000000087c00000, 0x0000000087c00000| Untracked 
|  75|0x0000000087d00000, 0x0000000087d00000, 0x0000000087e00000|  0%| F|  |TAMS 0x0000000087d00000, 0x0000000087d00000| Untracked 
|  76|0x0000000087e00000, 0x0000000087e00000, 0x0000000087f00000|  0%| F|  |TAMS 0x0000000087e00000, 0x0000000087e00000| Untracked 
|  77|0x0000000087f00000, 0x0000000087f00000, 0x0000000088000000|  0%| F|  |TAMS 0x0000000087f00000, 0x0000000087f00000| Untracked 
|  78|0x0000000088000000, 0x0000000088000000, 0x0000000088100000|  0%| F|  |TAMS 0x0000000088000000, 0x0000000088000000| Untracked 
|  79|0x0000000088100000, 0x0000000088100000, 0x0000000088200000|  0%| F|  |TAMS 0x0000000088100000, 0x0000000088100000| Untracked 
|  80|0x0000000088200000, 0x0000000088200000, 0x0000000088300000|  0%| F|  |TAMS 0x0000000088200000, 0x0000000088200000| Untracked 
|  81|0x0000000088300000, 0x0000000088300000, 0x0000000088400000|  0%| F|  |TAMS 0x0000000088300000, 0x0000000088300000| Untracked 
|  82|0x0000000088400000, 0x0000000088400000, 0x0000000088500000|  0%| F|  |TAMS 0x0000000088400000, 0x0000000088400000| Untracked 
|  83|0x0000000088500000, 0x0000000088500000, 0x0000000088600000|  0%| F|  |TAMS 0x0000000088500000, 0x0000000088500000| Untracked 
|  84|0x0000000088600000, 0x0000000088600000, 0x0000000088700000|  0%| F|  |TAMS 0x0000000088600000, 0x0000000088600000| Untracked 
|  85|0x0000000088700000, 0x0000000088700000, 0x0000000088800000|  0%| F|  |TAMS 0x0000000088700000, 0x0000000088700000| Untracked 
|  86|0x0000000088800000, 0x0000000088800000, 0x0000000088900000|  0%| F|  |TAMS 0x0000000088800000, 0x0000000088800000| Untracked 
|  87|0x0000000088900000, 0x0000000088900000, 0x0000000088a00000|  0%| F|  |TAMS 0x0000000088900000, 0x0000000088900000| Untracked 
|  88|0x0000000088a00000, 0x0000000088a00000, 0x0000000088b00000|  0%| F|  |TAMS 0x0000000088a00000, 0x0000000088a00000| Untracked 
|  89|0x0000000088b00000, 0x0000000088b00000, 0x0000000088c00000|  0%| F|  |TAMS 0x0000000088b00000, 0x0000000088b00000| Untracked 
|  90|0x0000000088c00000, 0x0000000088c00000, 0x0000000088d00000|  0%| F|  |TAMS 0x0000000088c00000, 0x0000000088c00000| Untracked 
|  91|0x0000000088d00000, 0x0000000088d00000, 0x0000000088e00000|  0%| F|  |TAMS 0x0000000088d00000, 0x0000000088d00000| Untracked 
|  92|0x0000000088e00000, 0x0000000088e00000, 0x0000000088f00000|  0%| F|  |TAMS 0x0000000088e00000, 0x0000000088e00000| Untracked 
|  93|0x0000000088f00000, 0x0000000088f00000, 0x0000000089000000|  0%| F|  |TAMS 0x0000000088f00000, 0x0000000088f00000| Untracked 
|  94|0x0000000089000000, 0x0000000089000000, 0x0000000089100000|  0%| F|  |TAMS 0x0000000089000000, 0x0000000089000000| Untracked 
|  95|0x0000000089100000, 0x0000000089100000, 0x0000000089200000|  0%| F|  |TAMS 0x0000000089100000, 0x0000000089100000| Untracked 
|  96|0x0000000089200000, 0x0000000089200000, 0x0000000089300000|  0%| F|  |TAMS 0x0000000089200000, 0x0000000089200000| Untracked 
|  97|0x0000000089300000, 0x0000000089300000, 0x0000000089400000|  0%| F|  |TAMS 0x0000000089300000, 0x0000000089300000| Untracked 
|  98|0x0000000089400000, 0x0000000089400000, 0x0000000089500000|  0%| F|  |TAMS 0x0000000089400000, 0x0000000089400000| Untracked 
|  99|0x0000000089500000, 0x0000000089500000, 0x0000000089600000|  0%| F|  |TAMS 0x0000000089500000, 0x0000000089500000| Untracked 
| 100|0x0000000089600000, 0x0000000089600000, 0x0000000089700000|  0%| F|  |TAMS 0x0000000089600000, 0x0000000089600000| Untracked 
| 101|0x0000000089700000, 0x0000000089700000, 0x0000000089800000|  0%| F|  |TAMS 0x0000000089700000, 0x0000000089700000| Untracked 
| 102|0x0000000089800000, 0x0000000089800000, 0x0000000089900000|  0%| F|  |TAMS 0x0000000089800000, 0x0000000089800000| Untracked 
| 103|0x0000000089900000, 0x0000000089900000, 0x0000000089a00000|  0%| F|  |TAMS 0x0000000089900000, 0x0000000089900000| Untracked 
| 104|0x0000000089a00000, 0x0000000089a00000, 0x0000000089b00000|  0%| F|  |TAMS 0x0000000089a00000, 0x0000000089a00000| Untracked 
| 105|0x0000000089b00000, 0x0000000089b00000, 0x0000000089c00000|  0%| F|  |TAMS 0x0000000089b00000, 0x0000000089b00000| Untracked 
| 106|0x0000000089c00000, 0x0000000089c00000, 0x0000000089d00000|  0%| F|  |TAMS 0x0000000089c00000, 0x0000000089c00000| Untracked 
| 107|0x0000000089d00000, 0x0000000089d00000, 0x0000000089e00000|  0%| F|  |TAMS 0x0000000089d00000, 0x0000000089d00000| Untracked 
| 108|0x0000000089e00000, 0x0000000089e00000, 0x0000000089f00000|  0%| F|  |TAMS 0x0000000089e00000, 0x0000000089e00000| Untracked 
| 109|0x0000000089f00000, 0x0000000089f00000, 0x000000008a000000|  0%| F|  |TAMS 0x0000000089f00000, 0x0000000089f00000| Untracked 
| 110|0x000000008a000000, 0x000000008a000000, 0x000000008a100000|  0%| F|  |TAMS 0x000000008a000000, 0x000000008a000000| Untracked 
| 111|0x000000008a100000, 0x000000008a100000, 0x000000008a200000|  0%| F|  |TAMS 0x000000008a100000, 0x000000008a100000| Untracked 
| 112|0x000000008a200000, 0x000000008a200000, 0x000000008a300000|  0%| F|  |TAMS 0x000000008a200000, 0x000000008a200000| Untracked 
| 113|0x000000008a300000, 0x000000008a300000, 0x000000008a400000|  0%| F|  |TAMS 0x000000008a300000, 0x000000008a300000| Untracked 
| 114|0x000000008a400000, 0x000000008a400000, 0x000000008a500000|  0%| F|  |TAMS 0x000000008a400000, 0x000000008a400000| Untracked 
| 115|0x000000008a500000, 0x000000008a500000, 0x000000008a600000|  0%| F|  |TAMS 0x000000008a500000, 0x000000008a500000| Untracked 
| 116|0x000000008a600000, 0x000000008a600000, 0x000000008a700000|  0%| F|  |TAMS 0x000000008a600000, 0x000000008a600000| Untracked 
| 117|0x000000008a700000, 0x000000008a700000, 0x000000008a800000|  0%| F|  |TAMS 0x000000008a700000, 0x000000008a700000| Untracked 
| 118|0x000000008a800000, 0x000000008a800000, 0x000000008a900000|  0%| F|  |TAMS 0x000000008a800000, 0x000000008a800000| Untracked 
| 119|0x000000008a900000, 0x000000008a900000, 0x000000008aa00000|  0%| F|  |TAMS 0x000000008a900000, 0x000000008a900000| Untracked 
| 120|0x000000008aa00000, 0x000000008aa00000, 0x000000008ab00000|  0%| F|  |TAMS 0x000000008aa00000, 0x000000008aa00000| Untracked 
| 121|0x000000008ab00000, 0x000000008ab00000, 0x000000008ac00000|  0%| F|  |TAMS 0x000000008ab00000, 0x000000008ab00000| Untracked 
| 122|0x000000008ac00000, 0x000000008ac00000, 0x000000008ad00000|  0%| F|  |TAMS 0x000000008ac00000, 0x000000008ac00000| Untracked 
| 123|0x000000008ad00000, 0x000000008ad00000, 0x000000008ae00000|  0%| F|  |TAMS 0x000000008ad00000, 0x000000008ad00000| Untracked 
| 124|0x000000008ae00000, 0x000000008ae00000, 0x000000008af00000|  0%| F|  |TAMS 0x000000008ae00000, 0x000000008ae00000| Untracked 
| 125|0x000000008af00000, 0x000000008af00000, 0x000000008b000000|  0%| F|  |TAMS 0x000000008af00000, 0x000000008af00000| Untracked 
| 126|0x000000008b000000, 0x000000008b000000, 0x000000008b100000|  0%| F|  |TAMS 0x000000008b000000, 0x000000008b000000| Untracked 
| 127|0x000000008b100000, 0x000000008b100000, 0x000000008b200000|  0%| F|  |TAMS 0x000000008b100000, 0x000000008b100000| Untracked 
| 128|0x000000008b200000, 0x000000008b200000, 0x000000008b300000|  0%| F|  |TAMS 0x000000008b200000, 0x000000008b200000| Untracked 
| 129|0x000000008b300000, 0x000000008b300000, 0x000000008b400000|  0%| F|  |TAMS 0x000000008b300000, 0x000000008b300000| Untracked 
| 130|0x000000008b400000, 0x000000008b400000, 0x000000008b500000|  0%| F|  |TAMS 0x000000008b400000, 0x000000008b400000| Untracked 
| 131|0x000000008b500000, 0x000000008b500000, 0x000000008b600000|  0%| F|  |TAMS 0x000000008b500000, 0x000000008b500000| Untracked 
| 132|0x000000008b600000, 0x000000008b600000, 0x000000008b700000|  0%| F|  |TAMS 0x000000008b600000, 0x000000008b600000| Untracked 
| 133|0x000000008b700000, 0x000000008b700000, 0x000000008b800000|  0%| F|  |TAMS 0x000000008b700000, 0x000000008b700000| Untracked 
| 134|0x000000008b800000, 0x000000008b800000, 0x000000008b900000|  0%| F|  |TAMS 0x000000008b800000, 0x000000008b800000| Untracked 
| 135|0x000000008b900000, 0x000000008b900000, 0x000000008ba00000|  0%| F|  |TAMS 0x000000008b900000, 0x000000008b900000| Untracked 
| 136|0x000000008ba00000, 0x000000008ba00000, 0x000000008bb00000|  0%| F|  |TAMS 0x000000008ba00000, 0x000000008ba00000| Untracked 
| 137|0x000000008bb00000, 0x000000008bb00000, 0x000000008bc00000|  0%| F|  |TAMS 0x000000008bb00000, 0x000000008bb00000| Untracked 
| 138|0x000000008bc00000, 0x000000008bc00000, 0x000000008bd00000|  0%| F|  |TAMS 0x000000008bc00000, 0x000000008bc00000| Untracked 
| 139|0x000000008bd00000, 0x000000008bd00000, 0x000000008be00000|  0%| F|  |TAMS 0x000000008bd00000, 0x000000008bd00000| Untracked 
| 140|0x000000008be00000, 0x000000008be00000, 0x000000008bf00000|  0%| F|  |TAMS 0x000000008be00000, 0x000000008be00000| Untracked 
| 141|0x000000008bf00000, 0x000000008bf00000, 0x000000008c000000|  0%| F|  |TAMS 0x000000008bf00000, 0x000000008bf00000| Untracked 
| 142|0x000000008c000000, 0x000000008c000000, 0x000000008c100000|  0%| F|  |TAMS 0x000000008c000000, 0x000000008c000000| Untracked 
| 143|0x000000008c100000, 0x000000008c198470, 0x000000008c200000| 59%| E|  |TAMS 0x000000008c100000, 0x000000008c100000| Complete 
| 144|0x000000008c200000, 0x000000008c300000, 0x000000008c300000|100%| E|CS|TAMS 0x000000008c200000, 0x000000008c200000| Complete 
| 145|0x000000008c300000, 0x000000008c400000, 0x000000008c400000|100%| E|CS|TAMS 0x000000008c300000, 0x000000008c300000| Complete 
| 146|0x000000008c400000, 0x000000008c500000, 0x000000008c500000|100%| E|CS|TAMS 0x000000008c400000, 0x000000008c400000| Complete 
| 147|0x000000008c500000, 0x000000008c600000, 0x000000008c600000|100%| E|CS|TAMS 0x000000008c500000, 0x000000008c500000| Complete 
| 148|0x000000008c600000, 0x000000008c700000, 0x000000008c700000|100%| E|CS|TAMS 0x000000008c600000, 0x000000008c600000| Complete 
| 149|0x000000008c700000, 0x000000008c800000, 0x000000008c800000|100%| E|CS|TAMS 0x000000008c700000, 0x000000008c700000| Complete 
| 150|0x000000008c800000, 0x000000008c900000, 0x000000008c900000|100%| E|  |TAMS 0x000000008c800000, 0x000000008c800000| Complete 
| 151|0x000000008c900000, 0x000000008ca00000, 0x000000008ca00000|100%| E|CS|TAMS 0x000000008c900000, 0x000000008c900000| Complete 

Card table byte_map: [0x00007ff23b22c000,0x00007ff23b613000] _byte_map_base: 0x00007ff23ae13000

Marking Bits (Prev, Next): (CMBitMap*) 0x00007ff258066c58, (CMBitMap*) 0x00007ff258066c90
 Prev Bits: [0x00007ff238f0d000, 0x00007ff23ae45000)
 Next Bits: [0x00007ff236fd5000, 0x00007ff238f0d000)

Polling page: 0x00007ff25f918000

Metaspace:

Usage:
  Non-class:     36,38 MB capacity,    35,76 MB ( 98%) used,   518,38 KB (  1%) free+waste,   118,31 KB ( <1%) overhead. 
      Class:      5,15 MB capacity,     4,76 MB ( 93%) used,   335,89 KB (  6%) free+waste,    54,75 KB (  1%) overhead. 
       Both:     41,53 MB capacity,    40,53 MB ( 98%) used,   854,27 KB (  2%) free+waste,   173,06 KB ( <1%) overhead. 

Virtual space:
  Non-class space:       38,00 MB reserved,      36,50 MB ( 96%) committed 
      Class space:        1,00 GB reserved,       5,25 MB ( <1%) committed 
             Both:        1,04 GB reserved,      41,75 MB (  4%) committed 

Chunk freelists:
   Non-Class:  14,38 KB
       Class:  1,25 KB
        Both:  15,62 KB

CodeHeap 'non-profiled nmethods': size=119172Kb used=2632Kb max_used=2632Kb free=116539Kb
 bounds [0x00007ff2483bc000, 0x00007ff24865c000, 0x00007ff24f81d000]
CodeHeap 'profiled nmethods': size=119172Kb used=11004Kb max_used=11004Kb free=108167Kb
 bounds [0x00007ff240f5b000, 0x00007ff241a1b000, 0x00007ff2483bc000]
CodeHeap 'non-nmethods': size=7416Kb used=2828Kb max_used=2890Kb free=4587Kb
 bounds [0x00007ff24081d000, 0x00007ff240afd000, 0x00007ff240f5b000]
 total_blobs=6170 nmethods=4523 adapters=395
 compilation: enabled
              stopped_count=0, restarted_count=0
 full_count=0

Compilation events (10 events):
Event: 2,071 Thread 0x00007ff2043a1000 nmethod 4441 0x00007ff248637610 code [0x00007ff2486377e0, 0x00007ff248637df8]
Event: 2,072 Thread 0x00007ff2040c8000 4452       3       java.util.Properties$LineReader::readLine (585 bytes)
Event: 2,073 Thread 0x00007ff2581fb800 4453       4       java.lang.PublicMethods$MethodList::merge (192 bytes)
Event: 2,073 Thread 0x00007ff2040c8000 nmethod 4452 0x00007ff2419faf10 code [0x00007ff2419fb220, 0x00007ff2419fcca8]
Event: 2,073 Thread 0x00007ff204121000 4454       3       java.util.Hashtable$Enumerator::hasNext (5 bytes)
Event: 2,073 Thread 0x00007ff204121000 nmethod 4454 0x00007ff2419fd390 code [0x00007ff2419fd540, 0x00007ff2419fd6e8]
Event: 2,074 Thread 0x00007ff2581fd800 4455       3       java.net.URLStreamHandler::setURL (159 bytes)
Event: 2,074 Thread 0x00007ff2041a7000 4456       4       java.net.URLStreamHandler::parseURL (1201 bytes)
Event: 2,075 Thread 0x00007ff2581fd800 nmethod 4455 0x00007ff2419fd790 code [0x00007ff2419fdb20, 0x00007ff2419ff008]
Event: 2,078 Thread 0x00007ff2581fb800 nmethod 4453 0x00007ff248638210 code [0x00007ff2486383c0, 0x00007ff2486388f8]

GC Heap History (10 events):
Event: 0,684 GC heap before
{Heap before GC invocations=3 (full 0):
 garbage-first heap   total 129024K, used 28684K [0x0000000083200000, 0x0000000100000000)
  region size 1024K, 26 young (26624K), 5 survivors (5120K)
 Metaspace       used 24885K, capacity 25339K, committed 25600K, reserved 1071104K
  class space    used 2861K, capacity 3045K, committed 3072K, reserved 1048576K
}
Event: 0,689 GC heap after
{Heap after GC invocations=4 (full 0):
 garbage-first heap   total 129024K, used 8966K [0x0000000083200000, 0x0000000100000000)
  region size 1024K, 3 young (3072K), 3 survivors (3072K)
 Metaspace       used 24885K, capacity 25339K, committed 25600K, reserved 1071104K
  class space    used 2861K, capacity 3045K, committed 3072K, reserved 1048576K
}
Event: 0,840 GC heap before
{Heap before GC invocations=4 (full 0):
 garbage-first heap   total 129024K, used 61190K [0x0000000083200000, 0x0000000100000000)
  region size 1024K, 55 young (56320K), 3 survivors (3072K)
 Metaspace       used 28226K, capacity 28820K, committed 29056K, reserved 1075200K
  class space    used 3213K, capacity 3444K, committed 3456K, reserved 1048576K
}
Event: 0,844 GC heap after
{Heap after GC invocations=5 (full 0):
 garbage-first heap   total 129024K, used 10497K [0x0000000083200000, 0x0000000100000000)
  region size 1024K, 4 young (4096K), 4 survivors (4096K)
 Metaspace       used 28226K, capacity 28820K, committed 29056K, reserved 1075200K
  class space    used 3213K, capacity 3444K, committed 3456K, reserved 1048576K
}
Event: 1,513 GC heap before
{Heap before GC invocations=5 (full 0):
 garbage-first heap   total 129024K, used 81153K [0x0000000083200000, 0x0000000100000000)
  region size 1024K, 73 young (74752K), 4 survivors (4096K)
 Metaspace       used 34689K, capacity 35556K, committed 35840K, reserved 1081344K
  class space    used 4049K, capacity 4390K, committed 4480K, reserved 1048576K
}
Event: 1,522 GC heap after
{Heap after GC invocations=6 (full 0):
 garbage-first heap   total 155648K, used 15141K [0x0000000083200000, 0x0000000100000000)
  region size 1024K, 9 young (9216K), 9 survivors (9216K)
 Metaspace       used 34689K, capacity 35556K, committed 35840K, reserved 1081344K
  class space    used 4049K, capacity 4390K, committed 4480K, reserved 1048576K
}
Event: 1,543 GC heap before
{Heap before GC invocations=6 (full 0):
 garbage-first heap   total 155648K, used 17189K [0x0000000083200000, 0x0000000100000000)
  region size 1024K, 12 young (12288K), 9 survivors (9216K)
 Metaspace       used 34823K, capacity 35652K, committed 35840K, reserved 1081344K
  class space    used 4060K, capacity 4422K, committed 4480K, reserved 1048576K
}
Event: 1,554 GC heap after
{Heap after GC invocations=7 (full 0):
 garbage-first heap   total 155648K, used 15031K [0x0000000083200000, 0x0000000100000000)
  region size 1024K, 5 young (5120K), 5 survivors (5120K)
 Metaspace       used 34823K, capacity 35652K, committed 35840K, reserved 1081344K
  class space    used 4060K, capacity 4422K, committed 4480K, reserved 1048576K
}
Event: 2,055 GC heap before
{Heap before GC invocations=8 (full 0):
 garbage-first heap   total 155648K, used 94903K [0x0000000083200000, 0x0000000100000000)
  region size 1024K, 84 young (86016K), 5 survivors (5120K)
 Metaspace       used 41001K, capacity 41980K, committed 42112K, reserved 1085440K
  class space    used 4825K, capacity 5195K, committed 5248K, reserved 1048576K
}
Event: 2,063 GC heap after
{Heap after GC invocations=9 (full 0):
 garbage-first heap   total 155648K, used 21982K [0x0000000083200000, 0x0000000100000000)
  region size 1024K, 11 young (11264K), 11 survivors (11264K)
 Metaspace       used 41001K, capacity 41980K, committed 42112K, reserved 1085440K
  class space    used 4825K, capacity 5195K, committed 5248K, reserved 1048576K
}

Deoptimization events (10 events):
Event: 1,904 Thread 0x00007ff258015000 Uncommon trap: reason=unstable_if action=reinterpret pc=0x00007ff2484a8d34 method=java.util.Hashtable.get(Ljava/lang/Object;)Ljava/lang/Object; @ 36 c2
Event: 1,913 Thread 0x00007ff258015000 Uncommon trap: reason=unstable_if action=reinterpret pc=0x00007ff2484a4000 method=java.lang.StringLatin1.compareToCI([B[B)I @ 68 c2
Event: 1,965 Thread 0x00007ff258015000 Uncommon trap: reason=unstable_if action=reinterpret pc=0x00007ff248615660 method=java.util.Properties.loadConvert([CII[C)Ljava/lang/String; @ 97 c2
Event: 1,965 Thread 0x00007ff258015000 Uncommon trap: reason=unstable_if action=reinterpret pc=0x00007ff24860cbc8 method=java.lang.StringUTF16.compress([CII)[B @ 13 c2
Event: 1,980 Thread 0x00007ff258015000 Uncommon trap: reason=unstable_if action=reinterpret pc=0x00007ff248626330 method=java.util.Properties$LineReader.readLine()I @ 284 c2
Event: 2,002 Thread 0x00007ff258015000 Uncommon trap: reason=unstable_if action=reinterpret pc=0x00007ff24848f768 method=com.sun.org.apache.xerces.internal.util.SymbolTable.addSymbol([CII)Ljava/lang/String; @ 38 c2
Event: 2,045 Thread 0x00007ff258015000 Uncommon trap: reason=speculate_class_check action=maybe_recompile pc=0x00007ff24847b274 method=java.util.zip.InflaterInputStream.read([BII)I @ 100 c2
Event: 2,046 Thread 0x00007ff258015000 Uncommon trap: reason=speculate_class_check action=maybe_recompile pc=0x00007ff24847b274 method=java.util.zip.InflaterInputStream.read([BII)I @ 100 c2
Event: 2,046 Thread 0x00007ff258015000 Uncommon trap: reason=speculate_class_check action=maybe_recompile pc=0x00007ff24847b274 method=java.util.zip.InflaterInputStream.read([BII)I @ 100 c2
Event: 2,046 Thread 0x00007ff258015000 Uncommon trap: reason=speculate_class_check action=maybe_recompile pc=0x00007ff24847b274 method=java.util.zip.InflaterInputStream.read([BII)I @ 100 c2

Classes redefined (0 events):
No events

Internal exceptions (10 events):
Event: 1,726 Thread 0x00007ff258015000 Exception <a 'java/lang/ClassNotFoundException'{0x000000008b41cf70}: org/springframework/transaction/annotation/ProxyTransactionManagementConfigurationCustomizer> (0x000000008b41cf70) thrown at [/scratch/opt/mach5/mesos/work_dir/slaves/2dd962d0-8988-479b-
Event: 1,726 Thread 0x00007ff258015000 Exception <a 'java/lang/ClassNotFoundException'{0x000000008b430090}: org/springframework/transaction/annotation/ProxyTransactionManagementConfiguration$$EnhancerBySpringCGLIB$$7326c3e5Customizer> (0x000000008b430090) thrown at [/scratch/opt/mach5/mesos/wo
Event: 1,727 Thread 0x00007ff258015000 Exception <a 'java/lang/ClassNotFoundException'{0x000000008b4467f0}: org/springframework/context/annotation/ConfigurationClassEnhancer$EnhancedConfigurationCustomizer> (0x000000008b4467f0) thrown at [/scratch/opt/mach5/mesos/work_dir/slaves/2dd962d0-8988-
Event: 1,727 Thread 0x00007ff258015000 Exception <a 'java/lang/ClassNotFoundException'{0x000000008b451990}: org/springframework/beans/factory/BeanFactoryAwareCustomizer> (0x000000008b451990) thrown at [/scratch/opt/mach5/mesos/work_dir/slaves/2dd962d0-8988-479b-a804-57ab764ada59-S1247/framewor
Event: 1,727 Thread 0x00007ff258015000 Exception <a 'java/lang/ClassNotFoundException'{0x000000008b45c838}: org/springframework/beans/factory/AwareCustomizer> (0x000000008b45c838) thrown at [/scratch/opt/mach5/mesos/work_dir/slaves/2dd962d0-8988-479b-a804-57ab764ada59-S1247/frameworks/1735e8a2
Event: 1,727 Thread 0x00007ff258015000 Exception <a 'java/lang/ClassNotFoundException'{0x000000008b467860}: org/springframework/context/annotation/ImportAwareCustomizer> (0x000000008b467860) thrown at [/scratch/opt/mach5/mesos/work_dir/slaves/2dd962d0-8988-479b-a804-57ab764ada59-S1247/framewor
Event: 1,727 Thread 0x00007ff258015000 Exception <a 'java/lang/ClassNotFoundException'{0x000000008b472628}: org/springframework/beans/factory/AwareCustomizer> (0x000000008b472628) thrown at [/scratch/opt/mach5/mesos/work_dir/slaves/2dd962d0-8988-479b-a804-57ab764ada59-S1247/frameworks/1735e8a2
Event: 1,808 Thread 0x00007ff258015000 Exception <a 'java/lang/NoSuchMethodError'{0x000000008ad83278}: java.lang.invoke.DirectMethodHandle$Holder.invokeInterface(Ljava/lang/Object;Ljava/lang/Object;I)V> (0x000000008ad83278) thrown at [/scratch/opt/mach5/mesos/work_dir/slaves/2dd962d0-8988-479b
Event: 1,812 Thread 0x00007ff258015000 Exception <a 'java/lang/NoSuchMethodError'{0x000000008adc7288}: java.lang.invoke.DirectMethodHandle$Holder.invokeStatic(Ljava/lang/Object;ILjava/lang/Object;)V> (0x000000008adc7288) thrown at [/scratch/opt/mach5/mesos/work_dir/slaves/2dd962d0-8988-479b-a8
Event: 1,814 Thread 0x00007ff258015000 Exception <a 'java/lang/NoSuchMethodError'{0x000000008ade9e28}: java.lang.invoke.DirectMethodHandle$Holder.invokeVirtual(Ljava/lang/Object;Ljava/lang/Object;)I> (0x000000008ade9e28) thrown at [/scratch/opt/mach5/mesos/work_dir/slaves/2dd962d0-8988-479b-a8

Events (10 events):
Event: 2,077 loading class javax/servlet/annotation/ServletSecurity
Event: 2,077 loading class javax/servlet/annotation/ServletSecurity done
Event: 2,077 loading class org/apache/catalina/authenticator/NonLoginAuthenticator
Event: 2,077 loading class org/apache/catalina/authenticator/NonLoginAuthenticator done
Event: 2,078 loading class org/apache/catalina/authenticator/AuthenticatorBase
Event: 2,078 loading class org/apache/catalina/authenticator/AuthenticatorBase done
Event: 2,078 loading class javax/security/auth/message/config/RegistrationListener
Event: 2,078 loading class javax/security/auth/message/config/RegistrationListener done
Event: 2,078 loading class org/apache/catalina/util/SessionIdGeneratorBase
Event: 2,078 loading class org/apache/catalina/util/SessionIdGeneratorBase done


Dynamic libraries:
00400000-00401000 r-xp 00000000 08:36 3933685                            /usr/lib/jvm/java-11-oracle/bin/java
00600000-00601000 r--p 00000000 08:36 3933685                            /usr/lib/jvm/java-11-oracle/bin/java
00601000-00602000 rw-p 00001000 08:36 3933685                            /usr/lib/jvm/java-11-oracle/bin/java
01a11000-01a32000 rw-p 00000000 00:00 0                                  [heap]
83200000-8ca00000 rw-p 00000000 00:00 0 
8ca00000-100000000 ---p 00000000 00:00 0 
100000000-100540000 rw-p 00000000 00:00 0 
100540000-140000000 ---p 00000000 00:00 0 
7ff1b8000000-7ff1b979b000 rw-p 00000000 00:00 0 
7ff1b979b000-7ff1bc000000 ---p 00000000 00:00 0 
7ff1bc000000-7ff1bd7b7000 rw-p 00000000 00:00 0 
7ff1bd7b7000-7ff1c0000000 ---p 00000000 00:00 0 
7ff1c0000000-7ff1c0021000 rw-p 00000000 00:00 0 
7ff1c0021000-7ff1c4000000 ---p 00000000 00:00 0 
7ff1c4000000-7ff1c507b000 rw-p 00000000 00:00 0 
7ff1c507b000-7ff1c8000000 ---p 00000000 00:00 0 
7ff1c8000000-7ff1c8021000 rw-p 00000000 00:00 0 
7ff1c8021000-7ff1cc000000 ---p 00000000 00:00 0 
7ff1cc000000-7ff1cc021000 rw-p 00000000 00:00 0 
7ff1cc021000-7ff1d0000000 ---p 00000000 00:00 0 
7ff1d2801000-7ff1d2881000 rw-p 00000000 00:00 0 
7ff1d2881000-7ff1d2a01000 ---p 00000000 00:00 0 
7ff1d2a01000-7ff1d2c01000 rw-p 00000000 00:00 0 
7ff1d2c01000-7ff1d2e01000 rw-p 00000000 00:00 0 
7ff1d2ef9000-7ff1d30f9000 rw-p 00000000 00:00 0 
7ff1d30f9000-7ff1d32f9000 rw-p 00000000 00:00 0 
7ff1d32f9000-7ff1d34f9000 rw-p 00000000 00:00 0 
7ff1d34f9000-7ff1d34fd000 ---p 00000000 00:00 0 
7ff1d34fd000-7ff1d35fa000 rw-p 00000000 00:00 0 
7ff1d35fa000-7ff1d35fe000 ---p 00000000 00:00 0 
7ff1d35fe000-7ff1d38fb000 rw-p 00000000 00:00 0 
7ff1d38fb000-7ff1d38ff000 ---p 00000000 00:00 0 
7ff1d38ff000-7ff1d3bfc000 rw-p 00000000 00:00 0 
7ff1d3bfc000-7ff1d3dfc000 rw-p 00000000 00:00 0 
7ff1d3dfc000-7ff1d3dfd000 ---p 00000000 00:00 0 
7ff1d3dfd000-7ff1d3efe000 rw-p 00000000 00:00 0 
7ff1d3efe000-7ff1d3eff000 ---p 00000000 00:00 0 
7ff1d3eff000-7ff1d4000000 rw-p 00000000 00:00 0 
7ff1d4000000-7ff1d4021000 rw-p 00000000 00:00 0 
7ff1d4021000-7ff1d8000000 ---p 00000000 00:00 0 
7ff1d8000000-7ff1d8021000 rw-p 00000000 00:00 0 
7ff1d8021000-7ff1dc000000 ---p 00000000 00:00 0 
7ff1dc000000-7ff1dd051000 rw-p 00000000 00:00 0 
7ff1dd051000-7ff1e0000000 ---p 00000000 00:00 0 
7ff1e0000000-7ff1e04f4000 rw-p 00000000 00:00 0 
7ff1e04f4000-7ff1e4000000 ---p 00000000 00:00 0 
7ff1e4000000-7ff1e4416000 rw-p 00000000 00:00 0 
7ff1e4416000-7ff1e8000000 ---p 00000000 00:00 0 
7ff1e8000000-7ff1e8738000 rw-p 00000000 00:00 0 
7ff1e8738000-7ff1ec000000 ---p 00000000 00:00 0 
7ff1ec000000-7ff1ec021000 rw-p 00000000 00:00 0 
7ff1ec021000-7ff1f0000000 ---p 00000000 00:00 0 
7ff1f0000000-7ff1f069d000 rw-p 00000000 00:00 0 
7ff1f069d000-7ff1f4000000 ---p 00000000 00:00 0 
7ff1f4000000-7ff1f4021000 rw-p 00000000 00:00 0 
7ff1f4021000-7ff1f8000000 ---p 00000000 00:00 0 
7ff1f8000000-7ff1f8021000 rw-p 00000000 00:00 0 
7ff1f8021000-7ff1fc000000 ---p 00000000 00:00 0 
7ff1fc000000-7ff1fc021000 rw-p 00000000 00:00 0 
7ff1fc021000-7ff200000000 ---p 00000000 00:00 0 
7ff200000000-7ff2013ca000 rw-p 00000000 00:00 0 
7ff2013ca000-7ff204000000 ---p 00000000 00:00 0 
7ff204000000-7ff20459c000 rw-p 00000000 00:00 0 
7ff20459c000-7ff208000000 ---p 00000000 00:00 0 
7ff208000000-7ff208021000 rw-p 00000000 00:00 0 
7ff208021000-7ff20c000000 ---p 00000000 00:00 0 
7ff20c000000-7ff20c021000 rw-p 00000000 00:00 0 
7ff20c021000-7ff210000000 ---p 00000000 00:00 0 
7ff210000000-7ff2111b7000 rw-p 00000000 00:00 0 
7ff2111b7000-7ff214000000 ---p 00000000 00:00 0 
7ff214000000-7ff214021000 rw-p 00000000 00:00 0 
7ff214021000-7ff218000000 ---p 00000000 00:00 0 
7ff218000000-7ff218021000 rw-p 00000000 00:00 0 
7ff218021000-7ff21c000000 ---p 00000000 00:00 0 
7ff21c000000-7ff21c021000 rw-p 00000000 00:00 0 
7ff21c021000-7ff220000000 ---p 00000000 00:00 0 
7ff220000000-7ff22005a000 rw-p 00000000 00:00 0 
7ff22005a000-7ff224000000 ---p 00000000 00:00 0 
7ff224000000-7ff224021000 rw-p 00000000 00:00 0 
7ff224021000-7ff228000000 ---p 00000000 00:00 0 
7ff228000000-7ff228021000 rw-p 00000000 00:00 0 
7ff228021000-7ff22c000000 ---p 00000000 00:00 0 
7ff22c02b000-7ff22c22b000 rw-p 00000000 00:00 0 
7ff22c22b000-7ff22c42b000 rw-p 00000000 00:00 0 
7ff22c42b000-7ff22c62b000 rw-p 00000000 00:00 0 
7ff22c62b000-7ff22c630000 r-xp 00000000 08:36 4587646                    /usr/lib/jvm/java-11-oracle/lib/libmanagement_ext.so
7ff22c630000-7ff22c82f000 ---p 00005000 08:36 4587646                    /usr/lib/jvm/java-11-oracle/lib/libmanagement_ext.so
7ff22c82f000-7ff22c830000 r--p 00004000 08:36 4587646                    /usr/lib/jvm/java-11-oracle/lib/libmanagement_ext.so
7ff22c830000-7ff22c831000 rw-p 00005000 08:36 4587646                    /usr/lib/jvm/java-11-oracle/lib/libmanagement_ext.so
7ff22c831000-7ff22c835000 r-xp 00000000 08:36 4587644                    /usr/lib/jvm/java-11-oracle/lib/libmanagement.so
7ff22c835000-7ff22ca34000 ---p 00004000 08:36 4587644                    /usr/lib/jvm/java-11-oracle/lib/libmanagement.so
7ff22ca34000-7ff22ca35000 r--p 00003000 08:36 4587644                    /usr/lib/jvm/java-11-oracle/lib/libmanagement.so
7ff22ca35000-7ff22ca36000 rw-p 00004000 08:36 4587644                    /usr/lib/jvm/java-11-oracle/lib/libmanagement.so
7ff22ca36000-7ff22ca37000 ---p 00000000 00:00 0 
7ff22ca37000-7ff22cb38000 rw-p 00000000 00:00 0 
7ff22cb38000-7ff22cb39000 ---p 00000000 00:00 0 
7ff22cb39000-7ff22cc3a000 rw-p 00000000 00:00 0 
7ff22cc3a000-7ff22cc3b000 ---p 00000000 00:00 0 
7ff22cc3b000-7ff22cf3c000 rw-p 00000000 00:00 0 
7ff22cf3c000-7ff22cf40000 ---p 00000000 00:00 0 
7ff22cf40000-7ff22d23d000 rw-p 00000000 00:00 0 
7ff22d23d000-7ff22d241000 ---p 00000000 00:00 0 
7ff22d241000-7ff22d53e000 rw-p 00000000 00:00 0 
7ff22d53e000-7ff22d542000 ---p 00000000 00:00 0 
7ff22d542000-7ff22d63f000 rw-p 00000000 00:00 0 
7ff22d63f000-7ff22d643000 ---p 00000000 00:00 0 
7ff22d643000-7ff22d740000 rw-p 00000000 00:00 0 
7ff22d740000-7ff22d744000 ---p 00000000 00:00 0 
7ff22d744000-7ff22d841000 rw-p 00000000 00:00 0 
7ff22d841000-7ff22d843000 r-xp 00000000 08:36 4587629                    /usr/lib/jvm/java-11-oracle/lib/libextnet.so
7ff22d843000-7ff22da42000 ---p 00002000 08:36 4587629                    /usr/lib/jvm/java-11-oracle/lib/libextnet.so
7ff22da42000-7ff22da43000 r--p 00001000 08:36 4587629                    /usr/lib/jvm/java-11-oracle/lib/libextnet.so
7ff22da43000-7ff22da44000 rw-p 00002000 08:36 4587629                    /usr/lib/jvm/java-11-oracle/lib/libextnet.so
7ff22da44000-7ff22da45000 ---p 00000000 00:00 0 
7ff22da45000-7ff22db46000 rw-p 00000000 00:00 0 
7ff22db46000-7ff22db4a000 ---p 00000000 00:00 0 
7ff22db4a000-7ff22dc47000 rw-p 00000000 00:00 0 
7ff22dc47000-7ff22dc4b000 ---p 00000000 00:00 0 
7ff22dc4b000-7ff22dd48000 rw-p 00000000 00:00 0 
7ff22dd48000-7ff22dd5e000 r-xp 00000000 08:36 4587648                    /usr/lib/jvm/java-11-oracle/lib/libnet.so
7ff22dd5e000-7ff22df5e000 ---p 00016000 08:36 4587648                    /usr/lib/jvm/java-11-oracle/lib/libnet.so
7ff22df5e000-7ff22df5f000 r--p 00016000 08:36 4587648                    /usr/lib/jvm/java-11-oracle/lib/libnet.so
7ff22df5f000-7ff22df60000 rw-p 00017000 08:36 4587648                    /usr/lib/jvm/java-11-oracle/lib/libnet.so
7ff22df60000-7ff22df70000 r-xp 00000000 08:36 4587649                    /usr/lib/jvm/java-11-oracle/lib/libnio.so
7ff22df70000-7ff22e16f000 ---p 00010000 08:36 4587649                    /usr/lib/jvm/java-11-oracle/lib/libnio.so
7ff22e16f000-7ff22e170000 r--p 0000f000 08:36 4587649                    /usr/lib/jvm/java-11-oracle/lib/libnio.so
7ff22e170000-7ff22e171000 rw-p 00010000 08:36 4587649                    /usr/lib/jvm/java-11-oracle/lib/libnio.so
7ff22e171000-7ff22e175000 ---p 00000000 00:00 0 
7ff22e175000-7ff22e272000 rw-p 00000000 00:00 0 
7ff22e272000-7ff22e276000 ---p 00000000 00:00 0 
7ff22e276000-7ff22e373000 rw-p 00000000 00:00 0 
7ff22e373000-7ff22e377000 ---p 00000000 00:00 0 
7ff22e377000-7ff22e474000 rw-p 00000000 00:00 0 
7ff22e474000-7ff22e478000 ---p 00000000 00:00 0 
7ff22e478000-7ff22e575000 rw-p 00000000 00:00 0 
7ff22e575000-7ff22e579000 ---p 00000000 00:00 0 
7ff22e579000-7ff22e676000 rw-p 00000000 00:00 0 
7ff22e676000-7ff22e67a000 ---p 00000000 00:00 0 
7ff22e67a000-7ff22e777000 rw-p 00000000 00:00 0 
7ff22e777000-7ff22f277000 r--p 00000000 08:36 268919                     /usr/lib/locale/locale-archive
7ff22f277000-7ff22f27b000 ---p 00000000 00:00 0 
7ff22f27b000-7ff22f378000 rw-p 00000000 00:00 0 
7ff22f378000-7ff22f37c000 ---p 00000000 00:00 0 
7ff22f37c000-7ff22f479000 rw-p 00000000 00:00 0 
7ff22f479000-7ff22f47a000 ---p 00000000 00:00 0 
7ff22f47a000-7ff22fdfc000 rw-p 00000000 00:00 0 
7ff22fdfc000-7ff22fdfd000 ---p 00000000 00:00 0 
7ff22fdfd000-7ff22fefe000 rw-p 00000000 00:00 0 
7ff22fefe000-7ff22feff000 ---p 00000000 00:00 0 
7ff22feff000-7ff230000000 rw-p 00000000 00:00 0 
7ff230000000-7ff230021000 rw-p 00000000 00:00 0 
7ff230021000-7ff234000000 ---p 00000000 00:00 0 
7ff234044000-7ff234069000 r--p 00000000 08:36 1318665                    /usr/share/locale-langpack/pl/LC_MESSAGES/libc.mo
7ff234069000-7ff236dd1000 rw-p 00000000 00:00 0 
7ff236dd1000-7ff236dd2000 ---p 00000000 00:00 0 
7ff236dd2000-7ff236ed3000 rw-p 00000000 00:00 0 
7ff236ed3000-7ff236ed4000 ---p 00000000 00:00 0 
7ff236ed4000-7ff237235000 rw-p 00000000 00:00 0 
7ff237235000-7ff238f0d000 ---p 00000000 00:00 0 
7ff238f0d000-7ff23916d000 rw-p 00000000 00:00 0 
7ff23916d000-7ff23ae45000 ---p 00000000 00:00 0 
7ff23ae45000-7ff23ae91000 rw-p 00000000 00:00 0 
7ff23ae91000-7ff23b22c000 ---p 00000000 00:00 0 
7ff23b22c000-7ff23b278000 rw-p 00000000 00:00 0 
7ff23b278000-7ff23b613000 ---p 00000000 00:00 0 
7ff23b613000-7ff23b65f000 rw-p 00000000 00:00 0 
7ff23b65f000-7ff23b9fa000 ---p 00000000 00:00 0 
7ff23b9fa000-7ff23c000000 rw-p 00000000 00:00 0 
7ff23c000000-7ff23c021000 rw-p 00000000 00:00 0 
7ff23c021000-7ff240000000 ---p 00000000 00:00 0 
7ff240014000-7ff24071b000 rw-p 00000000 00:00 0 
7ff24071b000-7ff24071c000 ---p 00000000 00:00 0 
7ff24071c000-7ff24081d000 rw-p 00000000 00:00 0 
7ff24081d000-7ff240afd000 rwxp 00000000 00:00 0 
7ff240afd000-7ff240f5b000 ---p 00000000 00:00 0 
7ff240f5b000-7ff241a2b000 rwxp 00000000 00:00 0 
7ff241a2b000-7ff2483bc000 ---p 00000000 00:00 0 
7ff2483bc000-7ff24865c000 rwxp 00000000 00:00 0 
7ff24865c000-7ff24f81d000 ---p 00000000 00:00 0 
7ff24f81d000-7ff257bdb000 r--s 00000000 08:36 4587659                    /usr/lib/jvm/java-11-oracle/lib/modules
7ff257bdb000-7ff257bf6000 r-xp 00000000 08:36 4587640                    /usr/lib/jvm/java-11-oracle/lib/libjimage.so
7ff257bf6000-7ff257df5000 ---p 0001b000 08:36 4587640                    /usr/lib/jvm/java-11-oracle/lib/libjimage.so
7ff257df5000-7ff257df7000 r--p 0001a000 08:36 4587640                    /usr/lib/jvm/java-11-oracle/lib/libjimage.so
7ff257df7000-7ff257df8000 rw-p 0001c000 08:36 4587640                    /usr/lib/jvm/java-11-oracle/lib/libjimage.so
7ff257df8000-7ff257dff000 r-xp 00000000 08:36 4587658                    /usr/lib/jvm/java-11-oracle/lib/libzip.so
7ff257dff000-7ff257ffe000 ---p 00007000 08:36 4587658                    /usr/lib/jvm/java-11-oracle/lib/libzip.so
7ff257ffe000-7ff257fff000 r--p 00006000 08:36 4587658                    /usr/lib/jvm/java-11-oracle/lib/libzip.so
7ff257fff000-7ff258000000 rw-p 00007000 08:36 4587658                    /usr/lib/jvm/java-11-oracle/lib/libzip.so
7ff258000000-7ff2593bf000 rw-p 00000000 00:00 0 
7ff2593bf000-7ff25c000000 ---p 00000000 00:00 0 
7ff25c024000-7ff25c02a000 rw-p 00000000 00:00 0 
7ff25c02a000-7ff25c10d000 ---p 00000000 00:00 0 
7ff25c10d000-7ff25c123000 rw-p 00000000 00:00 0 
7ff25c123000-7ff25c1f6000 ---p 00000000 00:00 0 
7ff25c1f6000-7ff25c201000 r-xp 00000000 08:36 4461307                    /lib/x86_64-linux-gnu/libnss_files-2.27.so
7ff25c201000-7ff25c400000 ---p 0000b000 08:36 4461307                    /lib/x86_64-linux-gnu/libnss_files-2.27.so
7ff25c400000-7ff25c401000 r--p 0000a000 08:36 4461307                    /lib/x86_64-linux-gnu/libnss_files-2.27.so
7ff25c401000-7ff25c402000 rw-p 0000b000 08:36 4461307                    /lib/x86_64-linux-gnu/libnss_files-2.27.so
7ff25c402000-7ff25c408000 rw-p 00000000 00:00 0 
7ff25c408000-7ff25c41f000 r-xp 00000000 08:36 4461301                    /lib/x86_64-linux-gnu/libnsl-2.27.so
7ff25c41f000-7ff25c61e000 ---p 00017000 08:36 4461301                    /lib/x86_64-linux-gnu/libnsl-2.27.so
7ff25c61e000-7ff25c61f000 r--p 00016000 08:36 4461301                    /lib/x86_64-linux-gnu/libnsl-2.27.so
7ff25c61f000-7ff25c620000 rw-p 00017000 08:36 4461301                    /lib/x86_64-linux-gnu/libnsl-2.27.so
7ff25c620000-7ff25c622000 rw-p 00000000 00:00 0 
7ff25c622000-7ff25c62d000 r-xp 00000000 08:36 4461318                    /lib/x86_64-linux-gnu/libnss_nis-2.27.so
7ff25c62d000-7ff25c82c000 ---p 0000b000 08:36 4461318                    /lib/x86_64-linux-gnu/libnss_nis-2.27.so
7ff25c82c000-7ff25c82d000 r--p 0000a000 08:36 4461318                    /lib/x86_64-linux-gnu/libnss_nis-2.27.so
7ff25c82d000-7ff25c82e000 rw-p 0000b000 08:36 4461318                    /lib/x86_64-linux-gnu/libnss_nis-2.27.so
7ff25c82e000-7ff25c836000 r-xp 00000000 08:36 4461303                    /lib/x86_64-linux-gnu/libnss_compat-2.27.so
7ff25c836000-7ff25ca36000 ---p 00008000 08:36 4461303                    /lib/x86_64-linux-gnu/libnss_compat-2.27.so
7ff25ca36000-7ff25ca37000 r--p 00008000 08:36 4461303                    /lib/x86_64-linux-gnu/libnss_compat-2.27.so
7ff25ca37000-7ff25ca38000 rw-p 00009000 08:36 4461303                    /lib/x86_64-linux-gnu/libnss_compat-2.27.so
7ff25ca38000-7ff25ca42000 r-xp 00000000 08:36 4587631                    /usr/lib/jvm/java-11-oracle/lib/libinstrument.so
7ff25ca42000-7ff25cc41000 ---p 0000a000 08:36 4587631                    /usr/lib/jvm/java-11-oracle/lib/libinstrument.so
7ff25cc41000-7ff25cc42000 r--p 00009000 08:36 4587631                    /usr/lib/jvm/java-11-oracle/lib/libinstrument.so
7ff25cc42000-7ff25cc43000 rw-p 0000a000 08:36 4587631                    /usr/lib/jvm/java-11-oracle/lib/libinstrument.so
7ff25cc43000-7ff25cc6c000 r-xp 00000000 08:36 4587636                    /usr/lib/jvm/java-11-oracle/lib/libjava.so
7ff25cc6c000-7ff25ce6c000 ---p 00029000 08:36 4587636                    /usr/lib/jvm/java-11-oracle/lib/libjava.so
7ff25ce6c000-7ff25ce6d000 r--p 00029000 08:36 4587636                    /usr/lib/jvm/java-11-oracle/lib/libjava.so
7ff25ce6d000-7ff25ce6f000 rw-p 0002a000 08:36 4587636                    /usr/lib/jvm/java-11-oracle/lib/libjava.so
7ff25ce6f000-7ff25ce7c000 r-xp 00000000 08:36 4587657                    /usr/lib/jvm/java-11-oracle/lib/libverify.so
7ff25ce7c000-7ff25d07b000 ---p 0000d000 08:36 4587657                    /usr/lib/jvm/java-11-oracle/lib/libverify.so
7ff25d07b000-7ff25d07d000 r--p 0000c000 08:36 4587657                    /usr/lib/jvm/java-11-oracle/lib/libverify.so
7ff25d07d000-7ff25d07e000 rw-p 0000e000 08:36 4587657                    /usr/lib/jvm/java-11-oracle/lib/libverify.so
7ff25d07e000-7ff25d085000 r-xp 00000000 08:36 4461358                    /lib/x86_64-linux-gnu/librt-2.27.so
7ff25d085000-7ff25d284000 ---p 00007000 08:36 4461358                    /lib/x86_64-linux-gnu/librt-2.27.so
7ff25d284000-7ff25d285000 r--p 00006000 08:36 4461358                    /lib/x86_64-linux-gnu/librt-2.27.so
7ff25d285000-7ff25d286000 rw-p 00007000 08:36 4461358                    /lib/x86_64-linux-gnu/librt-2.27.so
7ff25d286000-7ff25d423000 r-xp 00000000 08:36 4461280                    /lib/x86_64-linux-gnu/libm-2.27.so
7ff25d423000-7ff25d622000 ---p 0019d000 08:36 4461280                    /lib/x86_64-linux-gnu/libm-2.27.so
7ff25d622000-7ff25d623000 r--p 0019c000 08:36 4461280                    /lib/x86_64-linux-gnu/libm-2.27.so
7ff25d623000-7ff25d624000 rw-p 0019d000 08:36 4461280                    /lib/x86_64-linux-gnu/libm-2.27.so
7ff25d624000-7ff25e763000 r-xp 00000000 08:36 4587670                    /usr/lib/jvm/java-11-oracle/lib/server/libjvm.so
7ff25e763000-7ff25e963000 ---p 0113f000 08:36 4587670                    /usr/lib/jvm/java-11-oracle/lib/server/libjvm.so
7ff25e963000-7ff25ea22000 r--p 0113f000 08:36 4587670                    /usr/lib/jvm/java-11-oracle/lib/server/libjvm.so
7ff25ea22000-7ff25ea5b000 rw-p 011fe000 08:36 4587670                    /usr/lib/jvm/java-11-oracle/lib/server/libjvm.so
7ff25ea5b000-7ff25eab1000 rw-p 00000000 00:00 0 
7ff25eab1000-7ff25ec98000 r-xp 00000000 08:36 4461217                    /lib/x86_64-linux-gnu/libc-2.27.so
7ff25ec98000-7ff25ee98000 ---p 001e7000 08:36 4461217                    /lib/x86_64-linux-gnu/libc-2.27.so
7ff25ee98000-7ff25ee9c000 r--p 001e7000 08:36 4461217                    /lib/x86_64-linux-gnu/libc-2.27.so
7ff25ee9c000-7ff25ee9e000 rw-p 001eb000 08:36 4461217                    /lib/x86_64-linux-gnu/libc-2.27.so
7ff25ee9e000-7ff25eea2000 rw-p 00000000 00:00 0 
7ff25eea2000-7ff25eea5000 r-xp 00000000 08:36 4461240                    /lib/x86_64-linux-gnu/libdl-2.27.so
7ff25eea5000-7ff25f0a4000 ---p 00003000 08:36 4461240                    /lib/x86_64-linux-gnu/libdl-2.27.so
7ff25f0a4000-7ff25f0a5000 r--p 00002000 08:36 4461240                    /lib/x86_64-linux-gnu/libdl-2.27.so
7ff25f0a5000-7ff25f0a6000 rw-p 00003000 08:36 4461240                    /lib/x86_64-linux-gnu/libdl-2.27.so
7ff25f0a6000-7ff25f0b6000 r-xp 00000000 08:36 4587621                    /usr/lib/jvm/java-11-oracle/lib/jli/libjli.so
7ff25f0b6000-7ff25f2b5000 ---p 00010000 08:36 4587621                    /usr/lib/jvm/java-11-oracle/lib/jli/libjli.so
7ff25f2b5000-7ff25f2b6000 r--p 0000f000 08:36 4587621                    /usr/lib/jvm/java-11-oracle/lib/jli/libjli.so
7ff25f2b6000-7ff25f2b7000 rw-p 00010000 08:36 4587621                    /usr/lib/jvm/java-11-oracle/lib/jli/libjli.so
7ff25f2b7000-7ff25f2d1000 r-xp 00000000 08:36 4461350                    /lib/x86_64-linux-gnu/libpthread-2.27.so
7ff25f2d1000-7ff25f4d0000 ---p 0001a000 08:36 4461350                    /lib/x86_64-linux-gnu/libpthread-2.27.so
7ff25f4d0000-7ff25f4d1000 r--p 00019000 08:36 4461350                    /lib/x86_64-linux-gnu/libpthread-2.27.so
7ff25f4d1000-7ff25f4d2000 rw-p 0001a000 08:36 4461350                    /lib/x86_64-linux-gnu/libpthread-2.27.so
7ff25f4d2000-7ff25f4d6000 rw-p 00000000 00:00 0 
7ff25f4d6000-7ff25f4f2000 r-xp 00000000 08:36 4461389                    /lib/x86_64-linux-gnu/libz.so.1.2.11
7ff25f4f2000-7ff25f6f1000 ---p 0001c000 08:36 4461389                    /lib/x86_64-linux-gnu/libz.so.1.2.11
7ff25f6f1000-7ff25f6f2000 r--p 0001b000 08:36 4461389                    /lib/x86_64-linux-gnu/libz.so.1.2.11
7ff25f6f2000-7ff25f6f3000 rw-p 0001c000 08:36 4461389                    /lib/x86_64-linux-gnu/libz.so.1.2.11
7ff25f6f3000-7ff25f71a000 r-xp 00000000 08:36 4461189                    /lib/x86_64-linux-gnu/ld-2.27.so
7ff25f730000-7ff25f737000 r--s 00000000 08:36 527109                     /usr/lib/x86_64-linux-gnu/gconv/gconv-modules.cache
7ff25f737000-7ff25f7f7000 rw-p 00000000 00:00 0 
7ff25f7f7000-7ff25f7fb000 ---p 00000000 00:00 0 
7ff25f7fb000-7ff25f8fc000 rw-p 00000000 00:00 0 
7ff25f901000-7ff25f907000 rw-p 00000000 00:00 0 
7ff25f907000-7ff25f910000 ---p 00000000 00:00 0 
7ff25f910000-7ff25f918000 rw-s 00000000 08:36 12719762                   /tmp/hsperfdata_kacper/6821
7ff25f918000-7ff25f919000 ---p 00000000 00:00 0 
7ff25f919000-7ff25f91a000 r--p 00000000 00:00 0 
7ff25f91a000-7ff25f91b000 r--p 00027000 08:36 4461189                    /lib/x86_64-linux-gnu/ld-2.27.so
7ff25f91b000-7ff25f91c000 rw-p 00028000 08:36 4461189                    /lib/x86_64-linux-gnu/ld-2.27.so
7ff25f91c000-7ff25f91d000 rw-p 00000000 00:00 0 
7fff1f973000-7fff1f996000 rw-p 00000000 00:00 0                          [stack]
7fff1f9d3000-7fff1f9d6000 r--p 00000000 00:00 0                          [vvar]
7fff1f9d6000-7fff1f9d8000 r-xp 00000000 00:00 0                          [vdso]
ffffffffff600000-ffffffffff601000 r-xp 00000000 00:00 0                  [vsyscall]


VM Arguments:
jvm_args: -javaagent:/home/kacper/Dev/idea-IC-183.4588.61/lib/idea_rt.jar=46675:/home/kacper/Dev/idea-IC-183.4588.61/bin -Dfile.encoding=UTF-8 
java_command: pl.komorowski.pubspace.PubspaceApplication
java_class_path (initial): /home/kacper/dev_IntelliJ/Pubspace/target/classes:/home/kacper/.m2/repository/org/springframework/boot/spring-boot-starter-actuator/2.1.2.RELEASE/spring-boot-starter-actuator-2.1.2.RELEASE.jar:/home/kacper/.m2/repository/org/springframework/boot/spring-boot-starter/2.1.2.RELEASE/spring-boot-starter-2.1.2.RELEASE.jar:/home/kacper/.m2/repository/org/springframework/boot/spring-boot/2.1.2.RELEASE/spring-boot-2.1.2.RELEASE.jar:/home/kacper/.m2/repository/org/springframework/boot/spring-boot-autoconfigure/2.1.2.RELEASE/spring-boot-autoconfigure-2.1.2.RELEASE.jar:/home/kacper/.m2/repository/org/springframework/boot/spring-boot-starter-logging/2.1.2.RELEASE/spring-boot-starter-logging-2.1.2.RELEASE.jar:/home/kacper/.m2/repository/ch/qos/logback/logback-classic/1.2.3/logback-classic-1.2.3.jar:/home/kacper/.m2/repository/ch/qos/logback/logback-core/1.2.3/logback-core-1.2.3.jar:/home/kacper/.m2/repository/org/apache/logging/log4j/log4j-to-slf4j/2.11.1/log4j-to-slf4j-2.11.1.jar:/home/kacper/.m2/repository/org/apache/logging/log4j/log4j-api/2.11.1/log4j-api-2.11.1.jar:/home/kacper/.m2/repository/org/slf4j/jul-to-slf4j/1.7.25/jul-to-slf4j-1.7.25.jar:/home/kacper/.m2/repository/javax/annotation/javax.annotation-api/1.3.2/javax.annotation-api-1.3.2.jar:/home/kacper/.m2/repository/org/yaml/snakeyaml/1.23/snakeyaml-1.23.jar:/home/kacper/.m2/repository/org/springframework/boot/spring-boot-actuator-autoconfigure/2.1.2.RELEASE/spring-boot-actuator-autoconfigure-2.1.2.RELEASE.jar:/home/kacper/.m2/repository/org/springframework/boot/spring-boot-actuator/2.1.2.RELEASE/spring-boot-actuator-2.1.2.RELEASE.jar:/home/kacper/.m2/repository/com/fasterxml/jackson/core/jackson-databind/2.9.8/jackson-databind-2.9.8.jar:/home/kacper/.m2/repository/com/fasterxml/jackson/core/jackson-annotations/2.9.0/jackson-annotations-2.9.0.jar:/home/kacper/.m2/repository/com/fasterxml/jackson/core/jackson-core/2.9.8/jackson-core-2.9.8.jar:/home/kacper/.m2/repository/org/springframework
Launcher Type: SUN_STANDARD

[Global flags]
     intx CICompilerCount                          = 12                                        {product} {ergonomic}
     uint ConcGCThreads                            = 3                                         {product} {ergonomic}
     uint G1ConcRefinementThreads                  = 13                                        {product} {ergonomic}
   size_t G1HeapRegionSize                         = 1048576                                   {product} {ergonomic}
    uintx GCDrainStackTargetSize                   = 64                                        {product} {ergonomic}
   size_t InitialHeapSize                          = 132120576                                 {product} {ergonomic}
   size_t MarkStackSize                            = 4194304                                   {product} {ergonomic}
   size_t MaxHeapSize                              = 2095054848                                {product} {ergonomic}
   size_t MaxNewSize                               = 1256194048                                {product} {ergonomic}
   size_t MinHeapDeltaBytes                        = 1048576                                   {product} {ergonomic}
    uintx NonNMethodCodeHeapSize                   = 7591728                                {pd product} {ergonomic}
    uintx NonProfiledCodeHeapSize                  = 122033256                              {pd product} {ergonomic}
    uintx ProfiledCodeHeapSize                     = 122033256                              {pd product} {ergonomic}
    uintx ReservedCodeCacheSize                    = 251658240                              {pd product} {ergonomic}
     bool SegmentedCodeCache                       = true                                      {product} {ergonomic}
     bool UseCompressedClassPointers               = true                                 {lp64_product} {ergonomic}
     bool UseCompressedOops                        = true                                 {lp64_product} {ergonomic}
     bool UseG1GC                                  = true                                      {product} {ergonomic}

Logging:
Log output configuration:
 #0: stdout all=warning uptime,level,tags
 #1: stderr all=off uptime,level,tags

Environment Variables:
JAVA_HOME=/usr/lib/jvm/java-11-oracle
PATH=/home/kacper/bin:/usr/local/sbin:/usr/local/bin:/usr/sbin:/usr/bin:/sbin:/bin:/usr/games:/usr/local/games:/snap/bin:/usr/lib/jvm/java-11-oracle/bin:/usr/lib/jvm/java-11-oracle/db/bin
USERNAME=kacper
SHELL=/bin/bash
DISPLAY=:0

Signal Handlers:
SIGSEGV: [libjvm.so+0xe2adf0], sa_mask[0]=11111111011111111101111111111110, sa_flags=SA_RESTART|SA_SIGINFO
SIGBUS: [libjvm.so+0xe2adf0], sa_mask[0]=11111111011111111101111111111110, sa_flags=SA_RESTART|SA_SIGINFO
SIGFPE: [libjvm.so+0xe2adf0], sa_mask[0]=11111111011111111101111111111110, sa_flags=SA_RESTART|SA_SIGINFO
SIGPIPE: [libjvm.so+0xbff5b0], sa_mask[0]=11111111011111111101111111111110, sa_flags=SA_RESTART|SA_SIGINFO
SIGXFSZ: [libjvm.so+0xbff5b0], sa_mask[0]=11111111011111111101111111111110, sa_flags=SA_RESTART|SA_SIGINFO
SIGILL: [libjvm.so+0xe2adf0], sa_mask[0]=11111111011111111101111111111110, sa_flags=SA_RESTART|SA_SIGINFO
SIGUSR2: [libjvm.so+0xbff450], sa_mask[0]=00100000000000000000000000000000, sa_flags=SA_RESTART|SA_SIGINFO
SIGHUP: [libjvm.so+0xbff7b0], sa_mask[0]=11111111011111111101111111111110, sa_flags=SA_RESTART|SA_SIGINFO
SIGINT: [libjvm.so+0xbff7b0], sa_mask[0]=11111111011111111101111111111110, sa_flags=SA_RESTART|SA_SIGINFO
SIGTERM: [libjvm.so+0xbff7b0], sa_mask[0]=11111111011111111101111111111110, sa_flags=SA_RESTART|SA_SIGINFO
SIGQUIT: [libjvm.so+0xbff7b0], sa_mask[0]=11111111011111111101111111111110, sa_flags=SA_RESTART|SA_SIGINFO


---------------  S Y S T E M  ---------------

OS:DISTRIB_ID=Ubuntu
DISTRIB_RELEASE=18.04
DISTRIB_CODENAME=bionic
DISTRIB_DESCRIPTION="Ubuntu 18.04.1 LTS"
uname:Linux 4.15.0-45-generic #48-Ubuntu SMP Tue Jan 29 16:28:13 UTC 2019 x86_64
libc:glibc 2.27 NPTL 2.27 
rlimit: STACK 8192k, CORE 0k, NPROC 31468, NOFILE 1048576, AS infinity, DATA infinity, FSIZE infinity
load average:0,78 0,54 0,45

/proc/meminfo:
MemTotal:        8182560 kB
MemFree:         2639868 kB
MemAvailable:    3436524 kB
Buffers:           86912 kB
Cached:           946756 kB
SwapCached:        12804 kB
Active:          3042276 kB
Inactive:        1062484 kB
Active(anon):    2553064 kB
Inactive(anon):   584492 kB
Active(file):     489212 kB
Inactive(file):   477992 kB
Unevictable:         592 kB
Mlocked:             592 kB
SwapTotal:      11999228 kB
SwapFree:       11235152 kB
Dirty:               776 kB
Writeback:             0 kB
AnonPages:       3068564 kB
Mapped:           438276 kB
Shmem:             66480 kB
Slab:             208192 kB
SReclaimable:      97672 kB
SUnreclaim:       110520 kB
KernelStack:       18640 kB
PageTables:        64244 kB
NFS_Unstable:          0 kB
Bounce:                0 kB
WritebackTmp:          0 kB
CommitLimit:    16090508 kB
Committed_AS:   10649100 kB
VmallocTotal:   34359738367 kB
VmallocUsed:           0 kB
VmallocChunk:          0 kB
HardwareCorrupted:     0 kB
AnonHugePages:         0 kB
ShmemHugePages:        0 kB
ShmemPmdMapped:        0 kB
CmaTotal:              0 kB
CmaFree:               0 kB
HugePages_Total:       0
HugePages_Free:        0
HugePages_Rsvd:        0
HugePages_Surp:        0
Hugepagesize:       2048 kB
DirectMap4k:     6864352 kB
DirectMap2M:     1474560 kB
DirectMap1G:     1048576 kB


/proc/sys/kernel/threads-max (system-wide limit on the number of threads):
62937


/proc/sys/vm/max_map_count (maximum number of memory map areas a process may have):
65530


/proc/sys/kernel/pid_max (system-wide limit on number of process identifiers):
32768



container (cgroup) information:
container_type: cgroupv1
cpu_cpuset_cpus: 0-15
cpu_memory_nodes: 0
active_processor_count: 16
cpu_quota: -1
cpu_period: 100000
cpu_shares: -1
memory_limit_in_bytes: -1
memory_and_swap_limit_in_bytes: -2
memory_soft_limit_in_bytes: -1
memory_usage_in_bytes: 4202467328
memory_max_usage_in_bytes: 6730678272


CPU:total 16 (initial active 16) (16 cores per cpu, 2 threads per core) family 23 model 1 stepping 1, cmov, cx8, fxsr, mmx, sse, sse2, sse3, ssse3, sse4.1, sse4.2, popcnt, avx, avx2, aes, clmul, mmxext, 3dnowpref, lzcnt, sse4a, ht, tsc, tscinvbit, tscinv, bmi1, bmi2, adx, sha, fma
CPU Model and flags from /proc/cpuinfo:
model name	: AMD Ryzen 7 1700 Eight-Core Processor
flags		: fpu vme de pse tsc msr pae mce cx8 apic sep mtrr pge mca cmov pat pse36 clflush mmx fxsr sse sse2 ht syscall nx mmxext fxsr_opt pdpe1gb rdtscp lm constant_tsc rep_good nopl nonstop_tsc cpuid extd_apicid aperfmperf pni pclmulqdq monitor ssse3 fma cx16 sse4_1 sse4_2 movbe popcnt aes xsave avx f16c rdrand lahf_lm cmp_legacy svm extapic cr8_legacy abm sse4a misalignsse 3dnowprefetch osvw skinit wdt tce topoext perfctr_core perfctr_nb bpext perfctr_llc mwaitx cpb hw_pstate sme ssbd ibpb vmmcall fsgsbase bmi1 avx2 smep bmi2 rdseed adx smap clflushopt sha_ni xsaveopt xsavec xgetbv1 xsaves clzero irperf xsaveerptr arat npt lbrv svm_lock nrip_save tsc_scale vmcb_clean flushbyasid decodeassists pausefilter pfthreshold avic v_vmsave_vmload vgif overflow_recov succor smca

Memory: 4k page, physical 8182560k(2639868k free), swap 11999228k(11235152k free)

vm_info: Java HotSpot(TM) 64-Bit Server VM (11.0.2+7-LTS) for linux-amd64 JRE (11.0.2+7-LTS), built on Dec 11 2018 19:45:04 by "mach5one" with gcc 7.3.0

END.
